This is XeTeX, Version 3.141592653-2.6-0.999995 (MiKTeX 23.12) (preloaded format=xelatex 2024.1.18)  20 FEB 2024 18:07
entering extended mode
 restricted \write18 enabled.
 %&-line parsing enabled.
**./paper.tex
(paper.tex
LaTeX2e <2023-11-01>
L3 programming layer <2024-01-04>
(C:\Users\andre\AppData\Local\Programs\MiKTeX\tex/latex/base\article.cls
Document Class: article 2023/05/17 v1.4n Standard LaTeX document class
(C:\Users\andre\AppData\Local\Programs\MiKTeX\tex/latex/base\size10.clo
File: size10.clo 2023/05/17 v1.4n Standard LaTeX file (size option)
)
\c@part=\count183
\c@section=\count184
\c@subsection=\count185
\c@subsubsection=\count186
\c@paragraph=\count187
\c@subparagraph=\count188
\c@figure=\count189
\c@table=\count190
\abovecaptionskip=\skip48
\belowcaptionskip=\skip49
\bibindent=\dimen140
)
(C:\Users\andre\AppData\Local\Programs\MiKTeX\tex/latex/import\import.sty
Package: import 2020/04/01  v 6.2
)
(../latex/../latex/paper_packages.tex
(C:\Users\andre\AppData\Local\Programs\MiKTeX\tex/latex/geometry\geometry.sty
Package: geometry 2020/01/02 v5.9 Page Geometry

(C:\Users\andre\AppData\Local\Programs\MiKTeX\tex/latex/graphics\keyval.sty
Package: keyval 2022/05/29 v1.15 key=value parser (DPC)
\KV@toks@=\toks17
)
(C:\Users\andre\AppData\Local\Programs\MiKTeX\tex/generic/iftex\ifvtex.sty
Package: ifvtex 2019/10/25 v1.7 ifvtex legacy package. Use iftex instead.

(C:\Users\andre\AppData\Local\Programs\MiKTeX\tex/generic/iftex\iftex.sty
Package: iftex 2022/02/03 v1.0f TeX engine tests
))
\Gm@cnth=\count191
\Gm@cntv=\count192
\c@Gm@tempcnt=\count193
\Gm@bindingoffset=\dimen141
\Gm@wd@mp=\dimen142
\Gm@odd@mp=\dimen143
\Gm@even@mp=\dimen144
\Gm@layoutwidth=\dimen145
\Gm@layoutheight=\dimen146
\Gm@layouthoffset=\dimen147
\Gm@layoutvoffset=\dimen148
\Gm@dimlist=\toks18

(C:\Users\andre\AppData\Local\Programs\MiKTeX\tex/latex/geometry\geometry.cfg))
(C:\Users\andre\AppData\Local\Programs\MiKTeX\tex/latex/fancyhdr\fancyhdr.sty
Package: fancyhdr 2022/11/09 v4.1 Extensive control of page headers and footers

\f@nch@headwidth=\skip50
\f@nch@O@elh=\skip51
\f@nch@O@erh=\skip52
\f@nch@O@olh=\skip53
\f@nch@O@orh=\skip54
\f@nch@O@elf=\skip55
\f@nch@O@erf=\skip56
\f@nch@O@olf=\skip57
\f@nch@O@orf=\skip58
)
(C:\Users\andre\AppData\Local\Programs\MiKTeX\tex/latex/base\inputenc.sty
Package: inputenc 2021/02/14 v1.3d Input encoding file
\inpenc@prehook=\toks19
\inpenc@posthook=\toks20


Package inputenc Warning: inputenc package ignored with utf8 based engines.

) (C:\Users\andre\AppData\Local\Programs\MiKTeX\tex/latex/base\fontenc.sty
Package: fontenc 2021/04/29 v2.0v Standard LaTeX package
LaTeX Font Info:    Trying to load font information for T1+lmr on input line 11
2.

(C:\Users\andre\AppData\Local\Programs\MiKTeX\tex/latex/lm\t1lmr.fd
File: t1lmr.fd 2015/05/01 v1.6.1 Font defs for Latin Modern
))
(C:\Users\andre\AppData\Local\Programs\MiKTeX\tex/generic/babel\babel.sty
Package: babel 2023/12/10 v3.99 The Babel package
\babel@savecnt=\count194
\U@D=\dimen149
\l@unhyphenated=\language79

(C:\Users\andre\AppData\Local\Programs\MiKTeX\tex/generic/babel\xebabel.def)
\bbl@readstream=\read2
\bbl@dirlevel=\count195

*************************************
* Local config file bblopts.cfg used
*
(C:\Users\andre\AppData\Local\Programs\MiKTeX\tex/latex/arabi\bblopts.cfg
File: bblopts.cfg 2005/09/08 v0.1 add Arabic and Farsi to "declared" options of
 babel
)
(C:\Users\andre\AppData\Local\Programs\MiKTeX\tex/latex/babel-portuges\brazilia
n.ldf
Language: portuges 2021/07/09 v1.2t Portuguese support from the babel system
Package babel Info: Hyphen rules for 'brazilian' set to \l@portuguese
(babel)             (\language56). Reported on input line 111.
Package babel Info: Making " an active character on input line 143.
)
(C:\Users\andre\AppData\Local\Programs\MiKTeX\tex/latex/babel-english\english.l
df
Language: english 2017/06/06 v3.3r English support from the babel system
Package babel Info: Hyphen rules for 'canadian' set to \l@english
(babel)             (\language0). Reported on input line 102.
Package babel Info: Hyphen rules for 'australian' set to \l@ukenglish
(babel)             (\language73). Reported on input line 105.
Package babel Info: Hyphen rules for 'newzealand' set to \l@ukenglish
(babel)             (\language73). Reported on input line 108.
))
(C:\Users\andre\AppData\Local\Programs\MiKTeX\tex/generic/babel/locale/en\babel
-english.tex
Package babel Info: Importing font and identification data for english
(babel)             from babel-en.ini. Reported on input line 11.
)
(C:\Users\andre\AppData\Local\Programs\MiKTeX\tex/generic/babel/locale/pt\babel
-brazilian.tex
Package babel Info: Importing font and identification data for brazilian
(babel)             from babel-pt-BR.ini. Reported on input line 11.
)
(C:\Users\andre\AppData\Local\Programs\MiKTeX\tex/latex/psnfss\mathpazo.sty
Package: mathpazo 2020/03/25 PSNFSS-v9.3 Palatino w/ Pazo Math (D.Puga, WaS) 
\symupright=\mathgroup4
)
(C:\Users\andre\AppData\Local\Programs\MiKTeX\tex/latex/sectsty\sectsty.sty
Package: sectsty 2002/02/25 v2.0.2 Commands to change all sectional heading sty
les


LaTeX Warning: Command \underbar  has changed.
               Check if current package is valid.


LaTeX Warning: Command \underline  has changed.
               Check if current package is valid.

) (C:\Users\andre\AppData\Local\Programs\MiKTeX\tex/latex/setspace\setspace.sty
Package: setspace 2022/12/04 v6.7b set line spacing
) (C:\Users\andre\AppData\Local\Programs\MiKTeX\tex/latex/tools\indentfirst.sty
Package: indentfirst 2023/07/02 v1.03 Indent first paragraph (DPC)
)
(C:\Users\andre\AppData\Local\Programs\MiKTeX\tex/latex/changepage\changepage.s
ty
Package: changepage 2009/10/20 v1.0c check page and change page layout
\c@cp@cntr=\count196
\cp@tempcnt=\count197
)
(C:\Users\andre\AppData\Local\Programs\MiKTeX\tex/latex/ragged2e\ragged2e.sty
Package: ragged2e 2023/06/22 v3.6 ragged2e Package
\CenteringLeftskip=\skip59
\RaggedLeftLeftskip=\skip60
\RaggedRightLeftskip=\skip61
\CenteringRightskip=\skip62
\RaggedLeftRightskip=\skip63
\RaggedRightRightskip=\skip64
\CenteringParfillskip=\skip65
\RaggedLeftParfillskip=\skip66
\RaggedRightParfillskip=\skip67
\JustifyingParfillskip=\skip68
\CenteringParindent=\skip69
\RaggedLeftParindent=\skip70
\RaggedRightParindent=\skip71
\JustifyingParindent=\skip72
)
(C:\Users\andre\AppData\Local\Programs\MiKTeX\tex/latex/footmisc\footmisc.sty
Package: footmisc 2023/07/05 v6.0f a miscellany of footnote facilities
\FN@temptoken=\toks21
\footnotemargin=\dimen150
\@outputbox@depth=\dimen151
Package footmisc Info: Declaring symbol style bringhurst on input line 696.
Package footmisc Info: Declaring symbol style chicago on input line 704.
Package footmisc Info: Declaring symbol style wiley on input line 713.
Package footmisc Info: Declaring symbol style lamport-robust on input line 724.

Package footmisc Info: Declaring symbol style lamport* on input line 744.
Package footmisc Info: Declaring symbol style lamport*-robust on input line 765
.
)
(C:\Users\andre\AppData\Local\Programs\MiKTeX\tex/latex/tocloft\tocloft.sty
Package: tocloft 2017/08/31 v2.3i parameterised ToC, etc., typesetting
Package tocloft Info: The document has section divisions on input line 51.
\cftparskip=\skip73
\cftbeforetoctitleskip=\skip74
\cftaftertoctitleskip=\skip75
\cftbeforepartskip=\skip76
\cftpartnumwidth=\skip77
\cftpartindent=\skip78
\cftbeforesecskip=\skip79
\cftsecindent=\skip80
\cftsecnumwidth=\skip81
\cftbeforesubsecskip=\skip82
\cftsubsecindent=\skip83
\cftsubsecnumwidth=\skip84
\cftbeforesubsubsecskip=\skip85
\cftsubsubsecindent=\skip86
\cftsubsubsecnumwidth=\skip87
\cftbeforeparaskip=\skip88
\cftparaindent=\skip89
\cftparanumwidth=\skip90
\cftbeforesubparaskip=\skip91
\cftsubparaindent=\skip92
\cftsubparanumwidth=\skip93
\cftbeforeloftitleskip=\skip94
\cftafterloftitleskip=\skip95
\cftbeforefigskip=\skip96
\cftfigindent=\skip97
\cftfignumwidth=\skip98
\c@lofdepth=\count198
\c@lotdepth=\count199
\cftbeforelottitleskip=\skip99
\cftafterlottitleskip=\skip100
\cftbeforetabskip=\skip101
\cfttabindent=\skip102
\cfttabnumwidth=\skip103
)
(C:\Users\andre\AppData\Local\Programs\MiKTeX\tex/latex/etoolbox\etoolbox.sty
Package: etoolbox 2020/10/05 v2.5k e-TeX tools for LaTeX (JAW)
\etb@tempcnta=\count266
)
(C:\Users\andre\AppData\Local\Programs\MiKTeX\tex/latex/etoc\etoc.sty
Package: etoc 2023/10/29 v1.2d Completely customisable TOCs (JFB)

(C:\Users\andre\AppData\Local\Programs\MiKTeX\tex/latex/kvoptions\kvoptions.sty
Package: kvoptions 2022-06-15 v3.15 Key value format for package options (HO)
(C:\Users\andre\AppData\Local\Programs\MiKTeX\tex/generic/ltxcmds\ltxcmds.sty
Package: ltxcmds 2023-12-04 v1.26 LaTeX kernel commands for general use (HO)
)
(C:\Users\andre\AppData\Local\Programs\MiKTeX\tex/latex/kvsetkeys\kvsetkeys.sty
Package: kvsetkeys 2022-10-05 v1.19 Key value parser (HO)
)) (C:\Users\andre\AppData\Local\Programs\MiKTeX\tex/latex/tools\multicol.sty
Package: multicol 2023/03/30 v1.9f multicolumn formatting (FMi)
\c@tracingmulticols=\count267
\mult@box=\box51
\multicol@leftmargin=\dimen152
\c@unbalance=\count268
\c@collectmore=\count269
\doublecol@number=\count270
\multicoltolerance=\count271
\multicolpretolerance=\count272
\full@width=\dimen153
\page@free=\dimen154
\premulticols=\dimen155
\postmulticols=\dimen156
\multicolsep=\skip104
\multicolbaselineskip=\skip105
\partial@page=\box52
\last@line=\box53
\mc@boxedresult=\box54
\maxbalancingoverflow=\dimen157
\mult@rightbox=\box55
\mult@grightbox=\box56
\mult@firstbox=\box57
\mult@gfirstbox=\box58
\@tempa=\box59
\@tempa=\box60
\@tempa=\box61
\@tempa=\box62
\@tempa=\box63
\@tempa=\box64
\@tempa=\box65
\@tempa=\box66
\@tempa=\box67
\@tempa=\box68
\@tempa=\box69
\@tempa=\box70
\@tempa=\box71
\@tempa=\box72
\@tempa=\box73
\@tempa=\box74
\@tempa=\box75
\@tempa=\box76
\@tempa=\box77
\@tempa=\box78
\@tempa=\box79
\@tempa=\box80
\@tempa=\box81
\@tempa=\box82
\@tempa=\box83
\@tempa=\box84
\@tempa=\box85
\@tempa=\box86
\@tempa=\box87
\@tempa=\box88
\@tempa=\box89
\@tempa=\box90
\@tempa=\box91
\@tempa=\box92
\@tempa=\box93
\@tempa=\box94
\c@minrows=\count273
\c@columnbadness=\count274
\c@finalcolumnbadness=\count275
\last@try=\dimen158
\multicolovershoot=\dimen159
\multicolundershoot=\dimen160
\mult@nat@firstbox=\box95
\colbreak@box=\box96
\mc@col@check@num=\count276
)
\Etoc@toctoks=\toks22
\c@etoc@tocid=\count277
\etoc@framed@titlebox=\box97
\etoc@framed@contentsbox=\box98
) (C:\Users\andre\AppData\Local\Programs\MiKTeX\tex/latex/enumitem\enumitem.sty
Package: enumitem 2019/06/20 v3.9 Customized lists
\labelindent=\skip106
\enit@outerparindent=\dimen161
\enit@toks=\toks23
\enit@inbox=\box99
\enit@count@id=\count278
\enitdp@description=\count279
) (C:\Users\andre\AppData\Local\Programs\MiKTeX\tex/latex/xcolor\xcolor.sty
Package: xcolor 2023/11/15 v3.01 LaTeX color extensions (UK)

(C:\Users\andre\AppData\Local\Programs\MiKTeX\tex/latex/graphics-cfg\color.cfg
File: color.cfg 2016/01/02 v1.6 sample color configuration
)
Package xcolor Info: Driver file: xetex.def on input line 274.
(C:\Users\andre\AppData\Local\Programs\MiKTeX\tex/latex/graphics-def\xetex.def
File: xetex.def 2022/09/22 v5.0n Graphics/color driver for xetex
) (C:\Users\andre\AppData\Local\Programs\MiKTeX\tex/latex/graphics\mathcolor.lt
x)
Package xcolor Info: Model `cmy' substituted by `cmy0' on input line 1350.
Package xcolor Info: Model `RGB' extended on input line 1366.
Package xcolor Info: Model `HTML' substituted by `rgb' on input line 1368.
Package xcolor Info: Model `Hsb' substituted by `hsb' on input line 1369.
Package xcolor Info: Model `tHsb' substituted by `hsb' on input line 1370.
Package xcolor Info: Model `HSB' substituted by `hsb' on input line 1371.
Package xcolor Info: Model `Gray' substituted by `gray' on input line 1372.
Package xcolor Info: Model `wave' substituted by `hsb' on input line 1373.
)
(C:\Users\andre\AppData\Local\Programs\MiKTeX\tex/latex/graphics\dvipsnam.def
File: dvipsnam.def 2016/06/17 v3.0m Driver-dependent file (DPC,SPQR)
)
(C:\Users\andre\AppData\Local\Programs\MiKTeX\tex/latex/caption\caption.sty
Package: caption 2023/08/05 v3.6o Customizing captions (AR)

(C:\Users\andre\AppData\Local\Programs\MiKTeX\tex/latex/caption\caption3.sty
Package: caption3 2023/07/31 v2.4d caption3 kernel (AR)
\caption@tempdima=\dimen162
\captionmargin=\dimen163
\caption@leftmargin=\dimen164
\caption@rightmargin=\dimen165
\caption@width=\dimen166
\caption@indent=\dimen167
\caption@parindent=\dimen168
\caption@hangindent=\dimen169
Package caption Info: Standard document class detected.
)
\c@caption@flags=\count280
\c@continuedfloat=\count281
Package caption Info: changepage package is loaded.
\caption@adjustwidth@hsize=\dimen170
\caption@adjustwidth@linewidth=\dimen171
)
(C:\Users\andre\AppData\Local\Programs\MiKTeX\tex/latex/caption\subcaption.sty
Package: subcaption 2023/07/28 v1.6b Sub-captions (AR)
Package caption Info: New subtype `subfigure' on input line 238.
\c@subfigure=\count282
Package caption Info: New subtype `subtable' on input line 238.
\c@subtable=\count283
) (C:\Users\andre\AppData\Local\Programs\MiKTeX\tex/latex/csquotes\csquotes.sty
Package: csquotes 2022-09-14 v5.2n context-sensitive quotations (JAW)
\csq@reset=\count284
\csq@gtype=\count285
\csq@glevel=\count286
\csq@qlevel=\count287
\csq@maxlvl=\count288
\csq@tshold=\count289
\csq@ltx@everypar=\toks24

(C:\Users\andre\AppData\Local\Programs\MiKTeX\tex/latex/csquotes\csquotes.def
File: csquotes.def 2022-09-14 v5.2n csquotes generic definitions (JAW)
)
Package csquotes Info: Trying to load configuration file 'csquotes.cfg'...
Package csquotes Info: ... configuration file loaded successfully.

(C:\Users\andre\AppData\Local\Programs\MiKTeX\tex/latex/csquotes\csquotes.cfg
File: csquotes.cfg 
))
(C:\Users\andre\AppData\Local\Programs\MiKTeX\tex/latex/tabularray\tabularray.s
ty (C:\Users\andre\AppData\Local\Programs\MiKTeX\tex/latex/l3kernel\expl3.sty
Package: expl3 2024-01-04 L3 programming layer (loader) 

(C:\Users\andre\AppData\Local\Programs\MiKTeX\tex/latex/l3backend\l3backend-xet
ex.def
File: l3backend-xetex.def 2024-01-04 L3 backend support: XeTeX
\g__graphics_track_int=\count290
\l__pdf_internal_box=\box100
\g__pdf_backend_object_int=\count291
\g__pdf_backend_annotation_int=\count292
\g__pdf_backend_link_int=\count293
))
Package: tabularray 2023-03-01 v2023A Typeset tabulars and arrays with LaTeX3
\l__tblr_a_int=\count294
\l__tblr_c_int=\count295
\l__tblr_r_int=\count296
\l__tblr_d_dim=\dimen172
\l__tblr_h_dim=\dimen173
\l__tblr_o_dim=\dimen174
\l__tblr_p_dim=\dimen175
\l__tblr_q_dim=\dimen176
\l__tblr_r_dim=\dimen177
\l__tblr_s_dim=\dimen178
\l__tblr_t_dim=\dimen179
\l__tblr_v_dim=\dimen180
\l__tblr_w_dim=\dimen181
\l__tblr_a_box=\box101
\l__tblr_b_box=\box102
\l__tblr_c_box=\box103
\l__tblr_d_box=\box104
\g__tblr_table_count_int=\count297
\c@rownum=\count298
\c@colnum=\count299
\c@rowcount=\count300
\c@colcount=\count301
\abovesep=\dimen182
\belowsep=\dimen183
\leftsep=\dimen184
\rightsep=\dimen185
\g_tblr_level_int=\count302
\g__tblr_data_row_key_count_int=\count303
\g__tblr_data_column_key_count_int=\count304
\g__tblr_data_cell_key_count_int=\count305
\g__tblr_array_int=\count306
\l__tblr_key_count_int=\count307
\l__tblr_key_quotient_int=\count308
\l__tblr_key_quotient_two_int=\count309
\l__tblr_key_remainder_int=\count310
\g__tblr_data_str_value_count_int=\count311
\rulewidth=\dimen186
\l__tblr_strut_dp_dim=\dimen187
\l__tblr_strut_ht_dim=\dimen188
\g__tblr_cell_wd_dim=\dimen189
\g__tblr_cell_ht_dim=\dimen190
\g__tblr_cell_head_dim=\dimen191
\g__tblr_cell_foot_dim=\dimen192
\l__column_target_dim=\dimen193
\l__tblr_caption_box=\box105
\l__tblr_caption_left_box=\box106
\l__tblr_row_head_box=\box107
\l__tblr_row_foot_box=\box108
\l__tblr_row_head_foot_dim=\dimen194
\tablewidth=\dimen195
\l__tblr_table_firsthead_box=\box109
\l__tblr_table_middlehead_box=\box110
\l__tblr_table_lasthead_box=\box111
\l__tblr_table_firstfoot_box=\box112
\l__tblr_table_middlefoot_box=\box113
\l__tblr_table_lastfoot_box=\box114
\l__tblr_remain_height_dim=\dimen196
\l__tblr_long_from_int=\count312
\l__tblr_long_to_int=\count313
\l__tblr_curr_i_int=\count314
\l__tblr_prev_i_int=\count315
\l__tblr_table_page_int=\count316
\l__tblr_table_head_box=\box115
\l__tblr_table_foot_box=\box116
\l__tblr_table_head_foot_dim=\dimen197
\l__tblr_table_head_body_foot_dim=\dimen198
\l__tblr_table_box=\box117
\l__tblr_table_hlines_box=\box118
\l__tblr_hline_box=\box119
\l__tblr_row_box=\box120
\l__tblr_col_o_wd_dim=\dimen199
\l__tblr_col_b_wd_dim=\dimen256
\l__tblr_hline_leftskip_dim=\dimen257
\l__tblr_hline_rightskip_dim=\dimen258
\l__tblr_row_ht_dim=\dimen259
\l__tblr_row_dp_dim=\dimen260
\l__tblr_row_abovesep_dim=\dimen261
\l__tblr_row_belowsep_dim=\dimen262
\l__tblr_row_vlines_box=\box121
\l__tblr_vline_box=\box122
\l__tblr_cell_box=\box123
\l__row_upper_dim=\dimen263
\l__row_lower_dim=\dimen264
\l__row_vpace_dim=\dimen265
\l__tblr_vline_aboveskip_dim=\dimen266
\l__tblr_vline_belowskip_dim=\dimen267
\l__tblr_cell_wd_dim=\dimen268
\l__tblr_cell_ht_dim=\dimen269
\l__tblr_diag_box=\box124
)
(C:\Users\andre\AppData\Local\Programs\MiKTeX\tex/latex/booktabs\booktabs.sty
Package: booktabs 2020/01/12 v1.61803398 Publication quality tables
\heavyrulewidth=\dimen270
\lightrulewidth=\dimen271
\cmidrulewidth=\dimen272
\belowrulesep=\dimen273
\belowbottomsep=\dimen274
\aboverulesep=\dimen275
\abovetopsep=\dimen276
\cmidrulesep=\dimen277
\cmidrulekern=\dimen278
\defaultaddspace=\dimen279
\@cmidla=\count317
\@cmidlb=\count318
\@aboverulesep=\dimen280
\@belowrulesep=\dimen281
\@thisruleclass=\count319
\@lastruleclass=\count320
\@thisrulewidth=\dimen282
)
(C:\Users\andre\AppData\Local\Programs\MiKTeX\tex/latex/makecell\makecell.sty
Package: makecell 2009/08/03 V0.1e Managing of Tab Column Heads and Cells

(C:\Users\andre\AppData\Local\Programs\MiKTeX\tex/latex/tools\array.sty
Package: array 2023/10/16 v2.5g Tabular extension package (FMi)
\col@sep=\dimen283
\ar@mcellbox=\box125
\extrarowheight=\dimen284
\NC@list=\toks25
\extratabsurround=\skip107
\backup@length=\skip108
\ar@cellbox=\box126
)
\rotheadsize=\dimen285
\c@nlinenum=\count321
\TeXr@lab=\toks26
)
(C:\Users\andre\AppData\Local\Programs\MiKTeX\tex/latex/multirow\multirow.sty
Package: multirow 2021/03/15 v2.8 Span multiple rows of a table
\multirow@colwidth=\skip109
\multirow@cntb=\count322
\multirow@dima=\skip110
\bigstrutjot=\dimen286
)
(C:\Users\andre\AppData\Local\Programs\MiKTeX\tex/latex/tools\longtable.sty
Package: longtable 2023-11-01 v4.19 Multi-page Table package (DPC)
\LTleft=\skip111
\LTright=\skip112
\LTpre=\skip113
\LTpost=\skip114
\LTchunksize=\count323
\LTcapwidth=\dimen287
\LT@head=\box127
\LT@firsthead=\box128
\LT@foot=\box129
\LT@lastfoot=\box130
\LT@gbox=\box131
\LT@cols=\count324
\LT@rows=\count325
\c@LT@tables=\count326
\c@LT@chunks=\count327
\LT@p@ftn=\toks27
)
(C:\Users\andre\AppData\Local\Programs\MiKTeX\tex/latex/lipsum\lipsum.sty
(C:\Users\andre\AppData\Local\Programs\MiKTeX\tex/latex/l3packages/l3keys2e\l3k
eys2e.sty
Package: l3keys2e 2023-10-10 LaTeX2e option processing using LaTeX3 keys
)
Package: lipsum 2021-09-20 v2.7 150 paragraphs of Lorem Ipsum dummy text
\g__lipsum_par_int=\count328
\l__lipsum_a_int=\count329
\l__lipsum_b_int=\count330

(C:\Users\andre\AppData\Local\Programs\MiKTeX\tex/latex/lipsum\lipsum.ltd.tex))
(C:\Users\andre\AppData\Local\Programs\MiKTeX\tex/latex/amsmath\amsmath.sty
Package: amsmath 2023/05/13 v2.17o AMS math features
\@mathmargin=\skip115

For additional information on amsmath, use the `?' option.
(C:\Users\andre\AppData\Local\Programs\MiKTeX\tex/latex/amsmath\amstext.sty
Package: amstext 2021/08/26 v2.01 AMS text

(C:\Users\andre\AppData\Local\Programs\MiKTeX\tex/latex/amsmath\amsgen.sty
File: amsgen.sty 1999/11/30 v2.0 generic functions
\@emptytoks=\toks28
\ex@=\dimen288
))
(C:\Users\andre\AppData\Local\Programs\MiKTeX\tex/latex/amsmath\amsbsy.sty
Package: amsbsy 1999/11/29 v1.2d Bold Symbols
\pmbraise@=\dimen289
)
(C:\Users\andre\AppData\Local\Programs\MiKTeX\tex/latex/amsmath\amsopn.sty
Package: amsopn 2022/04/08 v2.04 operator names
)
\inf@bad=\count331
LaTeX Info: Redefining \frac on input line 234.
\uproot@=\count332
\leftroot@=\count333
LaTeX Info: Redefining \overline on input line 399.
LaTeX Info: Redefining \colon on input line 410.
\classnum@=\count334
\DOTSCASE@=\count335
LaTeX Info: Redefining \ldots on input line 496.
LaTeX Info: Redefining \dots on input line 499.
LaTeX Info: Redefining \cdots on input line 620.
\Mathstrutbox@=\box132
\strutbox@=\box133
LaTeX Info: Redefining \big on input line 722.
LaTeX Info: Redefining \Big on input line 723.
LaTeX Info: Redefining \bigg on input line 724.
LaTeX Info: Redefining \Bigg on input line 725.
\big@size=\dimen290
LaTeX Font Info:    Redeclaring font encoding OML on input line 743.
LaTeX Font Info:    Redeclaring font encoding OMS on input line 744.
\macc@depth=\count336
LaTeX Info: Redefining \bmod on input line 905.
LaTeX Info: Redefining \pmod on input line 910.
LaTeX Info: Redefining \smash on input line 940.
LaTeX Info: Redefining \relbar on input line 970.
LaTeX Info: Redefining \Relbar on input line 971.
\c@MaxMatrixCols=\count337
\dotsspace@=\muskip16
\c@parentequation=\count338
\dspbrk@lvl=\count339
\tag@help=\toks29
\row@=\count340
\column@=\count341
\maxfields@=\count342
\andhelp@=\toks30
\eqnshift@=\dimen291
\alignsep@=\dimen292
\tagshift@=\dimen293
\tagwidth@=\dimen294
\totwidth@=\dimen295
\lineht@=\dimen296
\@envbody=\toks31
\multlinegap=\skip116
\multlinetaggap=\skip117
\mathdisplay@stack=\toks32
LaTeX Info: Redefining \[ on input line 2953.
LaTeX Info: Redefining \] on input line 2954.
)
(C:\Users\andre\AppData\Local\Programs\MiKTeX\tex/latex/mathtools\empheq.sty
Package: empheq 2017/03/31 v2.15 Emphasizing equations

(C:\Users\andre\AppData\Local\Programs\MiKTeX\tex/latex/mathtools\mhsetup.sty
Package: mhsetup 2021/03/18 v1.4 programming setup (MH)
)
(C:\Users\andre\AppData\Local\Programs\MiKTeX\tex/latex/mathtools\mathtools.sty
Package: mathtools 2022/06/29 v1.29 mathematical typesetting tools
(C:\Users\andre\AppData\Local\Programs\MiKTeX\tex/latex/tools\calc.sty
Package: calc 2023/07/08 v4.3 Infix arithmetic (KKT,FJ)
\calc@Acount=\count343
\calc@Bcount=\count344
\calc@Adimen=\dimen297
\calc@Bdimen=\dimen298
\calc@Askip=\skip118
\calc@Bskip=\skip119
LaTeX Info: Redefining \setlength on input line 80.
LaTeX Info: Redefining \addtolength on input line 81.
\calc@Ccount=\count345
\calc@Cskip=\skip120
)
\g_MT_multlinerow_int=\count346
\l_MT_multwidth_dim=\dimen299
\origjot=\skip121
\l_MT_shortvdotswithinadjustabove_dim=\dimen300
\l_MT_shortvdotswithinadjustbelow_dim=\dimen301
\l_MT_above_intertext_sep=\dimen302
\l_MT_below_intertext_sep=\dimen303
\l_MT_above_shortintertext_sep=\dimen304
\l_MT_below_shortintertext_sep=\dimen305
\xmathstrut@box=\box134
\xmathstrut@dim=\dimen306
)
\l_EQ_equationtype_int=\count347
\l_EQ_alignmentmode_int=\count348
\l_EQ_totalwidth_dim=\dimen307
\l_EQ_displaywidth_dim=\dimen308
\l_EQ_temp_linewidth_dim=\dimen309
\l_EQ_linewidth_dim=\dimen310
\EmphEqdelimitershortfall=\dimen311
\EmphEqdelimiterfactor=\count349
\g_EQ_toptag_height_dim=\dimen312
\g_EQ_bottomtag_depth_dim=\dimen313
\g_EQ_toprow_height_dim=\dimen314
\g_EQ_bottomrow_depth_dim=\dimen315
\g_EQ_widesttag_dim=\dimen316
\EQ_mathdisplay_box=\box135
\EQ_tag_box=\box136
\g_EQ_temprow_int=\count350
)
(C:\Users\andre\AppData\Local\Programs\MiKTeX\tex/latex/amsfonts\amssymb.sty
Package: amssymb 2013/01/14 v3.01 AMS font symbols

(C:\Users\andre\AppData\Local\Programs\MiKTeX\tex/latex/amsfonts\amsfonts.sty
Package: amsfonts 2013/01/14 v3.01 Basic AMSFonts support
\symAMSa=\mathgroup5
\symAMSb=\mathgroup6
LaTeX Font Info:    Redeclaring math symbol \hbar on input line 98.
LaTeX Font Info:    Overwriting math alphabet `\mathfrak' in version `bold'
(Font)                  U/euf/m/n --> U/euf/b/n on input line 106.
))
(C:\Users\andre\AppData\Local\Programs\MiKTeX\tex/latex/mathalpha\mathalpha.sty
Package: mathalpha 2021/11/18 - 1.143mathalpha (License LPPL) Michael Sharpe
`mathalpha' v1.143, 2021/11/18, a renaming of mathalfa (msharpe)
(C:\Users\andre\AppData\Local\Programs\MiKTeX\tex/latex/xkeyval\xkeyval.sty
Package: xkeyval 2022/06/16 v2.9 package option processing (HA)

(C:\Users\andre\AppData\Local\Programs\MiKTeX\tex/generic/xkeyval\xkeyval.tex
(C:\Users\andre\AppData\Local\Programs\MiKTeX\tex/generic/xkeyval\xkvutils.tex
\XKV@toks=\toks33
\XKV@tempa@toks=\toks34
)
\XKV@depth=\count351
File: xkeyval.tex 2014/12/03 v2.7a key=value parser (HA)
)) (C:\Users\andre\AppData\Local\Programs\MiKTeX\tex/latex/bboldx\bboldx.sty
Package: bboldx 2021/10/29 v1.031 (Michael Sharpe) Symbol package extending Bbo
ld
LaTeX Font Info:    Overwriting math alphabet `\mathbb' in version `bold'
(Font)                  U/bboldx/m/n --> U/bboldx/b/n on input line 97.
)
LaTeX Font Info:    Redeclaring math alphabet \mathcal on input line 554.
LaTeX Font Info:    Overwriting math alphabet `\mathcal' in version `bold'
(Font)                  U/BOONDOX-calo/m/n --> U/BOONDOX-calo/b/n on input line
 556.
LaTeX Font Info:    Overwriting math alphabet `\mathfrak' in version `bold'
(Font)                  U/euf/b/n --> U/euf/b/n on input line 716.
LaTeX Font Info:    Overwriting math alphabet `\mathfrak' in version `bold'
(Font)                  U/euf/m/n --> U/euf/b/n on input line 716.
LaTeX Font Info:    Overwriting math alphabet `\mathscr' in version `bold'
(Font)                  U/cmsy/m/n --> U/cmsy/b/n on input line 823.
)
(C:\Users\andre\AppData\Local\Programs\MiKTeX\tex/latex/tools\bm.sty
Package: bm 2023/07/08 v1.2f Bold Symbol Support (DPC/FMi)
\symboldoperators=\mathgroup7
\symboldletters=\mathgroup8
\symboldsymbols=\mathgroup9
Package bm Info: No bold for \OMX/zplm/m/n, using \pmb.
\symboldupright=\mathgroup10
Package bm Info: No bold for \U/msa/m/n, using \pmb.
Package bm Info: No bold for \U/msb/m/n, using \pmb.
LaTeX Font Info:    Redeclaring math alphabet \mathbf on input line 149.
)
(C:\Users\andre\AppData\Local\Programs\MiKTeX\tex/latex/tools\verbatim.sty
Package: verbatim 2023-11-06 v1.5v LaTeX2e package for verbatim enhancements
\every@verbatim=\toks35
\verbatim@line=\toks36
\verbatim@in@stream=\read3
)
(C:\Users\andre\AppData\Local\Programs\MiKTeX\tex/latex/spverbatim\spverbatim.s
ty
Package: spverbatim 2009/08/10 v1.0 Verbatim with breakable spaces
) (C:\Users\andre\AppData\Local\Programs\MiKTeX\tex/latex/cancel\cancel.sty
Package: cancel 2013/04/12 v2.2 Cancel math terms
)
(C:\Users\andre\AppData\Local\Programs\MiKTeX\tex/latex/l3packages/xfrac\xfrac.
sty
(C:\Users\andre\AppData\Local\Programs\MiKTeX\tex/latex/graphics\graphicx.sty
Package: graphicx 2021/09/16 v1.2d Enhanced LaTeX Graphics (DPC,SPQR)

(C:\Users\andre\AppData\Local\Programs\MiKTeX\tex/latex/graphics\graphics.sty
Package: graphics 2022/03/10 v1.4e Standard LaTeX Graphics (DPC,SPQR)

(C:\Users\andre\AppData\Local\Programs\MiKTeX\tex/latex/graphics\trig.sty
Package: trig 2021/08/11 v1.11 sin cos tan (DPC)
)
(C:\Users\andre\AppData\Local\Programs\MiKTeX\tex/latex/graphics-cfg\graphics.c
fg
File: graphics.cfg 2016/06/04 v1.11 sample graphics configuration
)
Package graphics Info: Driver file: xetex.def on input line 107.
)
\Gin@req@height=\dimen317
\Gin@req@width=\dimen318
) (C:\Users\andre\AppData\Local\Programs\MiKTeX\tex/latex/base\textcomp.sty
Package: textcomp 2020/02/02 v2.0n Standard LaTeX package
)
(C:\Users\andre\AppData\Local\Programs\MiKTeX\tex/latex/l3packages/xparse\xpars
e.sty
Package: xparse 2023-10-10 L3 Experimental document command parser
)
(C:\Users\andre\AppData\Local\Programs\MiKTeX\tex/latex/l3packages/xtemplate\xt
emplate.sty
Package: xtemplate 2023-10-10 L3 Experimental prototype document functions
\l__xtemplate_tmp_dim=\dimen319
\l__xtemplate_tmp_int=\count352
\l__xtemplate_tmp_muskip=\muskip17
\l__xtemplate_tmp_skip=\skip122
)
Package: xfrac 2023-10-10 L3 Experimental split-level fractions
\l__xfrac_slash_box=\box137
\l__xfrac_tmp_box=\box138
\l__xfrac_denominator_bot_sep_dim=\dimen320
\l__xfrac_numerator_bot_sep_dim=\dimen321
\l__xfrac_numerator_top_sep_dim=\dimen322
\l__xfrac_slash_left_sep_dim=\dimen323
\l__xfrac_slash_right_sep_dim=\dimen324
\l__xfrac_slash_left_muskip=\muskip18
\l__xfrac_slash_right_muskip=\muskip19

Package xtemplate Info: Declaring object type 'xfrac' taking 3 argument(s) on
(xtemplate)             line 80.

)
(C:\Users\andre\AppData\Local\Programs\MiKTeX\tex/latex/amscls\amsthm.sty
Package: amsthm 2020/05/29 v2.20.6
\thm@style=\toks37
\thm@bodyfont=\toks38
\thm@headfont=\toks39
\thm@notefont=\toks40
\thm@headpunct=\toks41
\thm@preskip=\skip123
\thm@postskip=\skip124
\thm@headsep=\skip125
\dth@everypar=\toks42
)
\c@definition=\count353
\c@theorem=\count354
\c@lemma=\count355
\c@corollary=\count356

(C:\Users\andre\AppData\Local\Programs\MiKTeX\tex/latex/psnfss\pifont.sty
Package: pifont 2020/03/25 PSNFSS-v9.3 Pi font support (SPQR) 
LaTeX Font Info:    Trying to load font information for U+pzd on input line 63.


(C:\Users\andre\AppData\Local\Programs\MiKTeX\tex/latex/psnfss\upzd.fd
File: upzd.fd 2001/06/04 font definitions for U/pzd.
)
LaTeX Font Info:    Trying to load font information for U+psy on input line 64.


(C:\Users\andre\AppData\Local\Programs\MiKTeX\tex/latex/psnfss\upsy.fd
File: upsy.fd 2001/06/04 font definitions for U/psy.
))
(C:\Users\andre\AppData\Local\Programs\MiKTeX\tex/latex/imakeidx\imakeidx.sty
Package: imakeidx 2016/10/15 v1.3e Package for typesetting indices in a synchro
nous mode

(C:\Users\andre\AppData\Local\Programs\MiKTeX\tex/generic/iftex\ifxetex.sty
Package: ifxetex 2019/10/25 v0.7 ifxetex legacy package. Use iftex instead.
)
(C:\Users\andre\AppData\Local\Programs\MiKTeX\tex/generic/iftex\ifluatex.sty
Package: ifluatex 2019/10/25 v1.5 ifluatex legacy package. Use iftex instead.
))
\paper@idxfile=\write3
\openout3 = `paper.idx'.


Writing index file paper.idx
(C:\Users\andre\AppData\Local\Programs\MiKTeX\tex/latex/hyperref\hyperref.sty
Package: hyperref 2023-11-26 v7.01g Hypertext links for LaTeX

(C:\Users\andre\AppData\Local\Programs\MiKTeX\tex/generic/infwarerr\infwarerr.s
ty
Package: infwarerr 2019/12/03 v1.5 Providing info/warning/error messages (HO)
)
(C:\Users\andre\AppData\Local\Programs\MiKTeX\tex/generic/kvdefinekeys\kvdefine
keys.sty
Package: kvdefinekeys 2019-12-19 v1.6 Define keys (HO)
)
(C:\Users\andre\AppData\Local\Programs\MiKTeX\tex/generic/pdfescape\pdfescape.s
ty
Package: pdfescape 2019/12/09 v1.15 Implements pdfTeX's escape features (HO)

(C:\Users\andre\AppData\Local\Programs\MiKTeX\tex/generic/pdftexcmds\pdftexcmds
.sty
Package: pdftexcmds 2020-06-27 v0.33 Utility functions of pdfTeX for LuaTeX (HO
)
Package pdftexcmds Info: \pdf@primitive is available.
Package pdftexcmds Info: \pdf@ifprimitive is available.
Package pdftexcmds Info: \pdfdraftmode not found.
))
(C:\Users\andre\AppData\Local\Programs\MiKTeX\tex/latex/hycolor\hycolor.sty
Package: hycolor 2020-01-27 v1.10 Color options for hyperref/bookmark (HO)
)
(C:\Users\andre\AppData\Local\Programs\MiKTeX\tex/latex/letltxmacro\letltxmacro
.sty
Package: letltxmacro 2019/12/03 v1.6 Let assignment for LaTeX macros (HO)
)
(C:\Users\andre\AppData\Local\Programs\MiKTeX\tex/latex/auxhook\auxhook.sty
Package: auxhook 2019-12-17 v1.6 Hooks for auxiliary files (HO)
)
(C:\Users\andre\AppData\Local\Programs\MiKTeX\tex/latex/hyperref\nameref.sty
Package: nameref 2023-11-26 v2.56 Cross-referencing by name of section

(C:\Users\andre\AppData\Local\Programs\MiKTeX\tex/latex/refcount\refcount.sty
Package: refcount 2019/12/15 v3.6 Data extraction from label references (HO)
)
(C:\Users\andre\AppData\Local\Programs\MiKTeX\tex/generic/gettitlestring\gettit
lestring.sty
Package: gettitlestring 2019/12/15 v1.6 Cleanup title references (HO)
)
\c@section@level=\count357
)
\@linkdim=\dimen325
\Hy@linkcounter=\count358
\Hy@pagecounter=\count359

(C:\Users\andre\AppData\Local\Programs\MiKTeX\tex/latex/hyperref\pd1enc.def
File: pd1enc.def 2023-11-26 v7.01g Hyperref: PDFDocEncoding definition (HO)
)
(C:\Users\andre\AppData\Local\Programs\MiKTeX\tex/generic/intcalc\intcalc.sty
Package: intcalc 2019/12/15 v1.3 Expandable calculations with integers (HO)
)
\Hy@SavedSpaceFactor=\count360

(C:\Users\andre\AppData\Local\Programs\MiKTeX\tex/latex/hyperref\puenc.def
File: puenc.def 2023-11-26 v7.01g Hyperref: PDF Unicode definition (HO)
)
Package hyperref Info: Option `colorlinks' set `true' on input line 4064.
Package hyperref Info: Hyper figures OFF on input line 4181.
Package hyperref Info: Link nesting OFF on input line 4186.
Package hyperref Info: Hyper index ON on input line 4189.
Package hyperref Info: Plain pages OFF on input line 4196.
Package hyperref Info: Backreferencing OFF on input line 4201.
Package hyperref Info: Implicit mode ON; LaTeX internals redefined.
Package hyperref Info: Bookmarks ON on input line 4448.
\c@Hy@tempcnt=\count361

(C:\Users\andre\AppData\Local\Programs\MiKTeX\tex/latex/url\url.sty
\Urlmuskip=\muskip20
Package: url 2013/09/16  ver 3.4  Verb mode for urls, etc.
)
LaTeX Info: Redefining \url on input line 4786.
\XeTeXLinkMargin=\dimen326

(C:\Users\andre\AppData\Local\Programs\MiKTeX\tex/generic/bitset\bitset.sty
Package: bitset 2019/12/09 v1.3 Handle bit-vector datatype (HO)

(C:\Users\andre\AppData\Local\Programs\MiKTeX\tex/generic/bigintcalc\bigintcalc
.sty
Package: bigintcalc 2019/12/15 v1.5 Expandable calculations on big integers (HO
)
))
\Fld@menulength=\count362
\Field@Width=\dimen327
\Fld@charsize=\dimen328
Package hyperref Info: Hyper figures OFF on input line 6065.
Package hyperref Info: Link nesting OFF on input line 6070.
Package hyperref Info: Hyper index ON on input line 6073.
Package hyperref Info: backreferencing OFF on input line 6080.
Package hyperref Info: Link coloring ON on input line 6083.
Package hyperref Info: Link coloring with OCG OFF on input line 6090.
Package hyperref Info: PDF/A mode OFF on input line 6095.

(C:\Users\andre\AppData\Local\Programs\MiKTeX\tex/latex/base\atbegshi-ltx.sty
Package: atbegshi-ltx 2021/01/10 v1.0c Emulation of the original atbegshi
package with kernel methods
)
\Hy@abspage=\count363
\c@Item=\count364
\c@Hfootnote=\count365
)
Package hyperref Info: Driver (autodetected): hxetex.
(C:\Users\andre\AppData\Local\Programs\MiKTeX\tex/latex/hyperref\hxetex.def
File: hxetex.def 2023-11-26 v7.01g Hyperref driver for XeTeX

(C:\Users\andre\AppData\Local\Programs\MiKTeX\tex/generic/stringenc\stringenc.s
ty
Package: stringenc 2019/11/29 v1.12 Convert strings between diff. encodings (HO
)
)
\pdfm@box=\box139
\c@Hy@AnnotLevel=\count366
\HyField@AnnotCount=\count367
\Fld@listcount=\count368
\c@bookmark@seq@number=\count369

(C:\Users\andre\AppData\Local\Programs\MiKTeX\tex/latex/rerunfilecheck\rerunfil
echeck.sty
Package: rerunfilecheck 2022-07-10 v1.10 Rerun checks for auxiliary files (HO)

(C:\Users\andre\AppData\Local\Programs\MiKTeX\tex/latex/base\atveryend-ltx.sty
Package: atveryend-ltx 2020/08/19 v1.0a Emulation of the original atveryend pac
kage
with kernel methods
)
(C:\Users\andre\AppData\Local\Programs\MiKTeX\tex/generic/uniquecounter\uniquec
ounter.sty
Package: uniquecounter 2019/12/15 v1.4 Provide unlimited unique counter (HO)
)
Package uniquecounter Info: New unique counter `rerunfilecheck' on input line 2
85.
)
\Hy@SectionHShift=\skip126
)
(C:\Users\andre\AppData\Local\Programs\MiKTeX\tex/latex/bookmark\bookmark.sty
Package: bookmark 2023-12-10 v1.31 PDF bookmarks (HO)

(C:\Users\andre\AppData\Local\Programs\MiKTeX\tex/latex/bookmark\bkm-dvipdfm.de
f
File: bkm-dvipdfm.def 2023-12-10 v1.31 bookmark driver for dvipdfm (HO)
\BKM@id=\count370
)) (C:\Users\andre\AppData\Local\Programs\MiKTeX\tex/latex/acronym\acronym.sty
Package: acronym 2020/04/17 v1.47 Support for acronyms (Tobias Oetiker)
(C:\Users\andre\AppData\Local\Programs\MiKTeX\tex/latex/bigfoot\suffix.sty
Package: suffix 2006/07/15 1.5a Variant command support
)
(C:\Users\andre\AppData\Local\Programs\MiKTeX\tex/latex/xstring\xstring.sty
(C:\Users\andre\AppData\Local\Programs\MiKTeX\tex/generic/xstring\xstring.tex
\xs_counta=\count371
\xs_countb=\count372
)
Package: xstring 2023/08/22 v1.86 String manipulations (CT)
)
\AC@clearlist=\toks43
)
(C:\Users\andre\AppData\Local\Programs\MiKTeX\tex/latex/tcolorbox\tcolorbox.sty
Package: tcolorbox 2023/09/26 version 6.1.0 text color boxes
(C:\Users\andre\AppData\Local\Programs\MiKTeX\tex/latex/pgf/basiclayer\pgf.sty
(C:\Users\andre\AppData\Local\Programs\MiKTeX\tex/latex/pgf/utilities\pgfrcs.st
y
(C:\Users\andre\AppData\Local\Programs\MiKTeX\tex/generic/pgf/utilities\pgfutil
-common.tex
\pgfutil@everybye=\toks44
\pgfutil@tempdima=\dimen329
\pgfutil@tempdimb=\dimen330
)
(C:\Users\andre\AppData\Local\Programs\MiKTeX\tex/generic/pgf/utilities\pgfutil
-latex.def
\pgfutil@abb=\box140
)
(C:\Users\andre\AppData\Local\Programs\MiKTeX\tex/generic/pgf/utilities\pgfrcs.
code.tex
(C:\Users\andre\AppData\Local\Programs\MiKTeX\tex/generic/pgf\pgf.revision.tex)
Package: pgfrcs 2023-01-15 v3.1.10 (3.1.10)
))
Package: pgf 2023-01-15 v3.1.10 (3.1.10)

(C:\Users\andre\AppData\Local\Programs\MiKTeX\tex/latex/pgf/basiclayer\pgfcore.
sty
(C:\Users\andre\AppData\Local\Programs\MiKTeX\tex/latex/pgf/systemlayer\pgfsys.
sty
(C:\Users\andre\AppData\Local\Programs\MiKTeX\tex/generic/pgf/systemlayer\pgfsy
s.code.tex
Package: pgfsys 2023-01-15 v3.1.10 (3.1.10)

(C:\Users\andre\AppData\Local\Programs\MiKTeX\tex/generic/pgf/utilities\pgfkeys
.code.tex
\pgfkeys@pathtoks=\toks45
\pgfkeys@temptoks=\toks46

(C:\Users\andre\AppData\Local\Programs\MiKTeX\tex/generic/pgf/utilities\pgfkeys
libraryfiltered.code.tex
\pgfkeys@tmptoks=\toks47
))
\pgf@x=\dimen331
\pgf@y=\dimen332
\pgf@xa=\dimen333
\pgf@ya=\dimen334
\pgf@xb=\dimen335
\pgf@yb=\dimen336
\pgf@xc=\dimen337
\pgf@yc=\dimen338
\pgf@xd=\dimen339
\pgf@yd=\dimen340
\w@pgf@writea=\write4
\r@pgf@reada=\read4
\c@pgf@counta=\count373
\c@pgf@countb=\count374
\c@pgf@countc=\count375
\c@pgf@countd=\count376
\t@pgf@toka=\toks48
\t@pgf@tokb=\toks49
\t@pgf@tokc=\toks50
\pgf@sys@id@count=\count377

(C:\Users\andre\AppData\Local\Programs\MiKTeX\tex/generic/pgf/systemlayer\pgf.c
fg
File: pgf.cfg 2023-01-15 v3.1.10 (3.1.10)
)
Driver file for pgf: pgfsys-xetex.def

(C:\Users\andre\AppData\Local\Programs\MiKTeX\tex/generic/pgf/systemlayer\pgfsy
s-xetex.def
File: pgfsys-xetex.def 2023-01-15 v3.1.10 (3.1.10)

(C:\Users\andre\AppData\Local\Programs\MiKTeX\tex/generic/pgf/systemlayer\pgfsy
s-dvipdfmx.def
File: pgfsys-dvipdfmx.def 2023-01-15 v3.1.10 (3.1.10)

(C:\Users\andre\AppData\Local\Programs\MiKTeX\tex/generic/pgf/systemlayer\pgfsy
s-common-pdf.def
File: pgfsys-common-pdf.def 2023-01-15 v3.1.10 (3.1.10)
)
\pgfsys@objnum=\count378
)))
(C:\Users\andre\AppData\Local\Programs\MiKTeX\tex/generic/pgf/systemlayer\pgfsy
ssoftpath.code.tex
File: pgfsyssoftpath.code.tex 2023-01-15 v3.1.10 (3.1.10)
\pgfsyssoftpath@smallbuffer@items=\count379
\pgfsyssoftpath@bigbuffer@items=\count380
)
(C:\Users\andre\AppData\Local\Programs\MiKTeX\tex/generic/pgf/systemlayer\pgfsy
sprotocol.code.tex
File: pgfsysprotocol.code.tex 2023-01-15 v3.1.10 (3.1.10)
))
(C:\Users\andre\AppData\Local\Programs\MiKTeX\tex/generic/pgf/basiclayer\pgfcor
e.code.tex
Package: pgfcore 2023-01-15 v3.1.10 (3.1.10)

(C:\Users\andre\AppData\Local\Programs\MiKTeX\tex/generic/pgf/math\pgfmath.code
.tex
(C:\Users\andre\AppData\Local\Programs\MiKTeX\tex/generic/pgf/math\pgfmathutil.
code.tex)
(C:\Users\andre\AppData\Local\Programs\MiKTeX\tex/generic/pgf/math\pgfmathparse
r.code.tex
\pgfmath@dimen=\dimen341
\pgfmath@count=\count381
\pgfmath@box=\box141
\pgfmath@toks=\toks51
\pgfmath@stack@operand=\toks52
\pgfmath@stack@operation=\toks53
)
(C:\Users\andre\AppData\Local\Programs\MiKTeX\tex/generic/pgf/math\pgfmathfunct
ions.code.tex)
(C:\Users\andre\AppData\Local\Programs\MiKTeX\tex/generic/pgf/math\pgfmathfunct
ions.basic.code.tex)
(C:\Users\andre\AppData\Local\Programs\MiKTeX\tex/generic/pgf/math\pgfmathfunct
ions.trigonometric.code.tex)
(C:\Users\andre\AppData\Local\Programs\MiKTeX\tex/generic/pgf/math\pgfmathfunct
ions.random.code.tex)
(C:\Users\andre\AppData\Local\Programs\MiKTeX\tex/generic/pgf/math\pgfmathfunct
ions.comparison.code.tex)
(C:\Users\andre\AppData\Local\Programs\MiKTeX\tex/generic/pgf/math\pgfmathfunct
ions.base.code.tex)
(C:\Users\andre\AppData\Local\Programs\MiKTeX\tex/generic/pgf/math\pgfmathfunct
ions.round.code.tex)
(C:\Users\andre\AppData\Local\Programs\MiKTeX\tex/generic/pgf/math\pgfmathfunct
ions.misc.code.tex)
(C:\Users\andre\AppData\Local\Programs\MiKTeX\tex/generic/pgf/math\pgfmathfunct
ions.integerarithmetics.code.tex)
(C:\Users\andre\AppData\Local\Programs\MiKTeX\tex/generic/pgf/math\pgfmathcalc.
code.tex)
(C:\Users\andre\AppData\Local\Programs\MiKTeX\tex/generic/pgf/math\pgfmathfloat
.code.tex
\c@pgfmathroundto@lastzeros=\count382
))
(C:\Users\andre\AppData\Local\Programs\MiKTeX\tex/generic/pgf/math\pgfint.code.
tex)
(C:\Users\andre\AppData\Local\Programs\MiKTeX\tex/generic/pgf/basiclayer\pgfcor
epoints.code.tex
File: pgfcorepoints.code.tex 2023-01-15 v3.1.10 (3.1.10)
\pgf@picminx=\dimen342
\pgf@picmaxx=\dimen343
\pgf@picminy=\dimen344
\pgf@picmaxy=\dimen345
\pgf@pathminx=\dimen346
\pgf@pathmaxx=\dimen347
\pgf@pathminy=\dimen348
\pgf@pathmaxy=\dimen349
\pgf@xx=\dimen350
\pgf@xy=\dimen351
\pgf@yx=\dimen352
\pgf@yy=\dimen353
\pgf@zx=\dimen354
\pgf@zy=\dimen355
)
(C:\Users\andre\AppData\Local\Programs\MiKTeX\tex/generic/pgf/basiclayer\pgfcor
epathconstruct.code.tex
File: pgfcorepathconstruct.code.tex 2023-01-15 v3.1.10 (3.1.10)
\pgf@path@lastx=\dimen356
\pgf@path@lasty=\dimen357
)
(C:\Users\andre\AppData\Local\Programs\MiKTeX\tex/generic/pgf/basiclayer\pgfcor
epathusage.code.tex
File: pgfcorepathusage.code.tex 2023-01-15 v3.1.10 (3.1.10)
\pgf@shorten@end@additional=\dimen358
\pgf@shorten@start@additional=\dimen359
)
(C:\Users\andre\AppData\Local\Programs\MiKTeX\tex/generic/pgf/basiclayer\pgfcor
escopes.code.tex
File: pgfcorescopes.code.tex 2023-01-15 v3.1.10 (3.1.10)
\pgfpic=\box142
\pgf@hbox=\box143
\pgf@layerbox@main=\box144
\pgf@picture@serial@count=\count383
)
(C:\Users\andre\AppData\Local\Programs\MiKTeX\tex/generic/pgf/basiclayer\pgfcor
egraphicstate.code.tex
File: pgfcoregraphicstate.code.tex 2023-01-15 v3.1.10 (3.1.10)
\pgflinewidth=\dimen360
)
(C:\Users\andre\AppData\Local\Programs\MiKTeX\tex/generic/pgf/basiclayer\pgfcor
etransformations.code.tex
File: pgfcoretransformations.code.tex 2023-01-15 v3.1.10 (3.1.10)
\pgf@pt@x=\dimen361
\pgf@pt@y=\dimen362
\pgf@pt@temp=\dimen363
)
(C:\Users\andre\AppData\Local\Programs\MiKTeX\tex/generic/pgf/basiclayer\pgfcor
equick.code.tex
File: pgfcorequick.code.tex 2023-01-15 v3.1.10 (3.1.10)
)
(C:\Users\andre\AppData\Local\Programs\MiKTeX\tex/generic/pgf/basiclayer\pgfcor
eobjects.code.tex
File: pgfcoreobjects.code.tex 2023-01-15 v3.1.10 (3.1.10)
)
(C:\Users\andre\AppData\Local\Programs\MiKTeX\tex/generic/pgf/basiclayer\pgfcor
epathprocessing.code.tex
File: pgfcorepathprocessing.code.tex 2023-01-15 v3.1.10 (3.1.10)
)
(C:\Users\andre\AppData\Local\Programs\MiKTeX\tex/generic/pgf/basiclayer\pgfcor
earrows.code.tex
File: pgfcorearrows.code.tex 2023-01-15 v3.1.10 (3.1.10)
\pgfarrowsep=\dimen364
)
(C:\Users\andre\AppData\Local\Programs\MiKTeX\tex/generic/pgf/basiclayer\pgfcor
eshade.code.tex
File: pgfcoreshade.code.tex 2023-01-15 v3.1.10 (3.1.10)
\pgf@max=\dimen365
\pgf@sys@shading@range@num=\count384
\pgf@shadingcount=\count385
)
(C:\Users\andre\AppData\Local\Programs\MiKTeX\tex/generic/pgf/basiclayer\pgfcor
eimage.code.tex
File: pgfcoreimage.code.tex 2023-01-15 v3.1.10 (3.1.10)
)
(C:\Users\andre\AppData\Local\Programs\MiKTeX\tex/generic/pgf/basiclayer\pgfcor
eexternal.code.tex
File: pgfcoreexternal.code.tex 2023-01-15 v3.1.10 (3.1.10)
\pgfexternal@startupbox=\box145
)
(C:\Users\andre\AppData\Local\Programs\MiKTeX\tex/generic/pgf/basiclayer\pgfcor
elayers.code.tex
File: pgfcorelayers.code.tex 2023-01-15 v3.1.10 (3.1.10)
)
(C:\Users\andre\AppData\Local\Programs\MiKTeX\tex/generic/pgf/basiclayer\pgfcor
etransparency.code.tex
File: pgfcoretransparency.code.tex 2023-01-15 v3.1.10 (3.1.10)
)
(C:\Users\andre\AppData\Local\Programs\MiKTeX\tex/generic/pgf/basiclayer\pgfcor
epatterns.code.tex
File: pgfcorepatterns.code.tex 2023-01-15 v3.1.10 (3.1.10)
)
(C:\Users\andre\AppData\Local\Programs\MiKTeX\tex/generic/pgf/basiclayer\pgfcor
erdf.code.tex
File: pgfcorerdf.code.tex 2023-01-15 v3.1.10 (3.1.10)
)))
(C:\Users\andre\AppData\Local\Programs\MiKTeX\tex/generic/pgf/modules\pgfmodule
shapes.code.tex
File: pgfmoduleshapes.code.tex 2023-01-15 v3.1.10 (3.1.10)
\pgfnodeparttextbox=\box146
)
(C:\Users\andre\AppData\Local\Programs\MiKTeX\tex/generic/pgf/modules\pgfmodule
plot.code.tex
File: pgfmoduleplot.code.tex 2023-01-15 v3.1.10 (3.1.10)
)
(C:\Users\andre\AppData\Local\Programs\MiKTeX\tex/latex/pgf/compatibility\pgfco
mp-version-0-65.sty
Package: pgfcomp-version-0-65 2023-01-15 v3.1.10 (3.1.10)
\pgf@nodesepstart=\dimen366
\pgf@nodesepend=\dimen367
)
(C:\Users\andre\AppData\Local\Programs\MiKTeX\tex/latex/pgf/compatibility\pgfco
mp-version-1-18.sty
Package: pgfcomp-version-1-18 2023-01-15 v3.1.10 (3.1.10)
))
(C:\Users\andre\AppData\Local\Programs\MiKTeX\tex/latex/environ\environ.sty
Package: environ 2014/05/04 v0.3 A new way to define environments

(C:\Users\andre\AppData\Local\Programs\MiKTeX\tex/latex/trimspaces\trimspaces.s
ty
Package: trimspaces 2009/09/17 v1.1 Trim spaces around a token list
))
\tcb@titlebox=\box147
\tcb@upperbox=\box148
\tcb@lowerbox=\box149
\tcb@phantombox=\box150
\c@tcbbreakpart=\count386
\c@tcblayer=\count387
\c@tcolorbox@number=\count388
\tcb@temp=\box151
\tcb@temp=\box152
\tcb@temp=\box153
\tcb@temp=\box154

(C:\Users\andre\AppData\Local\Programs\MiKTeX\tex/latex/tcolorbox\tcbraster.cod
e.tex
Library (tcolorbox): 'tcbraster.code.tex' version '6.1.0'
\c@tcbrastercolumn=\count389
\c@tcbrasterrow=\count390
\c@tcbrasternum=\count391
\c@tcbraster=\count392
)
(C:\Users\andre\AppData\Local\Programs\MiKTeX\tex/latex/tcolorbox\tcbskins.code
.tex
Library (tcolorbox): 'tcbskins.code.tex' version '6.1.0'

(C:\Users\andre\AppData\Local\Programs\MiKTeX\tex/latex/pgf/frontendlayer\tikz.
sty
(C:\Users\andre\AppData\Local\Programs\MiKTeX\tex/latex/pgf/utilities\pgffor.st
y
(C:\Users\andre\AppData\Local\Programs\MiKTeX\tex/latex/pgf/utilities\pgfkeys.s
ty
(C:\Users\andre\AppData\Local\Programs\MiKTeX\tex/generic/pgf/utilities\pgfkeys
.code.tex))
(C:\Users\andre\AppData\Local\Programs\MiKTeX\tex/latex/pgf/math\pgfmath.sty
(C:\Users\andre\AppData\Local\Programs\MiKTeX\tex/generic/pgf/math\pgfmath.code
.tex))
(C:\Users\andre\AppData\Local\Programs\MiKTeX\tex/generic/pgf/utilities\pgffor.
code.tex
Package: pgffor 2023-01-15 v3.1.10 (3.1.10)
\pgffor@iter=\dimen368
\pgffor@skip=\dimen369
\pgffor@stack=\toks54
\pgffor@toks=\toks55
))
(C:\Users\andre\AppData\Local\Programs\MiKTeX\tex/generic/pgf/frontendlayer/tik
z\tikz.code.tex
Package: tikz 2023-01-15 v3.1.10 (3.1.10)

(C:\Users\andre\AppData\Local\Programs\MiKTeX\tex/generic/pgf/libraries\pgflibr
aryplothandlers.code.tex
File: pgflibraryplothandlers.code.tex 2023-01-15 v3.1.10 (3.1.10)
\pgf@plot@mark@count=\count393
\pgfplotmarksize=\dimen370
)
\tikz@lastx=\dimen371
\tikz@lasty=\dimen372
\tikz@lastxsaved=\dimen373
\tikz@lastysaved=\dimen374
\tikz@lastmovetox=\dimen375
\tikz@lastmovetoy=\dimen376
\tikzleveldistance=\dimen377
\tikzsiblingdistance=\dimen378
\tikz@figbox=\box155
\tikz@figbox@bg=\box156
\tikz@tempbox=\box157
\tikz@tempbox@bg=\box158
\tikztreelevel=\count394
\tikznumberofchildren=\count395
\tikznumberofcurrentchild=\count396
\tikz@fig@count=\count397

(C:\Users\andre\AppData\Local\Programs\MiKTeX\tex/generic/pgf/modules\pgfmodule
matrix.code.tex
File: pgfmodulematrix.code.tex 2023-01-15 v3.1.10 (3.1.10)
\pgfmatrixcurrentrow=\count398
\pgfmatrixcurrentcolumn=\count399
\pgf@matrix@numberofcolumns=\count400
)
\tikz@expandcount=\count401

(C:\Users\andre\AppData\Local\Programs\MiKTeX\tex/generic/pgf/frontendlayer/tik
z/libraries\tikzlibrarytopaths.code.tex
File: tikzlibrarytopaths.code.tex 2023-01-15 v3.1.10 (3.1.10)
)))
(C:\Users\andre\AppData\Local\Programs\MiKTeX\tex/latex/tikzfill\tikzfill.image
.sty
Package: tikzfill.image 2023/08/08 v1.0.1 Image filling library for TikZ

(C:\Users\andre\AppData\Local\Programs\MiKTeX\tex/latex/tikzfill\tikzfill-commo
n.sty
Package: tikzfill-common 2023/08/08 v1.0.1 Auxiliary code for tikzfill
)
(C:\Users\andre\AppData\Local\Programs\MiKTeX\tex/latex/tikzfill\tikzlibraryfil
l.image.code.tex
File: tikzlibraryfill.image.code.tex 2023/08/08 v1.0.1 Image filling library
\l__tikzfill_img_box=\box159
))
(C:\Users\andre\AppData\Local\Programs\MiKTeX\tex/latex/tcolorbox\tcbskinsjigsa
w.code.tex
Library (tcolorbox): 'tcbskinsjigsaw.code.tex' version '6.1.0'
))
(C:\Users\andre\AppData\Local\Programs\MiKTeX\tex/latex/tcolorbox\tcbbreakable.
code.tex
Library (tcolorbox): 'tcbbreakable.code.tex' version '6.1.0'
(C:\Users\andre\AppData\Local\Programs\MiKTeX\tex/latex/pdfcol\pdfcol.sty
Package: pdfcol 2022-09-21 v1.7 Handle new color stacks for pdfTeX (HO)
Package pdfcol Info: Interface disabled because of missing PDF mode of pdfTeX.
)
Package pdfcol Info: pdfTeX's color stacks are not available.
\tcb@testbox=\box160
\tcb@totalupperbox=\box161
\tcb@totallowerbox=\box162
)
(C:\Users\andre\AppData\Local\Programs\MiKTeX\tex/latex/tcolorbox\tcbhooks.code
.tex
Library (tcolorbox): 'tcbhooks.code.tex' version '6.1.0'
)
(C:\Users\andre\AppData\Local\Programs\MiKTeX\tex/latex/tcolorbox\tcbtheorems.c
ode.tex
Library (tcolorbox): 'tcbtheorems.code.tex' version '6.1.0'
)
(C:\Users\andre\AppData\Local\Programs\MiKTeX\tex/latex/tcolorbox\tcbfitting.co
de.tex
Library (tcolorbox): 'tcbfitting.code.tex' version '6.1.0'
\tcbfitdim=\dimen379
\tcb@lowerfitdim=\dimen380
\tcb@upperfitdim=\dimen381
\tcb@cur@hbadness=\count402
)
(C:\Users\andre\AppData\Local\Programs\MiKTeX\tex/latex/tcolorbox\tcblistingsut
f8.code.tex
Library (tcolorbox): 'tcblistingsutf8.code.tex' version '6.1.0'

(C:\Users\andre\AppData\Local\Programs\MiKTeX\tex/latex/tcolorbox\tcblistings.c
ode.tex
Library (tcolorbox): 'tcblistings.code.tex' version '6.1.0'
(C:\Users\andre\AppData\Local\Programs\MiKTeX\tex/latex/listings\listings.sty
\lst@mode=\count403
\lst@gtempboxa=\box163
\lst@token=\toks56
\lst@length=\count404
\lst@currlwidth=\dimen382
\lst@column=\count405
\lst@pos=\count406
\lst@lostspace=\dimen383
\lst@width=\dimen384
\lst@newlines=\count407
\lst@lineno=\count408
\lst@maxwidth=\dimen385

(C:\Users\andre\AppData\Local\Programs\MiKTeX\tex/latex/listings\lstmisc.sty
File: lstmisc.sty 2023/02/27 1.9 (Carsten Heinz)
\c@lstnumber=\count409
\lst@skipnumbers=\count410
\lst@framebox=\box164
)
(C:\Users\andre\AppData\Local\Programs\MiKTeX\tex/latex/listings\listings.cfg
File: listings.cfg 2023/02/27 1.9 listings configuration
))
Package: listings 2023/02/27 1.9 (Carsten Heinz)

(C:\Users\andre\AppData\Local\Programs\MiKTeX\tex/latex/tcolorbox\tcblistingsco
re.code.tex
Library (tcolorbox): 'tcblistingscore.code.tex' version '6.1.0'

(C:\Users\andre\AppData\Local\Programs\MiKTeX\tex/latex/tcolorbox\tcbprocessing
.code.tex
Library (tcolorbox): 'tcbprocessing.code.tex' version '6.1.0'
(C:\Users\andre\AppData\Local\Programs\MiKTeX\tex/latex/tools\shellesc.sty
Package: shellesc 2023/07/08 v1.0d unified shell escape interface for LaTeX
Package shellesc Info: Restricted shell escape enabled on input line 77.
))
\c@tcblisting=\count411
))
Package tcolorbox Info: Library `listingsutf8' is compatible with pdftex only. 
Library `listings` is loaded instead. on input line 29.
)
(C:\Users\andre\AppData\Local\Programs\MiKTeX\tex/latex/tcolorbox\tcbexternal.c
ode.tex
Library (tcolorbox): 'tcbexternal.code.tex' version '6.1.0'
)
(C:\Users\andre\AppData\Local\Programs\MiKTeX\tex/latex/tcolorbox\tcbmagazine.c
ode.tex
Library (tcolorbox): 'tcbmagazine.code.tex' version '6.1.0'
)
(C:\Users\andre\AppData\Local\Programs\MiKTeX\tex/latex/tcolorbox\tcbvignette.c
ode.tex
Library (tcolorbox): 'tcbvignette.code.tex' version '6.1.0'

(C:\Users\andre\AppData\Local\Programs\MiKTeX\tex/generic/pgf/frontendlayer/tik
z/libraries\tikzlibraryfadings.code.tex
File: tikzlibraryfadings.code.tex 2023-01-15 v3.1.10 (3.1.10)

(C:\Users\andre\AppData\Local\Programs\MiKTeX\tex/generic/pgf/libraries\pgflibr
aryfadings.code.tex
File: pgflibraryfadings.code.tex 2023-01-15 v3.1.10 (3.1.10)
)))
(C:\Users\andre\AppData\Local\Programs\MiKTeX\tex/latex/tcolorbox\tcbposter.cod
e.tex
Library (tcolorbox): 'tcbposter.code.tex' version '6.1.0'
))
(C:\Users\andre\AppData\Local\Programs\MiKTeX\tex/latex/todonotes\todonotes.sty
Package: todonotes 2024/01/05 v1.1.7 Todonotes source and documentation.
Package: todonotes 2024/01/05
(C:\Users\andre\AppData\Local\Programs\MiKTeX\tex/latex/base\ifthen.sty
Package: ifthen 2022/04/13 v1.1d Standard LaTeX ifthen package (DPC)
)
(C:\Users\andre\AppData\Local\Programs\MiKTeX\tex/generic/pgf/frontendlayer/tik
z/libraries\tikzlibrarypositioning.code.tex
File: tikzlibrarypositioning.code.tex 2023-01-15 v3.1.10 (3.1.10)
)
\c@@todonotes@numberoftodonotes=\count412
))
(C:\Users\andre\AppData\Local\Programs\MiKTeX\tex/latex/comment\comment.sty
\CommentStream=\write5

Excluding comment 'comment')
(C:\Users\andre\AppData\Local\Programs\MiKTeX\tex/latex/biblatex\biblatex.sty
Package: biblatex 2023/03/05 v3.19 programmable bibliographies (PK/MW)

(C:\Users\andre\AppData\Local\Programs\MiKTeX\tex/latex/logreq\logreq.sty
Package: logreq 2010/08/04 v1.0 xml request logger
\lrq@indent=\count413

(C:\Users\andre\AppData\Local\Programs\MiKTeX\tex/latex/logreq\logreq.def
File: logreq.def 2010/08/04 v1.0 logreq spec v1.0
))
\c@tabx@nest=\count414
\c@listtotal=\count415
\c@listcount=\count416
\c@liststart=\count417
\c@liststop=\count418
\c@citecount=\count419
\c@citetotal=\count420
\c@multicitecount=\count421
\c@multicitetotal=\count422
\c@instcount=\count423
\c@maxnames=\count424
\c@minnames=\count425
\c@maxitems=\count426
\c@minitems=\count427
\c@citecounter=\count428
\c@maxcitecounter=\count429
\c@savedcitecounter=\count430
\c@uniquelist=\count431
\c@uniquename=\count432
\c@refsection=\count433
\c@refsegment=\count434
\c@maxextratitle=\count435
\c@maxextratitleyear=\count436
\c@maxextraname=\count437
\c@maxextradate=\count438
\c@maxextraalpha=\count439
\c@abbrvpenalty=\count440
\c@highnamepenalty=\count441
\c@lownamepenalty=\count442
\c@maxparens=\count443
\c@parenlevel=\count444
\blx@tempcnta=\count445
\blx@tempcntb=\count446
\blx@tempcntc=\count447
\c@blx@maxsection=\count448
\blx@maxsegment@0=\count449
\blx@notetype=\count450
\blx@parenlevel@text=\count451
\blx@parenlevel@foot=\count452
\blx@sectionciteorder@0=\count453
\blx@sectionciteorderinternal@0=\count454
\blx@entrysetcounter=\count455
\blx@biblioinstance=\count456
\labelnumberwidth=\skip127
\labelalphawidth=\skip128
\biblabelsep=\skip129
\bibitemsep=\skip130
\bibnamesep=\skip131
\bibinitsep=\skip132
\bibparsep=\skip133
\bibhang=\skip134
\blx@bcfin=\read5
\blx@bcfout=\write6
\blx@langwohyphens=\language80
\c@mincomprange=\count457
\c@maxcomprange=\count458
\c@mincompwidth=\count459
Package biblatex Info: Trying to load biblatex default data model...
Package biblatex Info: ... file 'blx-dm.def' found.

(C:\Users\andre\AppData\Local\Programs\MiKTeX\tex/latex/biblatex\blx-dm.def
File: blx-dm.def 2023/03/05 v3.19 biblatex localization (PK/MW)
)
Package biblatex Info: Trying to load biblatex style data model...
Package biblatex Info: ... file 'abnt.dbx' not found.
Package biblatex Info: Trying to load biblatex custom data model...
Package biblatex Info: ... file 'biblatex-dm.cfg' not found.
\c@afterword=\count460
\c@savedafterword=\count461
\c@annotator=\count462
\c@savedannotator=\count463
\c@author=\count464
\c@savedauthor=\count465
\c@bookauthor=\count466
\c@savedbookauthor=\count467
\c@commentator=\count468
\c@savedcommentator=\count469
\c@editor=\count470
\c@savededitor=\count471
\c@editora=\count472
\c@savededitora=\count473
\c@editorb=\count474
\c@savededitorb=\count475
\c@editorc=\count476
\c@savededitorc=\count477
\c@foreword=\count478
\c@savedforeword=\count479
\c@holder=\count480
\c@savedholder=\count481
\c@introduction=\count482
\c@savedintroduction=\count483
\c@namea=\count484
\c@savednamea=\count485
\c@nameb=\count486
\c@savednameb=\count487
\c@namec=\count488
\c@savednamec=\count489
\c@translator=\count490
\c@savedtranslator=\count491
\c@shortauthor=\count492
\c@savedshortauthor=\count493
\c@shorteditor=\count494
\c@savedshorteditor=\count495
\c@labelname=\count496
\c@savedlabelname=\count497
\c@institution=\count498
\c@savedinstitution=\count499
\c@lista=\count500
\c@savedlista=\count501
\c@listb=\count502
\c@savedlistb=\count503
\c@listc=\count504
\c@savedlistc=\count505
\c@listd=\count506
\c@savedlistd=\count507
\c@liste=\count508
\c@savedliste=\count509
\c@listf=\count510
\c@savedlistf=\count511
\c@location=\count512
\c@savedlocation=\count513
\c@organization=\count514
\c@savedorganization=\count515
\c@origlocation=\count516
\c@savedoriglocation=\count517
\c@origpublisher=\count518
\c@savedorigpublisher=\count519
\c@publisher=\count520
\c@savedpublisher=\count521
\c@language=\count522
\c@savedlanguage=\count523
\c@origlanguage=\count524
\c@savedoriglanguage=\count525
\c@pageref=\count526
\c@savedpageref=\count527
\shorthandwidth=\skip135
\shortjournalwidth=\skip136
\shortserieswidth=\skip137
\shorttitlewidth=\skip138
\shortauthorwidth=\skip139
\shorteditorwidth=\skip140
\locallabelnumberwidth=\skip141
\locallabelalphawidth=\skip142
\localshorthandwidth=\skip143
\localshortjournalwidth=\skip144
\localshortserieswidth=\skip145
\localshorttitlewidth=\skip146
\localshortauthorwidth=\skip147
\localshorteditorwidth=\skip148
Package biblatex Info: Trying to load enhanced support for Unicode engines...
Package biblatex Info: ... file 'blx-unicode.def' found.

(C:\Users\andre\AppData\Local\Programs\MiKTeX\tex/latex/biblatex\blx-unicode.de
f)
Package biblatex Info: Trying to load compatibility code...
Package biblatex Info: ... file 'blx-compat.def' found.

(C:\Users\andre\AppData\Local\Programs\MiKTeX\tex/latex/biblatex\blx-compat.def
File: blx-compat.def 2023/03/05 v3.19 biblatex compatibility (PK/MW)
)
Package biblatex Info: Trying to load generic definitions...
Package biblatex Info: ... file 'biblatex.def' found.
 (C:\Users\andre\AppData\Local\Programs\MiKTeX\tex/latex/biblatex\biblatex.def
File: biblatex.def 2023/03/05 v3.19 biblatex compatibility (PK/MW)
\c@textcitecount=\count528
\c@textcitetotal=\count529
\c@textcitemaxnames=\count530
\c@biburlbigbreakpenalty=\count531
\c@biburlbreakpenalty=\count532
\c@biburlnumpenalty=\count533
\c@biburlucpenalty=\count534
\c@biburllcpenalty=\count535
\biburlbigskip=\muskip21
\biburlnumskip=\muskip22
\biburlucskip=\muskip23
\biburllcskip=\muskip24
\c@smartand=\count536
)
Package biblatex Info: Trying to load bibliography style 'abnt'...
Package biblatex Info: ... file 'abnt.bbx' found.

(C:\Users\andre\AppData\Local\Programs\MiKTeX\tex/latex/biblatex-abnt/bbx\abnt.
bbx
File: abnt.bbx 2018-11-17 v3.4 ABNT BibLaTeX citation style
 (C:\Users\andre\AppData\Local\Programs\MiKTeX\tex/latex/xpatch\xpatch.sty
Package: xpatch 2020/03/25 v0.3a Extending etoolbox patching commands
)
Package biblatex Info: Trying to load bibliography style 'standard'...
Package biblatex Info: ... file 'standard.bbx' found.

(C:\Users\andre\AppData\Local\Programs\MiKTeX\tex/latex/biblatex/bbx\standard.b
bx
File: standard.bbx 2023/03/05 v3.19 biblatex bibliography style (PK/MW)
\c@bbx:relatedcount=\count537
\c@bbx:relatedtotal=\count538
))
Package biblatex Info: Trying to load citation style 'abnt'...
Package biblatex Info: ... file 'abnt.cbx' found.

(C:\Users\andre\AppData\Local\Programs\MiKTeX\tex/latex/biblatex-abnt/cbx\abnt.
cbx
File: abnt.cbx 2018-11-17 v3.4 ABNT BibLaTeX citation style
Package biblatex Info: Trying to load citation style 'authoryear-comp'...
Package biblatex Info: ... file 'authoryear-comp.cbx' found.

(C:\Users\andre\AppData\Local\Programs\MiKTeX\tex/latex/biblatex/cbx\authoryear
-comp.cbx
File: authoryear-comp.cbx 2023/03/05 v3.19 biblatex citation style (PK/MW)
Package biblatex Info: Redefining '\cite'.
Package biblatex Info: Redefining '\parencite'.
Package biblatex Info: Redefining '\footcite'.
Package biblatex Info: Redefining '\footcitetext'.
Package biblatex Info: Redefining '\smartcite'.
Package biblatex Info: Redefining '\textcite'.
Package biblatex Info: Redefining '\textcites'.
Package biblatex Info: Redefining '\cites'.
Package biblatex Info: Redefining '\parencites'.
Package biblatex Info: Redefining '\footcites'.
Package biblatex Info: Redefining '\footcitetexts'.
Package biblatex Info: Redefining '\smartcites'.
)
Package biblatex Info: Redefining '\cite'.
Package biblatex Info: Redefining '\cites'.
Package biblatex Info: Redefining '\footcite'.
Package biblatex Info: Redefining '\footcites'.
Package biblatex Info: Redefining '\citetitle'.
Package biblatex Info: Redefining '\smartcite'.
Package biblatex Info: Redefining '\citeauthor'.
Package biblatex Info: Redefining '\citeyear'.
)
Package biblatex Info: Trying to load configuration file...
Package biblatex Info: ... file 'biblatex.cfg' found.

(C:\Users\andre\AppData\Local\Programs\MiKTeX\tex/latex/biblatex\biblatex.cfg
File: biblatex.cfg 
)
Package biblatex Info: XeTeX detected.
(biblatex)             Assuming input encoding 'utf8'.
Package biblatex Info: Document encoding is UTF8 ....
Package biblatex Info: ... and expl3
(biblatex)             2024-01-04 L3 programming layer (loader) 
(biblatex)             is new enough (at least 2020/04/06),
(biblatex)             setting 'casechanger=expl3'.

(C:\Users\andre\AppData\Local\Programs\MiKTeX\tex/latex/biblatex\blx-case-expl3
.sty
Package: blx-case-expl3 2023/03/05 v3.19 expl3 case changing code for biblatex
))
(C:\Users\andre\AppData\Local\Programs\MiKTeX\tex/latex/subfiles\subfiles.sty
Package: subfiles 2020/11/14 v2.2 Multi-file projects (package)
)
Package csquotes Info: Checking for multilingual support...
Package csquotes Info: ... found 'babel' package.
Package csquotes Info: Adjusting default style.
Package csquotes Info: Redefining alias 'default' -> 'english'.
LaTeX Font Info:    Trying to load font information for T1+ppl on input line 73
.

(C:\Users\andre\AppData\Local\Programs\MiKTeX\tex/latex/psnfss\t1ppl.fd
File: t1ppl.fd 2001/06/04 font definitions for T1/ppl.
)
(paper.aux)
\openout1 = `paper.aux'.

LaTeX Font Info:    Checking defaults for OML/cmm/m/it on input line 73.
LaTeX Font Info:    ... okay on input line 73.
LaTeX Font Info:    Checking defaults for OMS/cmsy/m/n on input line 73.
LaTeX Font Info:    ... okay on input line 73.
LaTeX Font Info:    Checking defaults for OT1/cmr/m/n on input line 73.
LaTeX Font Info:    ... okay on input line 73.
LaTeX Font Info:    Checking defaults for T1/cmr/m/n on input line 73.
LaTeX Font Info:    ... okay on input line 73.
LaTeX Font Info:    Checking defaults for TS1/cmr/m/n on input line 73.
LaTeX Font Info:    Trying to load font information for TS1+cmr on input line 7
3.

(C:\Users\andre\AppData\Local\Programs\MiKTeX\tex/latex/base\ts1cmr.fd
File: ts1cmr.fd 2023/04/13 v2.5m Standard LaTeX font definitions
)
LaTeX Font Info:    ... okay on input line 73.
LaTeX Font Info:    Checking defaults for TU/lmr/m/n on input line 73.
LaTeX Font Info:    ... okay on input line 73.
LaTeX Font Info:    Checking defaults for OMX/cmex/m/n on input line 73.
LaTeX Font Info:    ... okay on input line 73.
LaTeX Font Info:    Checking defaults for U/cmr/m/n on input line 73.
LaTeX Font Info:    ... okay on input line 73.
LaTeX Font Info:    Checking defaults for PD1/pdf/m/n on input line 73.
LaTeX Font Info:    ... okay on input line 73.
LaTeX Font Info:    Checking defaults for PU/pdf/m/n on input line 73.
LaTeX Font Info:    ... okay on input line 73.

*geometry* driver: auto-detecting
*geometry* detected driver: xetex
*geometry* verbose mode - [ preamble ] result:
* driver: xetex
* paper: a4paper
* layout: <same size as paper>
* layoutoffset:(h,v)=(0.0pt,0.0pt)
* modes: 
* h-part:(L,W,R)=(71.13188pt, 455.24411pt, 71.13188pt)
* v-part:(T,H,B)=(85.35826pt, 688.5567pt, 71.13188pt)
* \paperwidth=597.50787pt
* \paperheight=845.04684pt
* \textwidth=455.24411pt
* \textheight=688.5567pt
* \oddsidemargin=-1.1381pt
* \evensidemargin=-1.1381pt
* \topmargin=-23.91173pt
* \headheight=15.0pt
* \headsep=25.0pt
* \topskip=10.0pt
* \footskip=30.0pt
* \marginparwidth=56.9055pt
* \marginparsep=11.0pt
* \columnsep=10.0pt
* \skip\footins=28.45274pt
* \hoffset=0.0pt
* \voffset=0.0pt
* \mag=1000
* \@twocolumnfalse
* \@twosidefalse
* \@mparswitchfalse
* \@reversemarginfalse
* (1in=72.27pt=25.4mm, 1cm=28.453pt)

\Etoc@tf=\read6
Package caption Info: Begin \AtBeginDocument code.
Package caption Info: hyperref package is loaded.
Package caption Info: listings package is loaded.
Package caption Info: longtable package is loaded.
(C:\Users\andre\AppData\Local\Programs\MiKTeX\tex/latex/caption\ltcaption.sty
Package: ltcaption 2021/01/08 v1.4c longtable captions (AR)
)
Package caption Info: End \AtBeginDocument code.

(C:\Users\andre\AppData\Local\Programs\MiKTeX\tex/latex/ninecolors\ninecolors.s
ty
Package: ninecolors 2022-02-13 v2022D Select colors with proper color contrast
)
Package hyperref Info: Link coloring ON on input line 73.
\c@lstlisting=\count539
Package biblatex Info: Trying to load language 'english' -> 'english-abnt'...
Package biblatex Info: ... file 'english-abnt.lbx' found.

(C:\Users\andre\AppData\Local\Programs\MiKTeX\tex/latex/biblatex-abnt/lbx\engli
sh-abnt.lbx
File: english-abnt.lbx 2018-11-17 v3.4 ABNT BibLaTeX citation style
Package biblatex Info: Trying to load language 'english'...
Package biblatex Info: ... file 'english.lbx' found.

(C:\Users\andre\AppData\Local\Programs\MiKTeX\tex/latex/biblatex/lbx\english.lb
x
File: english.lbx 2023/03/05 v3.19 biblatex localization (PK/MW)
)
Package biblatex Info: Trying to load language 'english'...
Package biblatex Info: ... file 'english.lbx' found.

(C:\Users\andre\AppData\Local\Programs\MiKTeX\tex/latex/biblatex/lbx\english.lb
x
File: english.lbx 2023/03/05 v3.19 biblatex localization (PK/MW)
)
Package biblatex Info: Trying to load language 'english'...
Package biblatex Info: ... file 'english.lbx' found.

(C:\Users\andre\AppData\Local\Programs\MiKTeX\tex/latex/biblatex/lbx\english.lb
x
File: english.lbx 2023/03/05 v3.19 biblatex localization (PK/MW)
))
Package biblatex Info: Trying to load language 'brazilian' -> 'brazilian-abnt'.
..
Package biblatex Info: ... file 'brazilian-abnt.lbx' found.

(C:\Users\andre\AppData\Local\Programs\MiKTeX\tex/latex/biblatex-abnt/lbx\brazi
lian-abnt.lbx
File: brazilian-abnt.lbx 2018-11-17 v3.4 ABNT BibLaTeX citation style
Package biblatex Info: Trying to load language 'brazilian'...
Package biblatex Info: ... file 'brazilian.lbx' found.

(C:\Users\andre\AppData\Local\Programs\MiKTeX\tex/latex/biblatex/lbx\brazilian.
lbx
File: brazilian.lbx 2023/03/05 v3.19 biblatex localization (PK/MW)
)
Package biblatex Info: Trying to load language 'brazilian'...
Package biblatex Info: ... file 'brazilian.lbx' found.

(C:\Users\andre\AppData\Local\Programs\MiKTeX\tex/latex/biblatex/lbx\brazilian.
lbx
File: brazilian.lbx 2023/03/05 v3.19 biblatex localization (PK/MW)
)
Package biblatex Info: Trying to load language 'brazil' -> 'brazil-abnt'...
Package biblatex Info: ... file 'brazil-abnt.lbx' found.

(C:\Users\andre\AppData\Local\Programs\MiKTeX\tex/latex/biblatex-abnt/lbx\brazi
l-abnt.lbx
File: brazil-abnt.lbx 2018-11-17 v3.4 ABNT BibLaTeX citation style


Package biblatex Warning: File 'brazilian-abnt-abnt.lbx' not found!
(biblatex)                Ignoring mapping 'brazilian-abnt' -> 'brazilian-abnt-
abnt'.

Package biblatex Info: Trying to load language 'brazilian-abnt'...
Package biblatex Info: ... file 'brazilian-abnt.lbx' found.

(C:\Users\andre\AppData\Local\Programs\MiKTeX\tex/latex/biblatex-abnt/lbx\brazi
lian-abnt.lbx
File: brazilian-abnt.lbx 2018-11-17 v3.4 ABNT BibLaTeX citation style
Package biblatex Info: Trying to load language 'brazilian'...
Package biblatex Info: ... file 'brazilian.lbx' found.

(C:\Users\andre\AppData\Local\Programs\MiKTeX\tex/latex/biblatex/lbx\brazilian.
lbx
File: brazilian.lbx 2023/03/05 v3.19 biblatex localization (PK/MW)
)
Package biblatex Info: Trying to load language 'brazil'...
Package biblatex Info: ... file 'brazil.lbx' found.

(C:\Users\andre\AppData\Local\Programs\MiKTeX\tex/latex/biblatex/lbx\brazil.lbx
File: brazil.lbx 2023/03/05 v3.19 biblatex localization (PK/MW)
Package biblatex Info: Trying to load language 'brazilian'...
Package biblatex Info: ... file 'brazilian.lbx' found.

(C:\Users\andre\AppData\Local\Programs\MiKTeX\tex/latex/biblatex/lbx\brazilian.
lbx
File: brazilian.lbx 2023/03/05 v3.19 biblatex localization (PK/MW)
)))))
Package biblatex Info: XeTeX detected.
(biblatex)             Assuming input encoding 'utf8'.
Package biblatex Info: Automatic encoding selection.
(biblatex)             Assuming data encoding 'utf8'.
\openout6 = `paper.bcf'.

Package biblatex Info: Trying to load bibliographic data...
Package biblatex Info: ... file 'paper.bbl' found.
 (paper.bbl)
Package biblatex Info: Reference section=0 on input line 73.
Package biblatex Info: Reference segment=0 on input line 73.
LaTeX Font Info:    Trying to load font information for OT1+ppl on input line 7
6.

(C:\Users\andre\AppData\Local\Programs\MiKTeX\tex/latex/psnfss\ot1ppl.fd
File: ot1ppl.fd 2001/06/04 font definitions for OT1/ppl.
)
LaTeX Font Info:    Trying to load font information for OML+zplm on input line 
76.

(C:\Users\andre\AppData\Local\Programs\MiKTeX\tex/latex/psnfss\omlzplm.fd
File: omlzplm.fd 2002/09/08 Fontinst v1.914 font definitions for OML/zplm.
)
LaTeX Font Info:    Trying to load font information for OMS+zplm on input line 
76.

(C:\Users\andre\AppData\Local\Programs\MiKTeX\tex/latex/psnfss\omszplm.fd
File: omszplm.fd 2002/09/08 Fontinst v1.914 font definitions for OMS/zplm.
)
LaTeX Font Info:    Trying to load font information for OMX+zplm on input line 
76.

(C:\Users\andre\AppData\Local\Programs\MiKTeX\tex/latex/psnfss\omxzplm.fd
File: omxzplm.fd 2002/09/08 Fontinst v1.914 font definitions for OMX/zplm.
)
LaTeX Font Info:    Trying to load font information for OT1+zplm on input line 
76.

(C:\Users\andre\AppData\Local\Programs\MiKTeX\tex/latex/psnfss\ot1zplm.fd
File: ot1zplm.fd 2002/09/08 Fontinst v1.914 font definitions for OT1/zplm.
)
LaTeX Font Info:    Font shape `U/msa/m/n' will be
(Font)              scaled to size 12.50409pt on input line 76.
LaTeX Font Info:    Font shape `U/msa/m/n' will be
(Font)              scaled to size 9.37807pt on input line 76.
LaTeX Font Info:    Font shape `U/msa/m/n' will be
(Font)              scaled to size 7.29405pt on input line 76.
LaTeX Font Info:    Font shape `U/msb/m/n' will be
(Font)              scaled to size 12.50409pt on input line 76.
LaTeX Font Info:    Font shape `U/msb/m/n' will be
(Font)              scaled to size 9.37807pt on input line 76.
LaTeX Font Info:    Font shape `U/msb/m/n' will be
(Font)              scaled to size 7.29405pt on input line 76.
LaTeX Font Info:    Trying to load font information for TS1+ppl on input line 7
6.

(C:\Users\andre\AppData\Local\Programs\MiKTeX\tex/latex/psnfss\ts1ppl.fd
File: ts1ppl.fd 2001/06/04 font definitions for TS1/ppl.
)
LaTeX Font Info:    Font shape `U/msa/m/n' will be
(Font)              scaled to size 8.33606pt on input line 76.
LaTeX Font Info:    Font shape `U/msa/m/n' will be
(Font)              scaled to size 6.25204pt on input line 76.
LaTeX Font Info:    Font shape `U/msa/m/n' will be
(Font)              scaled to size 5.21004pt on input line 76.
LaTeX Font Info:    Font shape `U/msb/m/n' will be
(Font)              scaled to size 8.33606pt on input line 76.
LaTeX Font Info:    Font shape `U/msb/m/n' will be
(Font)              scaled to size 6.25204pt on input line 76.
LaTeX Font Info:    Font shape `U/msb/m/n' will be
(Font)              scaled to size 5.21004pt on input line 76.

(pre/abstract.tex [1

] [2]) (sections/introduction.tex [3]
LaTeX Font Info:    Font shape `U/msa/m/n' will be
(Font)              scaled to size 10.42007pt on input line 17.
LaTeX Font Info:    Font shape `U/msa/m/n' will be
(Font)              scaled to size 7.91925pt on input line 17.
LaTeX Font Info:    Font shape `U/msb/m/n' will be
(Font)              scaled to size 10.42007pt on input line 17.
LaTeX Font Info:    Font shape `U/msb/m/n' will be
(Font)              scaled to size 7.91925pt on input line 17.
 [4])
(sections/literature_review.tex [5] [6] [7] Excluding 'comment' comment.)
(sections/methodology.tex [8] Excluding 'comment' comment.)
(sections/reg_model_v2_inv_short.tex
LaTeX Font Info:    Calculating math sizes for size <7.30098> on input line 37.



LaTeX Font Warning: Font shape `OT1/cmss/m/n' in size <5.54869> not available
(Font)              size <6> substituted on input line 37.


LaTeX Font Warning: Font shape `OT1/cmss/m/n' in size <4.38063> not available
(Font)              size <5> substituted on input line 37.

LaTeX Font Info:    Font shape `U/msa/m/n' will be
(Font)              scaled to size 7.60767pt on input line 37.
LaTeX Font Info:    Font shape `U/msa/m/n' will be
(Font)              scaled to size 5.78177pt on input line 37.
LaTeX Font Info:    Font shape `U/msa/m/n' will be
(Font)              scaled to size 4.56464pt on input line 37.
LaTeX Font Info:    Font shape `U/msb/m/n' will be
(Font)              scaled to size 7.60767pt on input line 37.
LaTeX Font Info:    Font shape `U/msb/m/n' will be
(Font)              scaled to size 5.78177pt on input line 37.
LaTeX Font Info:    Font shape `U/msb/m/n' will be
(Font)              scaled to size 4.56464pt on input line 37.
[9] Excluding 'comment' comment.
File: ../images/../images/flowchart.jpg Graphic file (type bmp)
<../images/../images/flowchart.jpg>
 Excluding 'comment' comment. [10] [11]
Excluding 'comment' comment.
LaTeX Font Info:    Trying to load font information for U+fplmbb on input line 
203.

(C:\Users\andre\AppData\Local\Programs\MiKTeX\tex/latex/psnfss\ufplmbb.fd
File: ufplmbb.fd 2003/10/30 Fontinst v1.914 font definitions for U/fplmbb.
)
Excluding 'comment' comment. Excluding 'comment' comment.
Excluding 'comment' comment. [12] Excluding 'comment' comment. [13]
Excluding 'comment' comment. Excluding 'comment' comment.
Excluding 'comment' comment. [14] Excluding 'comment' comment. [15]
Excluding 'comment' comment.
LaTeX Font Info:    Font shape `U/cmsy/m/n' will be
(Font)              scaled to size 10.0pt on input line 623.
LaTeX Font Info:    Font shape `U/cmsy/m/n' will be
(Font)              scaled to size 7.6pt on input line 623.
LaTeX Font Info:    Font shape `U/cmsy/m/n' will be
(Font)              scaled to size 6.0pt on input line 623.
LaTeX Font Info:    Font shape `U/cmsy/b/n' will be
(Font)              scaled to size 10.0pt on input line 642.
LaTeX Font Info:    Font shape `U/cmsy/b/n' will be
(Font)              scaled to size 7.6pt on input line 642.
LaTeX Font Info:    Font shape `U/cmsy/b/n' will be
(Font)              scaled to size 6.0pt on input line 642.
 [16] Excluding 'comment' comment.
LaTeX Font Info:    Font shape `U/cmsy/m/n' will be
(Font)              scaled to size 8.0pt on input line 675.
LaTeX Font Info:    Font shape `U/cmsy/m/n' will be
(Font)              scaled to size 5.0pt on input line 675.
LaTeX Font Info:    Font shape `U/cmsy/b/n' will be
(Font)              scaled to size 8.0pt on input line 675.
LaTeX Font Info:    Font shape `U/cmsy/b/n' will be
(Font)              scaled to size 5.0pt on input line 675.
 [17]
LaTeX Font Info:    Trying to load font information for T1+lmtt on input line 7
32.

(C:\Users\andre\AppData\Local\Programs\MiKTeX\tex/latex/lm\t1lmtt.fd
File: t1lmtt.fd 2015/05/01 v1.6.1 Font defs for Latin Modern
) [18]
[19]) (sections/calibration.tex Excluding 'comment' comment. [20] [21]
> Step: init table outer spec.
> Step: parse table options.
> Step: split table.
> Step: init table inner spec.
> Step: parse table inner spec.
> Step: execute table commands.
> Step: calculate cell and line sizes.
> Step: build the whole table.
 [22]
> Step: init table outer spec.
> Step: parse table options.
> Step: split table.
> Step: init table inner spec.
> Step: parse table inner spec.
> Step: execute table commands.
> Step: calculate cell and line sizes.
LaTeX Font Info:    Font shape `U/cmsy/m/n' will be
(Font)              scaled to size 9.0pt on input line 212.
LaTeX Font Info:    Font shape `U/cmsy/m/n' will be
(Font)              scaled to size 7.0pt on input line 212.
LaTeX Font Info:    Font shape `U/cmsy/b/n' will be
(Font)              scaled to size 9.0pt on input line 212.
LaTeX Font Info:    Font shape `U/cmsy/b/n' will be
(Font)              scaled to size 7.0pt on input line 212.
> Step: build the whole table.

[23]
> Step: init table outer spec.
> Step: parse table options.
> Step: split table.
> Step: init table inner spec.
> Step: parse table inner spec.
> Step: execute table commands.
> Step: calculate cell and line sizes.
> Step: build the whole table.

Underfull \hbox (badness 1178) in paragraph at lines 263--263
[]\T1/ppl/m/n/9 Table 3: Vari-ables at Steady State (Con-tin-
 []


Underfull \hbox (badness 1178) in paragraph at lines 263--263
[]\T1/ppl/m/n/9 Table 3: Vari-ables at Steady State (Con-tin-
 []

) (sections/results.tex [24] Excluding 'comment' comment. [25]
Excluding 'comment' comment.) (sections/IRF_monetary_shock.tex [26]
File: ../images/../images/plots/plot_eM_pos_ZMt.png Graphic file (type bmp)
<../images/../images/plots/plot_eM_pos_ZMt.png>
File: ../images/../images/plots/plot_eM_pos_Rt.png Graphic file (type bmp)
<../images/../images/plots/plot_eM_pos_Rt.png>
File: ../images/../images/plots/plot_eM_pos_I1t.png Graphic file (type bmp)
<../images/../images/plots/plot_eM_pos_I1t.png>
File: ../images/../images/plots/plot_eM_pos_I2t.png Graphic file (type bmp)
<../images/../images/plots/plot_eM_pos_I2t.png>
File: ../images/../images/plots/plot_eM_pos_K1t.png Graphic file (type bmp)
<../images/../images/plots/plot_eM_pos_K1t.png>
File: ../images/../images/plots/plot_eM_pos_K2t.png Graphic file (type bmp)
<../images/../images/plots/plot_eM_pos_K2t.png>
File: ../images/../images/plots/plot_eM_pos_lambda1t.png Graphic file (type bmp
)
<../images/../images/plots/plot_eM_pos_lambda1t.png>
File: ../images/../images/plots/plot_eM_pos_lambda2t.png Graphic file (type bmp
)
<../images/../images/plots/plot_eM_pos_lambda2t.png>
File: ../images/../images/plots/plot_eM_pos_Yt.png Graphic file (type bmp)
<../images/../images/plots/plot_eM_pos_Yt.png>
File: ../images/../images/plots/plot_eM_pos_Y1t.png Graphic file (type bmp)
<../images/../images/plots/plot_eM_pos_Y1t.png>
File: ../images/../images/plots/plot_eM_pos_Y2t.png Graphic file (type bmp)
<../images/../images/plots/plot_eM_pos_Y2t.png>
File: ../images/../images/plots/plot_eM_pos_C1t.png Graphic file (type bmp)
<../images/../images/plots/plot_eM_pos_C1t.png>
File: ../images/../images/plots/plot_eM_pos_C2t.png Graphic file (type bmp)
<../images/../images/plots/plot_eM_pos_C2t.png>
File: ../images/../images/plots/plot_eM_pos_C11t.png Graphic file (type bmp)
<../images/../images/plots/plot_eM_pos_C11t.png>
File: ../images/../images/plots/plot_eM_pos_C21t.png Graphic file (type bmp)
<../images/../images/plots/plot_eM_pos_C21t.png>
 [27]
File: ../images/../images/plots/plot_eM_pos_C12t.png Graphic file (type bmp)
<../images/../images/plots/plot_eM_pos_C12t.png>
File: ../images/../images/plots/plot_eM_pos_C22t.png Graphic file (type bmp)
<../images/../images/plots/plot_eM_pos_C22t.png>
File: ../images/../images/plots/plot_eM_pos_L1t.png Graphic file (type bmp)
<../images/../images/plots/plot_eM_pos_L1t.png>
File: ../images/../images/plots/plot_eM_pos_L2t.png Graphic file (type bmp)
<../images/../images/plots/plot_eM_pos_L2t.png>
File: ../images/../images/plots/plot_eM_pos_W1t.png Graphic file (type bmp)
<../images/../images/plots/plot_eM_pos_W1t.png>
File: ../images/../images/plots/plot_eM_pos_W2t.png Graphic file (type bmp)
<../images/../images/plots/plot_eM_pos_W2t.png>
File: ../images/../images/plots/plot_eM_pos_P1t.png Graphic file (type bmp)
<../images/../images/plots/plot_eM_pos_P1t.png>
File: ../images/../images/plots/plot_eM_pos_P2t.png Graphic file (type bmp)
<../images/../images/plots/plot_eM_pos_P2t.png>
File: ../images/../images/plots/plot_eM_pos_Q1t.png Graphic file (type bmp)
<../images/../images/plots/plot_eM_pos_Q1t.png>
File: ../images/../images/plots/plot_eM_pos_Q2t.png Graphic file (type bmp)
<../images/../images/plots/plot_eM_pos_Q2t.png>
File: ../images/../images/plots/plot_eM_pos_pi1t.png Graphic file (type bmp)
<../images/../images/plots/plot_eM_pos_pi1t.png>
File: ../images/../images/plots/plot_eM_pos_pi2t.png Graphic file (type bmp)
<../images/../images/plots/plot_eM_pos_pi2t.png>
File: ../images/../images/plots/plot_eM_pos_pit.png Graphic file (type bmp)
<../images/../images/plots/plot_eM_pos_pit.png>
File: ../images/../images/shock_ZMt/blank.png Graphic file (type bmp)
<../images/../images/shock_ZMt/blank.png>
File: ../images/../images/shock_ZMt/blank.png Graphic file (type bmp)
<../images/../images/shock_ZMt/blank.png>

[28]
File: ../images/../images/plots/plot_eM_pos_C1_C2.png Graphic file (type bmp)
<../images/../images/plots/plot_eM_pos_C1_C2.png>
File: ../images/../images/plots/plot_eM_pos_I1_I2.png Graphic file (type bmp)
<../images/../images/plots/plot_eM_pos_I1_I2.png>
File: ../images/../images/plots/plot_eM_pos_Y1_Y2.png Graphic file (type bmp)
<../images/../images/plots/plot_eM_pos_Y1_Y2.png>
File: ../images/../images/plots/plot_eM_pos_K1_K2.png Graphic file (type bmp)
<../images/../images/plots/plot_eM_pos_K1_K2.png>
 [29]
File: ../images/../images/plots/plot_eM_pos_L1_L2.png Graphic file (type bmp)
<../images/../images/plots/plot_eM_pos_L1_L2.png>
File: ../images/../images/plots/plot_eM_pos_W1_W2.png Graphic file (type bmp)
<../images/../images/plots/plot_eM_pos_W1_W2.png>
File: ../images/../images/plots/plot_eM_pos_Q1_Q2.png Graphic file (type bmp)
<../images/../images/plots/plot_eM_pos_Q1_Q2.png>
File: ../images/../images/plots/plot_eM_pos_P1_P2.png Graphic file (type bmp)
<../images/../images/plots/plot_eM_pos_P1_P2.png>
 Excluding 'comment' comment. [30]
File: ../images/../images/plots/plot_eM_neg_ZMt.png Graphic file (type bmp)
<../images/../images/plots/plot_eM_neg_ZMt.png>
File: ../images/../images/plots/plot_eM_neg_Rt.png Graphic file (type bmp)
<../images/../images/plots/plot_eM_neg_Rt.png>
File: ../images/../images/plots/plot_eM_neg_I1t.png Graphic file (type bmp)
<../images/../images/plots/plot_eM_neg_I1t.png>
File: ../images/../images/plots/plot_eM_neg_I2t.png Graphic file (type bmp)
<../images/../images/plots/plot_eM_neg_I2t.png>
File: ../images/../images/plots/plot_eM_neg_K1t.png Graphic file (type bmp)
<../images/../images/plots/plot_eM_neg_K1t.png>
File: ../images/../images/plots/plot_eM_neg_K2t.png Graphic file (type bmp)
<../images/../images/plots/plot_eM_neg_K2t.png>
File: ../images/../images/plots/plot_eM_neg_lambda1t.png Graphic file (type bmp
)
<../images/../images/plots/plot_eM_neg_lambda1t.png>
File: ../images/../images/plots/plot_eM_neg_lambda2t.png Graphic file (type bmp
)
<../images/../images/plots/plot_eM_neg_lambda2t.png>
File: ../images/../images/plots/plot_eM_neg_Yt.png Graphic file (type bmp)
<../images/../images/plots/plot_eM_neg_Yt.png>
File: ../images/../images/plots/plot_eM_neg_Y1t.png Graphic file (type bmp)
<../images/../images/plots/plot_eM_neg_Y1t.png>
File: ../images/../images/plots/plot_eM_neg_Y2t.png Graphic file (type bmp)
<../images/../images/plots/plot_eM_neg_Y2t.png>
File: ../images/../images/plots/plot_eM_neg_C1t.png Graphic file (type bmp)
<../images/../images/plots/plot_eM_neg_C1t.png>
File: ../images/../images/plots/plot_eM_neg_C2t.png Graphic file (type bmp)
<../images/../images/plots/plot_eM_neg_C2t.png>
File: ../images/../images/plots/plot_eM_neg_C11t.png Graphic file (type bmp)
<../images/../images/plots/plot_eM_neg_C11t.png>
File: ../images/../images/plots/plot_eM_neg_C21t.png Graphic file (type bmp)
<../images/../images/plots/plot_eM_neg_C21t.png>
 [31]
File: ../images/../images/plots/plot_eM_neg_C12t.png Graphic file (type bmp)
<../images/../images/plots/plot_eM_neg_C12t.png>
File: ../images/../images/plots/plot_eM_neg_C22t.png Graphic file (type bmp)
<../images/../images/plots/plot_eM_neg_C22t.png>
File: ../images/../images/plots/plot_eM_neg_L1t.png Graphic file (type bmp)
<../images/../images/plots/plot_eM_neg_L1t.png>
File: ../images/../images/plots/plot_eM_neg_L2t.png Graphic file (type bmp)
<../images/../images/plots/plot_eM_neg_L2t.png>
File: ../images/../images/plots/plot_eM_neg_W1t.png Graphic file (type bmp)
<../images/../images/plots/plot_eM_neg_W1t.png>
File: ../images/../images/plots/plot_eM_neg_W2t.png Graphic file (type bmp)
<../images/../images/plots/plot_eM_neg_W2t.png>
File: ../images/../images/plots/plot_eM_neg_P1t.png Graphic file (type bmp)
<../images/../images/plots/plot_eM_neg_P1t.png>
File: ../images/../images/plots/plot_eM_neg_P2t.png Graphic file (type bmp)
<../images/../images/plots/plot_eM_neg_P2t.png>
File: ../images/../images/plots/plot_eM_neg_Q1t.png Graphic file (type bmp)
<../images/../images/plots/plot_eM_neg_Q1t.png>
File: ../images/../images/plots/plot_eM_neg_Q2t.png Graphic file (type bmp)
<../images/../images/plots/plot_eM_neg_Q2t.png>
File: ../images/../images/plots/plot_eM_neg_pi1t.png Graphic file (type bmp)
<../images/../images/plots/plot_eM_neg_pi1t.png>
File: ../images/../images/plots/plot_eM_neg_pi2t.png Graphic file (type bmp)
<../images/../images/plots/plot_eM_neg_pi2t.png>
File: ../images/../images/plots/plot_eM_neg_pit.png Graphic file (type bmp)
<../images/../images/plots/plot_eM_neg_pit.png>
File: ../images/../images/shock_ZMt/blank.png Graphic file (type bmp)
<../images/../images/shock_ZMt/blank.png>
File: ../images/../images/shock_ZMt/blank.png Graphic file (type bmp)
<../images/../images/shock_ZMt/blank.png>
 [32]
File: ../images/../images/plots/plot_eM_neg_C1_C2.png Graphic file (type bmp)
<../images/../images/plots/plot_eM_neg_C1_C2.png>
File: ../images/../images/plots/plot_eM_neg_I1_I2.png Graphic file (type bmp)
<../images/../images/plots/plot_eM_neg_I1_I2.png>
File: ../images/../images/plots/plot_eM_neg_Y1_Y2.png Graphic file (type bmp)
<../images/../images/plots/plot_eM_neg_Y1_Y2.png>
File: ../images/../images/plots/plot_eM_neg_K1_K2.png Graphic file (type bmp)
<../images/../images/plots/plot_eM_neg_K1_K2.png>
 [33]
File: ../images/../images/plots/plot_eM_neg_L1_L2.png Graphic file (type bmp)
<../images/../images/plots/plot_eM_neg_L1_L2.png>
File: ../images/../images/plots/plot_eM_neg_W1_W2.png Graphic file (type bmp)
<../images/../images/plots/plot_eM_neg_W1_W2.png>
File: ../images/../images/plots/plot_eM_neg_Q1_Q2.png Graphic file (type bmp)
<../images/../images/plots/plot_eM_neg_Q1_Q2.png>
File: ../images/../images/plots/plot_eM_neg_P1_P2.png Graphic file (type bmp)
<../images/../images/plots/plot_eM_neg_P1_P2.png>

Excluding 'comment' comment.) (sections/final_remarks.tex [34]
Excluding 'comment' comment.) (post/references.tex [35] [36] [37])
(post/appendix.tex [38]
\tf@toc=\write7
\openout7 = `paper.toc'.

 Excluding 'comment' comment.)
(sections/reg_model_v2_inv_extended.tex [39]
LaTeX Font Info:    Font shape `U/BOONDOX-calo/m/n' will be
(Font)              scaled to size 10.0pt on input line 44.
LaTeX Font Info:    Font shape `U/BOONDOX-calo/m/n' will be
(Font)              scaled to size 7.6pt on input line 44.
LaTeX Font Info:    Font shape `U/BOONDOX-calo/m/n' will be
(Font)              scaled to size 6.0pt on input line 44.
 [40] Excluding 'comment' comment.
[41] [42] Excluding 'comment' comment. Excluding 'comment' comment. [43]
[44] Excluding 'comment' comment.
LaTeX Font Info:    Font shape `U/BOONDOX-calo/m/n' will be
(Font)              scaled to size 8.0pt on input line 278.
LaTeX Font Info:    Font shape `U/BOONDOX-calo/m/n' will be
(Font)              scaled to size 5.0pt on input line 278.
 [45] [46] Excluding 'comment' comment.
[47] [48] [49] Excluding 'comment' comment. [50] Excluding 'comment' comment.
[51] Excluding 'comment' comment. Excluding 'comment' comment. [52]
Excluding 'comment' comment. Excluding 'comment' comment.
Excluding 'comment' comment. [53] Excluding 'comment' comment. [54]
Excluding 'comment' comment. Excluding 'comment' comment. [55]
Excluding 'comment' comment. Excluding 'comment' comment.
Excluding 'comment' comment. [56] [57] Excluding 'comment' comment. [58]
Excluding 'comment' comment. Excluding 'comment' comment. [59]
Excluding 'comment' comment. Excluding 'comment' comment. [60] [61] [62]
[63] [64] [65] [66] Excluding 'comment' comment. Excluding 'comment' comment.
[67] Excluding 'comment' comment. [68] Excluding 'comment' comment.
Excluding 'comment' comment. [69] Excluding 'comment' comment.
Excluding 'comment' comment. Excluding 'comment' comment. [70]
Excluding 'comment' comment. Excluding 'comment' comment. [71]
Excluding 'comment' comment. Excluding 'comment' comment. [72]
Excluding 'comment' comment. [73] [74] Excluding 'comment' comment.
Excluding 'comment' comment.) (post/appendix_definitions.tex [75]
Excluding 'comment' comment. Excluding 'comment' comment.
Excluding 'comment' comment. [76] Excluding 'comment' comment.
Excluding 'comment' comment. [77] Excluding 'comment' comment.)
(post/appendix_dynare.tex [78]) [79] (paper.aux)
 ***********
LaTeX2e <2023-11-01>
L3 programming layer <2020/03/25>
 ***********


LaTeX Font Warning: Size substitutions with differences
(Font)              up to 2.37163pt have occurred.


LaTeX Warning: There were undefined references.


Package biblatex Warning: Please (re)run Biber on the file:
(biblatex)                paper
(biblatex)                and rerun LaTeX afterwards.

Package logreq Info: Writing requests to 'paper.run.xml'.
\openout1 = `paper.run.xml'.

 ) 
Here is how much of TeX's memory you used:
 49756 strings out of 409617
 1027200 string characters out of 5774013
 2049928 words of memory out of 5000000
 70979 multiletter control sequences out of 15000+600000
 667768 words of font info for 311 fonts, out of 8000000 for 9000
 1350 hyphenation exceptions out of 8191
 97i,26n,125p,1535b,5971s stack positions out of 10000i,1000n,20000p,200000b,200000s

Output written on paper.pdf (79 pages).
