\BOOKMARK [1][-]{section.1}{\376\377\000I\000n\000t\000r\000o\000d\000u\000c\000t\000i\000o\000n}{}% 1
\BOOKMARK [1][-]{section.2}{\376\377\000L\000i\000t\000e\000r\000a\000t\000u\000r\000e\000\040\000R\000e\000v\000i\000e\000w}{}% 2
\BOOKMARK [1][-]{section.3}{\376\377\000M\000o\000d\000e\000l\000s}{}% 3
\BOOKMARK [1][-]{section.4}{\376\377\000t\000e\000s\000t\000e}{}% 4
\BOOKMARK [2][-]{subsection.4.1}{\376\377\000N\000e\000w\000\040\000K\000e\000y\000n\000e\000s\000i\000a\000n\000\040\000M\000o\000d\000e\000l}{section.4}% 5
\BOOKMARK [2][-]{subsection.4.2}{\376\377\000H\000o\000u\000s\000e\000h\000o\000l\000d}{section.4}% 6
\BOOKMARK [2][-]{subsection.4.3}{\376\377\000F\000i\000n\000a\000l\000-\000G\000o\000o\000d\000\040\000F\000i\000r\000m}{section.4}% 7
\BOOKMARK [2][-]{subsection.4.4}{\376\377\000I\000n\000t\000e\000r\000m\000e\000d\000i\000a\000t\000e\000-\000G\000o\000o\000d\000\040\000F\000i\000r\000m\000s}{section.4}% 8
\BOOKMARK [2][-]{subsection.4.5}{\376\377\000M\000o\000n\000e\000t\000a\000r\000y\000\040\000A\000u\000t\000h\000o\000r\000i\000t\000y}{section.4}% 9
\BOOKMARK [2][-]{subsection.4.6}{\376\377\000S\000t\000o\000c\000h\000a\000s\000t\000i\000c\000\040\000S\000h\000o\000c\000k\000s}{section.4}% 10
\BOOKMARK [2][-]{subsection.4.7}{\376\377\000E\000q\000u\000i\000l\000i\000b\000r\000i\000u\000m\000\040\000C\000o\000n\000d\000i\000t\000i\000o\000n\000s}{section.4}% 11
\BOOKMARK [2][-]{subsection.4.8}{\376\377\000S\000t\000e\000a\000d\000y\000\040\000S\000t\000a\000t\000e}{section.4}% 12
\BOOKMARK [2][-]{subsection.4.9}{\376\377\000L\000o\000g\000-\000l\000i\000n\000e\000a\000r\000i\000z\000a\000t\000i\000o\000n}{section.4}% 13
\BOOKMARK [2][-]{subsection.4.10}{\376\377\000R\000e\000g\000i\000o\000n\000a\000l\000\040\000M\000o\000d\000e\000l}{section.4}% 14
\BOOKMARK [2][-]{subsection.4.11}{\376\377\000C\000a\000l\000i\000b\000r\000a\000t\000i\000o\000n}{section.4}% 15
\BOOKMARK [2][-]{subsection.4.12}{\376\377\000D\000a\000t\000a}{section.4}% 16
\BOOKMARK [1][-]{section.5}{\376\377\000R\000e\000s\000u\000l\000t\000s}{}% 17
\BOOKMARK [2][-]{subsection.5.1}{\376\377\000I\000m\000p\000u\000l\000s\000e\000\040\000R\000e\000s\000p\000o\000n\000s\000e\000\040\000F\000u\000n\000c\000t\000i\000o\000n\000s}{section.5}% 18
\BOOKMARK [2][-]{subsection.5.2}{\376\377\000P\000a\000r\000a\000m\000e\000t\000r\000i\000z\000a\000t\000i\000o\000n}{section.5}% 19
\BOOKMARK [1][-]{section.6}{\376\377\000F\000i\000n\000a\000l\000\040\000R\000e\000m\000a\000r\000k\000s}{}% 20
\BOOKMARK [1][-]{section*.225}{\376\377\000R\000e\000f\000e\000r\000e\000n\000c\000e\000s}{}% 21
\BOOKMARK [1][-]{appendix.A}{\376\377\000A\000p\000p\000e\000n\000d\000i\000x}{}% 22
\BOOKMARK [2][-]{subsection.A.1}{\376\377\000G\000r\000e\000e\000k\000\040\000L\000e\000t\000t\000e\000r\000s}{appendix.A}% 23
\BOOKMARK [2][-]{subsection.A.2}{\376\377\000T\000a\000b\000l\000e\000\040\000o\000f\000\040\000t\000h\000e\000\040\000L\000i\000t\000e\000r\000a\000t\000u\000r\000e\000\040\000R\000e\000v\000i\000e\000w}{appendix.A}% 24
\BOOKMARK [2][-]{subsection.A.3}{\376\377\000D\000e\000f\000i\000n\000i\000t\000i\000o\000n\000s\000\040\000a\000n\000d\000\040\000L\000e\000m\000m\000a\000s}{appendix.A}% 25
\BOOKMARK [2][-]{subsection.A.4}{\376\377\000D\000y\000n\000a\000r\000e\000\040\000P\000r\000o\000g\000r\000a\000m}{appendix.A}% 26
