This is XeTeX, Version 3.141592653-2.6-0.999995 (MiKTeX 23.12) (preloaded format=xelatex 2024.1.18)  18 FEB 2024 22:12
entering extended mode
 restricted \write18 enabled.
 %&-line parsing enabled.
**./model.tex
(model.tex
LaTeX2e <2023-11-01>
L3 programming layer <2024-01-04>
(C:\Users\andre\AppData\Local\Programs\MiKTeX\tex/latex/subfiles\subfiles.cls
Document Class: subfiles 2020/11/14 v2.2 Multi-file projects (class)
Preamble taken from file `../quali_slides.tex'
(C:\Users\andre\AppData\Local\Programs\MiKTeX\tex/latex/import\import.sty
Package: import 2020/04/01  v 6.2
)

! LaTeX Error: File `../quali_slides.tex' not found.

Type X to quit or <RETURN> to proceed,
or enter new name. (Default extension: tex)

Enter file name: 
! Emergency stop.
<read *> 
         
l.45 \input{\preamble@file}
                           ^^M
*** (cannot \read from terminal in nonstop modes)

 
Here is how much of TeX's memory you used:
 74 strings out of 409617
 1444 string characters out of 5774013
 1917177 words of memory out of 5000000
 22247 multiletter control sequences out of 15000+600000
 558069 words of font info for 36 fonts, out of 8000000 for 9000
 1348 hyphenation exceptions out of 8191
 42i,0n,55p,145b,18s stack positions out of 10000i,1000n,20000p,200000b,200000s
No pages of output.
