Starting Dynare (version 5.5).
Calling Dynare with arguments: none
Starting preprocessing of the model file ...
Found 29 equation(s).
Evaluating expressions...done
Computing static model derivatives (order 1).
Computing dynamic model derivatives (order 2).
Processing outputs ...
done
Preprocessing completed.


STEADY-STATE RESULTS:

y_gap      		 0
pi_h       		 0
i          		 0
y_nat      		 0
r_nat      		 0
s_nat      		 0
y          		 0
s_gap      		 0
s          		 0
pi         		 0
n          		 0
r_real     		 0
w          		 0
nx         		 0
c          		 0
yhat       		 0
p_h        		 0
p          		 0
er         		 0
d_er       		 0
y_star     		 0
a          		 0
nu         		 0
z          		 0
r_real_ann 		 0
i_ann      		 0
r_nat_ann  		 0
pi_ann     		 0
pi_h_ann   		 0

EIGENVALUES:
         Modulus             Real        Imaginary

               0                0                0
       1.415e-16        1.415e-16                0
             0.5              0.5                0
             0.5              0.5                0
             0.9              0.9                0
               1                1                0
               1                1                0
           1.182            1.154           0.2533
           1.182            1.154          -0.2533


There are 2 eigenvalue(s) larger than 1 in modulus 
for 2 forward-looking variable(s)

The rank condition is verified.


MODEL SUMMARY

  Number of variables:         29
  Number of stochastic shocks: 4
  Number of state variables:   7
  Number of jumpers:           2
  Number of static variables:  20


MATRIX OF COVARIANCE OF EXOGENOUS SHOCKS
Variables      eps_nu     eps_a     eps_z    p_star
eps_nu       0.062500  0.000000  0.000000  0.000000
eps_a        0.000000  0.000000  0.000000  0.000000
eps_z        0.000000  0.000000  0.000000  0.000000
p_star       0.000000  0.000000  0.000000  0.000000

POLICY AND TRANSITION FUNCTIONS
                               y_gap               n        pi_h_ann          pi_ann             p_h               p               s              er           i_ann      r_real_ann
s(-1)                              0               0               0       -1.600000               0       -0.400000               0               0               0               0
p_h(-1)                            0               0               0               0        1.000000               0               0        1.000000               0               0
p(-1)                              0               0               0               0               0        1.000000               0               0               0               0
a(-1)                      -0.173084       -0.230778       -1.090374        0.072692       -0.272594        0.018173        0.726916        0.454323       -1.272104       -0.290767
nu(-1)                     -0.518170       -0.690894       -0.704575       -1.533647       -0.176144       -0.383412       -0.518170       -0.694314        0.684053        1.036340
z(-1)                       0.171644        0.195525        0.233390       -0.011979        0.058348       -0.002995       -0.153356       -0.095009        0.423407        0.306712
eps_nu                     -1.036340       -1.381787       -1.409149       -3.067294       -0.352287       -0.766823       -1.036340       -1.388628        1.368106        2.072681
eps_a                      -0.192315       -0.256420       -1.211527        0.080768       -0.302882        0.020192        0.807685        0.504803       -1.413448       -0.323074
eps_z                       0.343288        0.391050        0.466781       -0.023959        0.116695       -0.005990       -0.306712       -0.190017        0.846815        0.613425
p_star                             0               0               0               0               0               0               0       -1.000000               0               0


THEORETICAL MOMENTS
VARIABLE           MEAN  STD. DEV.   VARIANCE
y_gap            0.0000     0.2992     0.0895
n                0.0000     0.3989     0.1591
pi_h_ann         0.0000     0.4068     0.1655
pi_ann           0.0000     0.7677     0.5893
p_h                 NaN        NaN        NaN
p                   NaN        NaN        NaN
s                0.0000     0.2992     0.0895
er                  NaN        NaN        NaN
i_ann            0.0000     0.3949     0.1560
r_real_ann       0.0000     0.5983     0.3580



VARIANCE DECOMPOSITION (in percent)
              eps_nu   eps_a   eps_z  p_star
y_gap         100.00    0.00    0.00    0.00
n             100.00    0.00    0.00    0.00
pi_h_ann      100.00    0.00    0.00    0.00
pi_ann        100.00    0.00    0.00    0.00
s             100.00    0.00    0.00    0.00
i_ann         100.00    0.00    0.00    0.00
r_real_ann    100.00    0.00    0.00    0.00



MATRIX OF CORRELATIONS
Variables          y_gap           n    pi_h_ann      pi_ann           s       i_ann  r_real_ann
y_gap             1.0000      1.0000      1.0000      0.8417      1.0000     -1.0000     -1.0000
n                 1.0000      1.0000      1.0000      0.8417      1.0000     -1.0000     -1.0000
pi_h_ann          1.0000      1.0000      1.0000      0.8417      1.0000     -1.0000     -1.0000
pi_ann            0.8417      0.8417      0.8417      1.0000      0.8417     -0.8417     -0.8417
s                 1.0000      1.0000      1.0000      0.8417      1.0000     -1.0000     -1.0000
i_ann            -1.0000     -1.0000     -1.0000     -0.8417     -1.0000      1.0000      1.0000
r_real_ann       -1.0000     -1.0000     -1.0000     -0.8417     -1.0000      1.0000      1.0000



COEFFICIENTS OF AUTOCORRELATION
Order               1        2        3        4        5
y_gap          0.5000   0.2500   0.1250   0.0625   0.0312
n              0.5000   0.2500   0.1250   0.0625   0.0312
pi_h_ann       0.5000   0.2500   0.1250   0.0625   0.0313
pi_ann        -0.0394  -0.0197  -0.0099  -0.0049  -0.0025
s              0.5000   0.2500   0.1250   0.0625   0.0313
i_ann          0.5000   0.2500   0.1250   0.0625   0.0312
r_real_ann     0.5000   0.2500   0.1250   0.0625   0.0312

MODEL SUMMARY

  Number of variables:         29
  Number of stochastic shocks: 4
  Number of state variables:   7
  Number of jumpers:           2
  Number of static variables:  20


MATRIX OF COVARIANCE OF EXOGENOUS SHOCKS
Variables      eps_nu     eps_a     eps_z    p_star
eps_nu       0.000000  0.000000  0.000000  0.000000
eps_a        0.000000  1.000000  0.000000  0.000000
eps_z        0.000000  0.000000  0.000000  0.000000
p_star       0.000000  0.000000  0.000000  0.000000

POLICY AND TRANSITION FUNCTIONS
                                   y           y_gap            pi_h              pi               s            d_er
s(-1)                              0               0               0       -0.400000               0               0
p_h(-1)                            0               0               0               0               0        1.000000
er(-1)                             0               0               0               0               0       -1.000000
a(-1)                       0.726916       -0.173084       -0.272594        0.018173        0.726916        0.454323
nu(-1)                     -0.518170       -0.518170       -0.176144       -0.383412       -0.518170       -0.694314
z(-1)                       0.146644        0.171644        0.058348       -0.002995       -0.153356       -0.095009
eps_nu                     -1.036340       -1.036340       -0.352287       -0.766823       -1.036340       -1.388628
eps_a                       0.807685       -0.192315       -0.302882        0.020192        0.807685        0.504803
eps_z                       0.293288        0.343288        0.116695       -0.005990       -0.306712       -0.190017
p_star                             0               0               0               0               0       -1.000000


THEORETICAL MOMENTS
VARIABLE         MEAN  STD. DEV.   VARIANCE
y              0.0000     1.8530     3.4334
y_gap          0.0000     0.4412     0.1947
pi_h           0.0000     0.6949     0.4828
pi             0.0000     0.6998     0.4897
s              0.0000     1.8530     3.4334
d_er           0.0000     0.9550     0.9120



VARIANCE DECOMPOSITION (in percent)
         eps_nu   eps_a   eps_z  p_star
y          0.00  100.00    0.00    0.00
y_gap      0.00  100.00    0.00    0.00
pi_h       0.00  100.00    0.00    0.00
pi         0.00  100.00    0.00    0.00
s          0.00  100.00    0.00    0.00
d_er       0.00  100.00    0.00    0.00



MATRIX OF CORRELATIONS
Variables          y    y_gap     pi_h       pi        s     d_er
y             1.0000  -1.0000  -1.0000  -0.8870   1.0000  -0.5336
y_gap        -1.0000   1.0000   1.0000   0.8870  -1.0000   0.5336
pi_h         -1.0000   1.0000   1.0000   0.8870  -1.0000   0.5336
pi           -0.8870   0.8870   0.8870   1.0000  -0.8870   0.8638
s             1.0000  -1.0000  -1.0000  -0.8870   1.0000  -0.5336
d_er         -0.5336   0.5336   0.5336   0.8638  -0.5336   1.0000



COEFFICIENTS OF AUTOCORRELATION
Order          1       2       3       4       5
y         0.9000  0.8100  0.7290  0.6561  0.5905
y_gap     0.9000  0.8100  0.7290  0.6561  0.5905
pi_h      0.9000  0.8100  0.7290  0.6561  0.5905
pi        0.8867  0.7980  0.7182  0.6464  0.5817
s         0.9000  0.8100  0.7290  0.6561  0.5905
d_er      0.4529  0.4076  0.3669  0.3302  0.2972


Table 8.1: Properties of simple policy rules
                   FDIT
sigma(y)          1.853
sigma(tilde y)    0.441
sigma(pi_h)       0.695
sigma(pi)         0.700
sigma(s)          1.853
sigma(Delta e)    0.955
L                 0.612
Total computing time : 0h00m04s
