Starting Dynare (version 5.5).
Calling Dynare with arguments: none
Starting preprocessing of the model file ...
Substitution of endo leads >= 2: added 2 auxiliary variables and equations.
Found 16 equation(s).
Evaluating expressions...done
Computing static model derivatives (order 1).
Computing dynamic model derivatives (order 1).
Processing outputs ...
done
Preprocessing completed.





Residuals of the static equations:

Equation number 1 : 0 : Euler equation
Equation number 2 : 0 : FOC capital
Equation number 3 : 0 : FOC hours worked
Equation number 4 : 0 : cash in advance constraint
Equation number 5 : 0 : Budget constraint
Equation number 6 : 0 : Firm FOC labor
Equation number 7 : 0 : Firm FOC capital
Equation number 8 : 0 : Evolution foreign bonds
Equation number 9 : 0 : foreign interest rate
Equation number 10 : 0 : Definition exchange rate
Equation number 11 : 0 : Definition money growth
Equation number 12 : 0 : LOM TFP
Equation number 13 : 0 : LOM money
Equation number 14 : 0 : LOM foreign price



STEADY-STATE RESULTS:

w                		 2.3706
r                		 0.035101
c                		 0.909648
k                		 12.2692
h                		 0.322964
m                		 0.909648
p                		 1
pstar            		 1
g                		 1
lambda           		 1
b                		 1.9899
rf               		 0.010101
e                		 1
x                		 -0.0201

MODEL SUMMARY

  Number of variables:         16
  Number of stochastic shocks: 3
  Number of state variables:   7
  Number of jumpers:           4
  Number of static variables:  5


MATRIX OF COVARIANCE OF EXOGENOUS SHOCKS
Variables     eps_lambda       eps_g   eps_pstar
eps_lambda      1.000000    0.000000    0.000000
eps_g           0.000000    1.000000    0.000000
eps_pstar       0.000000    0.000000    1.000000

POLICY AND TRANSITION FUNCTIONS
                                   k               c               w               b               m               p               e              rf               r
Constant                   12.269152        0.909648        2.370598        1.989899        0.909648        1.000000        1.000000        0.010101        0.035101
k(-1)                       0.956933        0.027726        0.072257        0.023021               0       -0.030480       -0.030480       -0.000230       -0.001902
m(-1)                              0               0               0               0        1.000000        1.099326        1.099326               0               0
pstar(-1)                  -0.355328       -0.228621       -0.595801        1.099360               0        0.251330       -0.698670        0.007910        0.015683
g(-1)                      -0.108042       -0.618430        0.527798        0.252974        0.864166        1.629857        1.629857       -0.002530       -0.013893
lambda(-1)                  0.934762        0.632684        1.648814        0.110209               0       -0.695527       -0.695527       -0.001102        0.049226
b(-1)                       0.045438        0.043727        0.113955        0.818705               0       -0.048070       -0.048070       -0.008187       -0.003000
rf(-1)                      0.089513        0.086142        0.224491        1.612849               0       -0.094698       -0.094698       -0.016128       -0.005909
eps_lambda                  0.009840        0.006660        0.017356        0.001160               0       -0.007321       -0.007321       -0.000012        0.000518
eps_g                      -0.001137       -0.006510        0.005556        0.002663        0.009096        0.017156        0.017156       -0.000027       -0.000146
eps_pstar                  -0.003740       -0.002407       -0.006272        0.011572               0        0.002646       -0.007354        0.000083        0.000165


THEORETICAL MOMENTS
VARIABLE         MEAN  STD. DEV.   VARIANCE
k             12.2692     0.5598     0.3133
c              0.9096     0.0415     0.0017
w              2.3706     0.0967     0.0094
b              1.9899     0.1874     0.0351
m                 NaN        NaN        NaN
p                 NaN        NaN        NaN
e                 NaN        NaN        NaN
rf             0.0101     0.0014     0.0000
r              0.0351     0.0014     0.0000



VARIANCE DECOMPOSITION (in percent)
      eps_lambda       eps_g   eps_pstar
k          98.24        0.31        1.45
c          75.66       23.48        0.85
w          94.77        4.16        1.07
b          16.72        3.72       79.56
rf         30.17        6.71       63.12
r          83.51       13.13        3.36



MATRIX OF CORRELATIONS
Variables          k        c        w        b       rf        r
k             1.0000   0.8098   0.8738   0.2904  -0.4384  -0.1130
c             0.8098   1.0000   0.7578   0.1954  -0.2946   0.3899
w             0.8738   0.7578   1.0000   0.3527  -0.5097   0.1666
b             0.2904   0.1954   0.3527   1.0000  -0.9662  -0.0488
rf           -0.4384  -0.2946  -0.5097  -0.9662   1.0000   0.1292
r            -0.1130   0.3899   0.1666  -0.0488   0.1292   1.0000



COEFFICIENTS OF AUTOCORRELATION
Order          1       2       3       4       5
k         0.9990  0.9962  0.9917  0.9857  0.9784
c         0.9725  0.9460  0.9205  0.8958  0.8719
w         0.9797  0.9595  0.9395  0.9196  0.8999
b         0.9950  0.9822  0.9637  0.9410  0.9154
rf        0.9916  0.9774  0.9590  0.9373  0.9134
r         0.9177  0.8413  0.7703  0.7043  0.6429
Total computing time : 0h00m14s
