Starting Dynare (version 5.5).
Calling Dynare with arguments: savemacro=NK_Inv_MonPol_FINAL.mod
Starting preprocessing of the model file ...
Found 12 equation(s).
Evaluating expressions...done
Computing static model derivatives (order 1).
Computing dynamic model derivatives (order 2).
Processing outputs ...
done
Preprocessing completed.


STEADY-STATE RESULTS:

PIt  		 0
Pt   		 0
LAMt 		 0
Ct   		 0
Lt   		 0
Rt   		 0
Kt   		 0
It   		 0
Wt   		 0
ZAt  		 0
Yt   		 0
ZMt  		 0

EIGENVALUES:
         Modulus             Real        Imaginary

          0.8327           0.8278           0.0899
          0.8327           0.8278          -0.0899
             0.9              0.9                0
            0.95             0.95                0
          0.9581           0.9581                0
           1.062            1.062                0
           1.235            1.235                0
       3.104e+16       -3.104e+16                0
             Inf              Inf                0


There are 4 eigenvalue(s) larger than 1 in modulus 
for 4 forward-looking variable(s)

The rank condition is verified.


MODEL SUMMARY

  Number of variables:         12
  Number of stochastic shocks: 2
  Number of state variables:   5
  Number of jumpers:           4
  Number of static variables:  5


MATRIX OF COVARIANCE OF EXOGENOUS SHOCKS
Variables    epsilonA  epsilonM
epsilonA     0.000000  0.000000
epsilonM     0.000000  0.000100

POLICY AND TRANSITION FUNCTIONS
                                 ZAt             ZMt              Yt              Pt             PIt            LAMt              Ct              Lt              Rt              Kt              It              Wt
Kt(-1)                             0               0        0.396961        0.151360        0.151360        0.542256        0.379299        0.072248        0.090577        0.986690        0.467609        1.018329
ZAt(-1)                     0.950000               0        0.782184       -0.116716       -0.116716       -0.698746        0.364443       -0.258179       -0.033279        0.061329        2.453147        0.224900
ZMt(-1)                            0        0.900000        0.212928        0.377389        0.377389        0.509419       -0.048303        0.327581        1.099736        0.031446        1.257852        0.772154
Pt(-1)                             0               0       -0.243483        0.784584       -0.215416       -0.659209        0.016890       -0.374589       -0.118108       -0.032124       -1.284976        0.256481
Rt(-1)                             0               0        0.195970        0.089896        0.089896        0.556593       -0.000584        0.301492        0.842459        0.024555        0.982183        0.540967
epsilonA                    1.000000               0        0.823351       -0.122859       -0.122859       -0.735522        0.383624       -0.271768       -0.035030        0.064556        2.582260        0.236737
epsilonM                           0        1.000000        0.236587        0.419321        0.419321        0.566021       -0.053670        0.363979        1.221929        0.034940        1.397614        0.857949


THEORETICAL MOMENTS
VARIABLE         MEAN  STD. DEV.   VARIANCE
ZAt            0.0000     0.0000     0.0000
ZMt            0.0000     0.0229     0.0005
Yt             0.0000     0.0123     0.0002
Pt             0.0000     0.0821     0.0067
PIt            0.0000     0.0093     0.0001
LAMt           0.0000     0.0306     0.0009
Ct             0.0000     0.0057     0.0000
Lt             0.0000     0.0162     0.0003
Rt             0.0000     0.1024     0.0105
Kt             0.0000     0.0133     0.0002
It             0.0000     0.0558     0.0031
Wt             0.0000     0.1040     0.0108



VARIANCE DECOMPOSITION (in percent)
        epsilonA  epsilonM
ZAt       100.00      0.00
ZMt         0.00    100.00
Yt          0.00    100.00
Pt          0.00    100.00
PIt         0.00    100.00
LAMt        0.00    100.00
Ct          0.00    100.00
Lt          0.00    100.00
Rt          0.00    100.00
Kt          0.00    100.00
It          0.00    100.00
Wt          0.00    100.00



MATRIX OF CORRELATIONS
Variables        ZMt       Yt       Pt      PIt     LAMt       Ct       Lt       Rt       Kt       It       Wt
ZMt           1.0000   0.9147   0.7575   0.6687   0.8657   0.4931   0.7913   0.8950   0.6894   0.8068   0.8372
Yt            0.9147   1.0000   0.7080   0.7082   0.9866   0.4231   0.9278   0.9126   0.6201   0.9294   0.8224
Pt            0.7575   0.7080   1.0000   0.0566   0.5856   0.9361   0.3936   0.9348   0.9930   0.3986   0.9840
PIt           0.6687   0.7082   0.0566   1.0000   0.7893  -0.2973   0.8925   0.3859  -0.0548   0.9014   0.2211
LAMt          0.8657   0.9866   0.5856   0.7893   1.0000   0.2761   0.9750   0.8352   0.4863   0.9745   0.7207
Ct            0.4931   0.4231   0.9361  -0.2973   0.2761   1.0000   0.0562   0.7554   0.9695   0.0587   0.8616
Lt            0.7913   0.9278   0.3936   0.8925   0.9750   0.0562   1.0000   0.6942   0.2828   0.9993   0.5509
Rt            0.8950   0.9126   0.9348   0.3859   0.8352   0.7554   0.6942   1.0000   0.8866   0.6976   0.9831
Kt            0.6894   0.6201   0.9930  -0.0548   0.4863   0.9695   0.2828   0.8866   1.0000   0.2882   0.9562
It            0.8068   0.9294   0.3986   0.9014   0.9745   0.0587   0.9993   0.6976   0.2882   1.0000   0.5551
Wt            0.8372   0.8224   0.9840   0.2211   0.7207   0.8616   0.5509   0.9831   0.9562   0.5551   1.0000



COEFFICIENTS OF AUTOCORRELATION
Order          1       2       3       4       5
ZMt       0.9000  0.8100  0.7290  0.6561  0.5905
Yt        0.9687  0.8995  0.8078  0.7048  0.5989
Pt        0.9936  0.9758  0.9484  0.9132  0.8720
PIt       0.8845  0.7500  0.6095  0.4721  0.3436
LAMt      0.9660  0.8867  0.7808  0.6623  0.5410
Ct        0.9868  0.9613  0.9262  0.8838  0.8362
Lt        0.9579  0.8668  0.7477  0.6161  0.4828
Rt        0.9848  0.9479  0.8962  0.8353  0.7694
Kt        0.9947  0.9793  0.9549  0.9228  0.8844
It        0.9536  0.8606  0.7414  0.6106  0.4788
Wt        0.9902  0.9647  0.9274  0.8816  0.8302
Total computing time : 0h00m03s
