Starting Dynare (version 5.4).
Calling Dynare with arguments: savemacro=REG_MODEL_FINAL.mod
Starting preprocessing of the model file ...
Found 31 equation(s).
Evaluating expressions...done
Computing static model derivatives (order 1).
Computing dynamic model derivatives (order 2).
Processing outputs ...
done
Preprocessing completed.


STEADY-STATE RESULTS:

C1t      		 0
C2t      		 0
C11t     		 0
C21t     		 0
C12t     		 0
C22t     		 0
L1t      		 0
L2t      		 0
K1t      		 0
K2t      		 0
Yt       		 0
Y1t      		 0
Y2t      		 0
I1t      		 0
I2t      		 0
ZA1t     		 0
ZA2t     		 0
E1t      		 0
E2t      		 0
Pt       		 0
P1t      		 0
P2t      		 0
Rt       		 0
RKt      		 0
Wt       		 0
pit      		 0
pi1t     		 0
pi2t     		 0
lambda1t 		 0
lambda2t 		 0
ZMt      		 0

EIGENVALUES:
         Modulus             Real        Imaginary

       1.649e-18       -1.649e-18                0
       5.176e-15       -5.176e-15                0
        0.009243         0.009243                0
          0.7948           0.7948                0
             0.9              0.9                0
            0.95             0.95                0
            0.95             0.95                0
          0.9922           0.9922                0
               1                1                0
               1                1                0
           1.021            1.021                0
            1.19             1.19                0
            2.02             2.02                0
        3.38e+08         3.38e+08                0
        4.54e+15         4.54e+15                0
             Inf              Inf                0
             Inf              Inf                0
             Inf              Inf                0


There are 9 eigenvalue(s) larger than 1 in modulus 
for 9 forward-looking variable(s)

The rank condition ISN'T verified!

