Starting Dynare (version 5.5).
Calling Dynare with arguments: savemacro=reg_model_v2_inv_ZM.mod
Starting preprocessing of the model file ...
Found 34 equation(s).
Evaluating expressions...done
Computing static model derivatives (order 1).
Computing dynamic model derivatives (order 2).
Processing outputs ...
done
Preprocessing completed.





Residuals of the static equations:

Equation number 1 : 0 : Regional Gross Inflation Rate
Equation number 2 : 0 : pi2t
Equation number 3 : 0 : New Keynesian Phillips Curve
Equation number 4 : 0 : 4
Equation number 5 : 0 : 5
Equation number 6 : 0 : 6
Equation number 7 : 0 : Regional Consumption Weight
Equation number 8 : 0 : 8
Equation number 9 : 0 : Regional Consumption of Good 1
Equation number 10 : 0 : 10
Equation number 11 : 0 : Regional Price Index
Equation number 12 : 0 : Q2t
Equation number 13 : 0 : Labor Supply
Equation number 14 : 0 : 14
Equation number 15 : 0 : Law of Motion for Capital
Equation number 16 : 0 : 16
Equation number 17 : 0 : Kx2t
Equation number 18 : 0 : 18
Equation number 19 : 0 : Euler equation for capital return
Equation number 20 : 0 : 20
Equation number 21 : 0 : Production Function
Equation number 22 : 0 : Y2t
Equation number 23 : 0 : Techincal and Economic MRSs
Equation number 24 : 0 : 24
Equation number 25 : 0 : Marginal Cost
Equation number 26 : 0 : lambda2t
Equation number 27 : 0 : Monetary Policy
Equation number 28 : 0 : National Gross Inflation Rate
Equation number 29 : 0 : Goods-Market Clearing Condition
Equation number 30 : 0 : Regional Goods-Market Clearing Condition
Equation number 31 : 0 : 31
Equation number 32 : 0 : Productivity Shock
Equation number 33 : 0 : ZA2t
Equation number 34 : 0 : Monetary Shock



STEADY-STATE RESULTS:

C1t      		 0
C2t      		 0
L1t      		 0
L2t      		 0
K1t      		 0
K2t      		 0
I1t      		 0
I2t      		 0
C11t     		 0
C21t     		 0
C12t     		 0
C22t     		 0
Y1t      		 0
Y2t      		 0
Yt       		 0
ZA1t     		 0
ZA2t     		 0
ZMt      		 0
Q1t      		 0
Q2t      		 0
P1t      		 0
P2t      		 0
Rt       		 0
W1t      		 0
W2t      		 0
pit      		 0
pi1t     		 0
pi2t     		 0
lambda1t 		 0
lambda2t 		 0
pix1t    		 0
pix2t    		 0
Kx1t     		 0
Kx2t     		 0

EIGENVALUES:
         Modulus             Real        Imaginary

          0.8045           0.8045                0
          0.8528           0.8253           0.2146
          0.8528           0.8253          -0.2146
          0.8698           0.8616            0.119
          0.8698           0.8616           -0.119
             0.9              0.9                0
            0.95             0.95                0
            0.95             0.95                0
           0.996            0.996                0
               1                1                0
           1.301            1.301                0
           1.361            1.361                0
       2.767e+17        2.767e+17                0
             Inf              Inf                0
             Inf              Inf                0
             Inf              Inf                0
             Inf              Inf                0


There are 7 eigenvalue(s) larger than 1 in modulus 
for 7 forward-looking variable(s)

The rank condition is verified.


MODEL SUMMARY

  Number of variables:         34
  Number of stochastic shocks: 7
  Number of state variables:   10
  Number of jumpers:           7
  Number of static variables:  20


MATRIX OF COVARIANCE OF EXOGENOUS SHOCKS
Variables         e_A1       e_A2        e_M   sunspot1   sunspot2  sunspotK1  sunspotK2
e_A1          0.000000   0.000000   0.000000   0.000000   0.000000   0.000000   0.000000
e_A2          0.000000   0.000000   0.000000   0.000000   0.000000   0.000000   0.000000
e_M           0.000000   0.000000   0.000100   0.000000   0.000000   0.000000   0.000000
sunspot1      0.000000   0.000000   0.000000   0.000000   0.000000   0.000000   0.000000
sunspot2      0.000000   0.000000   0.000000   0.000000   0.000000   0.000000   0.000000
sunspotK1     0.000000   0.000000   0.000000   0.000000   0.000000   0.000000   0.000000
sunspotK2     0.000000   0.000000   0.000000   0.000000   0.000000   0.000000   0.000000

POLICY AND TRANSITION FUNCTIONS
                                ZA1t             pit              Rt             I1t             I2t             K1t             K2t        lambda1t        lambda2t              Yt             Y1t             Y2t             C1t             C2t            C11t            C21t            C12t            C22t             L1t             L2t             W1t             W2t             P1t             P2t             Q1t             Q2t            pi1t            pi2t             ZMt            ZA2t
ZA1t(-1)                    0.950000               0        0.003080       -5.478562        0.004466               0               0       -0.133130        0.002271        0.091653        0.136209        0.000809        1.696937        0.000096        1.696937        0.000096        1.696937        0.000096       -1.356318        0.001155        1.359397        0.001924               0               0               0               0               0               0               0               0
ZA2t(-1)                           0               0        0.000922       -0.193744       -6.934986               0               0        0.016807       -0.114843        0.027437       -0.015885        0.115764        0.033554        1.490167        0.033554        1.490167        0.033554        1.490167       -0.026475       -1.191765        0.027397        1.192687               0               0               0               0               0               0               0        0.950000
ZMt(-1)                            0               0        0.956190       18.646129       22.747759               0               0       -0.728016       -0.691882        1.672315        1.684206        1.648072       -3.030668       -2.464891       -3.030668       -2.464891       -3.030668       -2.464891        2.807010        2.354388       -1.850821       -1.398199               0               0               0               0               0               0        0.900000               0
pix1t(-1)                          0        0.670927        0.202853      -72.867106       -3.856624               0               0        5.277080        0.436979       -4.152405       -6.074227       -0.234126       12.492066        0.472008       12.020066       -0.432992       13.020066        0.567008      -10.123712       -0.334465       10.326565        0.537318        1.000000               0        0.528000        0.095000        1.000000               0               0               0
pix2t(-1)                          0        0.329073        0.065688      -11.871114     -106.745232               0               0        1.107829        6.187473       -3.042790       -1.042140       -7.121785        1.967970       12.297817        2.439970       13.202817        1.439970       12.202817       -1.736900      -10.173978        1.802589       10.239667               0        1.000000        0.472000        0.905000               0        1.000000               0               0
Kx1t(-1)                           0               0        0.023567        7.517922        0.672694        1.000000               0        0.001683       -0.024380        0.701387        1.021884        0.047947       -0.783808       -0.073835       -0.783808       -0.073835       -0.783808       -0.073835        1.036473        0.068495       -0.012906       -0.044928               0               0               0               0               0               0               0               0
Kx2t(-1)                           0               0        0.011657        0.322396        9.891909               0        1.000000       -0.016738        0.015304        0.346924        0.028395        0.996353       -0.053328       -0.737658       -0.053328       -0.737658       -0.053328       -0.737658        0.047325        0.994789       -0.035668        0.016867               0               0               0               0               0               0               0               0
P1t(-1)                            0               0       -0.041726      -19.840314       -3.560928               0               0        0.683748        0.214089       -1.241848       -1.725474       -0.255815        3.309874        0.388450        2.837874       -0.516550        3.837874        0.483450       -2.875790       -0.365451        2.834064        0.323725        1.000000               0        0.528000        0.095000               0               0               0               0
P2t(-1)                            0               0       -0.035236       -5.409611      -30.018701               0               0        0.487572        1.085669       -1.048700       -0.522809       -2.120905        0.835567        3.317213        1.307567        4.222213        0.307567        3.222213       -0.871348       -3.029865        0.836112        2.994628               0        1.000000        0.472000        0.905000               0               0               0               0
Rt(-1)                             0               0        0.810803        5.953486        7.580220               0               0        0.197861        0.179055        0.619130        0.612941        0.631747       -0.871560       -0.722719       -0.871560       -0.722719       -0.871560       -0.722719        1.021569        0.902496       -0.210766       -0.091693               0               0               0               0               0               0               0               0
e_A1                        1.000000               0        0.003242       -5.766907        0.004701               0               0       -0.140137        0.002390        0.096476        0.143378        0.000851        1.786249        0.000101        1.786249        0.000101        1.786249        0.000101       -1.427703        0.001216        1.430944        0.002026               0               0               0               0               0               0               0               0
e_A2                               0               0        0.000970       -0.203941       -7.299985               0               0        0.017691       -0.120887        0.028882       -0.016721        0.121857        0.035320        1.568597        0.035320        1.568597        0.035320        1.568597       -0.027868       -1.254490        0.028838        1.255460               0               0               0               0               0               0               0        1.000000
e_M                                0               0        1.062433       20.717921       25.275287               0               0       -0.808907       -0.768758        1.858128        1.871340        1.831191       -3.367409       -2.738767       -3.367409       -2.738767       -3.367409       -2.738767        3.118900        2.615987       -2.056467       -1.553554               0               0               0               0               0               0        1.000000               0
sunspot1                           0        0.670927        0.202853      -72.867106       -3.856624               0               0        5.277080        0.436979       -4.152405       -6.074227       -0.234126       12.492066        0.472008       12.020066       -0.432992       13.020066        0.567008      -10.123712       -0.334465       10.326565        0.537318        1.000000               0        0.528000        0.095000        1.000000               0               0               0
sunspot2                           0        0.329073        0.065688      -11.871114     -106.745232               0               0        1.107829        6.187473       -3.042790       -1.042140       -7.121785        1.967970       12.297817        2.439970       13.202817        1.439970       12.202817       -1.736900      -10.173978        1.802589       10.239667               0        1.000000        0.472000        0.905000               0        1.000000               0               0
sunspotK1                          0               0        0.023567        7.517922        0.672694        1.000000               0        0.001683       -0.024380        0.701387        1.021884        0.047947       -0.783808       -0.073835       -0.783808       -0.073835       -0.783808       -0.073835        1.036473        0.068495       -0.012906       -0.044928               0               0               0               0               0               0               0               0
sunspotK2                          0               0        0.011657        0.322396        9.891909               0        1.000000       -0.016738        0.015304        0.346924        0.028395        0.996353       -0.053328       -0.737658       -0.053328       -0.737658       -0.053328       -0.737658        0.047325        0.994789       -0.035668        0.016867               0               0               0               0               0               0               0               0


THEORETICAL MOMENTS
VARIABLE         MEAN  STD. DEV.   VARIANCE
ZA1t           0.0000     0.0000     0.0000
pit            0.0000     0.0016     0.0000
Rt                NaN        NaN        NaN
I1t               NaN        NaN        NaN
I2t               NaN        NaN        NaN
K1t               NaN        NaN        NaN
K2t               NaN        NaN        NaN
lambda1t       0.0000     0.0124     0.0002
lambda2t       0.0000     0.0117     0.0001
Yt                NaN        NaN        NaN
Y1t               NaN        NaN        NaN
Y2t               NaN        NaN        NaN
C1t               NaN        NaN        NaN
C2t               NaN        NaN        NaN
C11t              NaN        NaN        NaN
C21t              NaN        NaN        NaN
C12t              NaN        NaN        NaN
C22t              NaN        NaN        NaN
L1t               NaN        NaN        NaN
L2t               NaN        NaN        NaN
W1t               NaN        NaN        NaN
W2t               NaN        NaN        NaN
P1t               NaN        NaN        NaN
P2t               NaN        NaN        NaN
Q1t               NaN        NaN        NaN
Q2t               NaN        NaN        NaN
pi1t           0.0000     0.0017     0.0000
pi2t           0.0000     0.0015     0.0000
ZMt            0.0000     0.0229     0.0005
ZA2t           0.0000     0.0000     0.0000



VARIANCE DECOMPOSITION (in percent)
                 e_A1       e_A2        e_M   sunspot1   sunspot2  sunspotK1  sunspotK2
ZA1t           100.00       0.00       0.00       0.00       0.00       0.00       0.00
pit              0.00       0.00     100.00       0.00       0.00       0.00       0.00
lambda1t         0.00       0.00     100.00       0.00       0.00       0.00       0.00
lambda2t         0.00       0.00     100.00       0.00       0.00       0.00       0.00
pi1t             0.00       0.00     100.00       0.00       0.00       0.00       0.00
pi2t             0.00       0.00     100.00       0.00       0.00       0.00       0.00
ZMt              0.00       0.00     100.00       0.00       0.00       0.00       0.00
ZA2t             0.00     100.00       0.00       0.00       0.00       0.00       0.00



MATRIX OF CORRELATIONS
Variables         pit  lambda1t  lambda2t      pi1t      pi2t       ZMt
pit            1.0000    0.2211    0.2670    0.9991    0.9952    0.0871
lambda1t       0.2211    1.0000    0.9978    0.2330    0.1927   -0.0184
lambda2t       0.2670    0.9978    1.0000    0.2776    0.2414   -0.0257
pi1t           0.9991    0.2330    0.2776    1.0000    0.9900    0.0760
pi2t           0.9952    0.1927    0.2414    0.9900    1.0000    0.1114
ZMt            0.0871   -0.0184   -0.0257    0.0760    0.1114    1.0000



COEFFICIENTS OF AUTOCORRELATION
Order             1        2        3        4        5
pit          0.9203   0.7441   0.5215   0.2902   0.0766
lambda1t     0.6075   0.2952   0.0605  -0.1035  -0.2062
lambda2t     0.6040   0.2857   0.0455  -0.1220  -0.2256
pi1t         0.9231   0.7528   0.5372   0.3124   0.1037
pi2t         0.9147   0.7265   0.4897   0.2452   0.0216
ZMt          0.9000   0.8100   0.7290   0.6561   0.5905
Total computing time : 0h00m03s
