Starting Dynare (version 5.5).
Calling Dynare with arguments: savemacro=REG_MODEL_v6_FINAL.mod
Starting preprocessing of the model file ...
Found 25 equation(s).
Evaluating expressions...done
Computing static model derivatives (order 1).
Computing dynamic model derivatives (order 2).
Processing outputs ...
done
Preprocessing completed.





Residuals of the static equations:

Equation number 1 : 0 : Regional Gross Inflation Rate
Equation number 2 : 0 : pi2t
Equation number 3 : 0 : New Keynesian Phillips Curve
Equation number 4 : 0 : 4
Equation number 5 : 0 : Regional Consumption Weight
Equation number 6 : 0 : 6
Equation number 7 : 0 : Regional Consumption of Good 1
Equation number 8 : 0 : 8
Equation number 9 : 0 : Region 1 Price Index
Equation number 10 : 0 : Labor Supply
Equation number 11 : 0 : 11
Equation number 12 : 0 : Region 1 Euler equation for the bonds return
Equation number 13 : 0 : Euler equation for regional consumption
Equation number 14 : 0 : Production Function
Equation number 15 : 0 : Y2t
Equation number 16 : 0 : Marginal Cost
Equation number 17 : 0 : lambda2t
Equation number 18 : 0 : Monetary Policy
Equation number 19 : 0 : National Gross Inflation Rate
Equation number 20 : 0 : Market Clearing Condition
Equation number 21 : 0 : Regional Market Clearing Condition
Equation number 22 : 0 : 22
Equation number 23 : 0 : Productivity Shock
Equation number 24 : 0 : ZA2t
Equation number 25 : 0 : Monetary Shock



STEADY-STATE RESULTS:

C1t      		 0
C2t      		 0
L1t      		 0
L2t      		 0
C11t     		 0
C21t     		 0
C12t     		 0
C22t     		 0
Yt       		 0
Y1t      		 0
Y2t      		 0
ZA1t     		 0
ZA2t     		 0
ZMt      		 0
Q1t      		 0
P1t      		 0
P2t      		 0
Rt       		 0
W1t      		 0
W2t      		 0
pit      		 0
pi1t     		 0
pi2t     		 0
lambda1t 		 0
lambda2t 		 0

EIGENVALUES:
         Modulus             Real        Imaginary

          0.7005           0.7005                0
          0.7283           0.7283                0
          0.8074           0.8074                0
             0.9              0.9                0
            0.95             0.95                0
            0.95             0.95                0
               1                1                0
               1                1                0
           1.364            1.364                0
           1.449            1.449                0
       5.761e+16       -5.761e+16                0


There are 3 eigenvalue(s) larger than 1 in modulus 
for 5 forward-looking variable(s)

The rank condition ISN'T verified!

