Starting Dynare (version 5.5).
Calling Dynare with arguments: savemacro=REG_MODEL_v6f_FINAL.mod
Starting preprocessing of the model file ...
WARNING: in the 'steady_state_model' block, variable 'pix1t' is not assigned a value
WARNING: in the 'steady_state_model' block, variable 'pix2t' is not assigned a value
Found 27 equation(s).
Evaluating expressions...done
Computing static model derivatives (order 1).
Computing dynamic model derivatives (order 2).
Processing outputs ...
done
Preprocessing completed.





Residuals of the static equations:

Equation number 1 : 0 : Regional Gross Inflation Rate
Equation number 2 : 0 : pi2t
Equation number 3 : 0 : New Keynesian Phillips Curve
Equation number 4 : 0 : 4
Equation number 5 : 0 : 5
Equation number 6 : 0 : 6
Equation number 7 : 0 : Regional Consumption Weight
Equation number 8 : 0 : 8
Equation number 9 : 0 : Regional Consumption of Good 1
Equation number 10 : 0 : 10
Equation number 11 : 0 : Region 1 Price Index
Equation number 12 : 0 : Labor Supply
Equation number 13 : 0 : 13
Equation number 14 : 0 : Region 1 Euler equation for the bonds return
Equation number 15 : 0 : Euler equation for regional consumption
Equation number 16 : 0 : Production Function
Equation number 17 : 0 : Y2t
Equation number 18 : 0 : Marginal Cost
Equation number 19 : 0 : lambda2t
Equation number 20 : 0 : Monetary Policy
Equation number 21 : 0 : National Gross Inflation Rate
Equation number 22 : 0 : Market Clearing Condition
Equation number 23 : 0 : Regional Market Clearing Condition
Equation number 24 : 0 : 24
Equation number 25 : 0 : Productivity Shock
Equation number 26 : 0 : ZA2t
Equation number 27 : 0 : Monetary Shock



STEADY-STATE RESULTS:

C1t      		 0
C2t      		 0
L1t      		 0
L2t      		 0
C11t     		 0
C21t     		 0
C12t     		 0
C22t     		 0
Yt       		 0
Y1t      		 0
Y2t      		 0
ZA1t     		 0
ZA2t     		 0
ZMt      		 0
Q1t      		 0
P1t      		 0
P2t      		 0
Rt       		 0
W1t      		 0
W2t      		 0
pit      		 0
pi1t     		 0
pi2t     		 0
lambda1t 		 0
lambda2t 		 0
pix1t    		 0
pix2t    		 0

EIGENVALUES:
         Modulus             Real        Imaginary

          0.7005           0.7005                0
          0.7283           0.7283                0
          0.8074           0.8074                0
             0.9              0.9                0
            0.95             0.95                0
            0.95             0.95                0
               1                1        2.813e-10
               1                1       -2.813e-10
           1.364            1.364                0
           1.449            1.449                0
       4.862e+16       -4.862e+16                0


There are 3 eigenvalue(s) larger than 1 in modulus 
for 3 forward-looking variable(s)

The rank condition is verified.


MODEL SUMMARY

  Number of variables:         27
  Number of stochastic shocks: 5
  Number of state variables:   8
  Number of jumpers:           3
  Number of static variables:  16


MATRIX OF COVARIANCE OF EXOGENOUS SHOCKS
Variables        e_A1      e_A2       e_M  sunspot1  sunspot2
e_A1         0.000000  0.000000  0.000000  0.000000  0.000000
e_A2         0.000000  0.000000  0.000000  0.000000  0.000000
e_M          0.000000  0.000000  0.000100  0.000000  0.000000
sunspot1     0.000000  0.000000  0.000000  0.000000  0.000000
sunspot2     0.000000  0.000000  0.000000  0.000000  0.000000

POLICY AND TRANSITION FUNCTIONS
                                 ZMt            ZA1t              Rt             W1t             C1t             L1t             Y1t             P1t            pi1t
ZA1t(-1)                           0        0.950000        0.010609        0.676201        0.600343       -0.349657        0.600343               0               0
ZA2t(-1)                           0               0        0.009404       -0.016494       -0.004713       -0.004713       -0.004713               0               0
ZMt(-1)                     0.900000               0        0.898838       -0.121004       -0.034573       -0.034573       -0.034573               0               0
P1t(-1)                            0               0        0.001592        0.999727        0.214208       -0.085792       -0.085792        1.000000               0
P2t(-1)                            0               0       -0.001592        0.000273       -0.214208        0.085792        0.085792               0               0
Rt(-1)                             0               0        0.789653       -0.036130       -0.010323       -0.010323       -0.010323               0               0
pix1t(-1)                          0               0        0.298429        6.265047        1.718585        1.418585        1.418585        1.000000        1.000000
pix2t(-1)                          0               0        0.259902       -0.261850       -0.289100        0.010900        0.010900               0               0
e_A1                               0        1.000000        0.011168        0.711790        0.631940       -0.368060        0.631940               0               0
e_A2                               0               0        0.009899       -0.017362       -0.004961       -0.004961       -0.004961               0               0
e_M                         1.000000               0        0.998709       -0.134449       -0.038414       -0.038414       -0.038414               0               0
sunspot1                           0               0        0.298429        6.265047        1.718585        1.418585        1.418585        1.000000        1.000000
sunspot2                           0               0        0.259902       -0.261850       -0.289100        0.010900        0.010900               0               0


THEORETICAL MOMENTS
VARIABLE         MEAN  STD. DEV.   VARIANCE
ZMt            0.0000     0.0229     0.0005
ZA1t           0.0000     0.0000     0.0000
Rt                NaN        NaN        NaN
W1t               NaN        NaN        NaN
C1t               NaN        NaN        NaN
L1t               NaN        NaN        NaN
Y1t               NaN        NaN        NaN
P1t               NaN        NaN        NaN
pi1t              NaN        NaN        NaN



VARIANCE DECOMPOSITION (in percent)
            e_A1      e_A2       e_M  sunspot1  sunspot2
ZMt         0.00      0.00    100.00      0.00      0.00
ZA1t      100.00      0.00      0.00      0.00      0.00



MATRIX OF CORRELATIONS
Variables       ZMt
ZMt          1.0000



COEFFICIENTS OF AUTOCORRELATION
Order          1       2       3       4       5
ZMt       0.9000  0.8100  0.7290  0.6561  0.5905
Total computing time : 0h00m02s
Note: 2 warning(s) encountered in the preprocessor
