Starting Dynare (version 5.5).
Calling Dynare with arguments: savemacro=reg_model_v1_bonds_FINAL.mod
Starting preprocessing of the model file ...
WARNING: in the 'steady_state_model' block, variable 'pix1t' is not assigned a value
WARNING: in the 'steady_state_model' block, variable 'pix2t' is not assigned a value
Found 27 equation(s).
Evaluating expressions...done
Computing static model derivatives (order 1).
Computing dynamic model derivatives (order 2).
Processing outputs ...
done
Preprocessing completed.





Residuals of the static equations:

Equation number 1 : 0 : Regional Gross Inflation Rate
Equation number 2 : 0 : pi2t
Equation number 3 : 0 : New Keynesian Phillips Curve
Equation number 4 : 0 : 4
Equation number 5 : 0 : 5
Equation number 6 : 0 : 6
Equation number 7 : 0 : Regional Consumption Weight
Equation number 8 : 0 : 8
Equation number 9 : 0 : Regional Consumption of Good 1
Equation number 10 : 0 : 10
Equation number 11 : 0 : Region 1 Price Index
Equation number 12 : 0 : Labor Supply
Equation number 13 : 0 : 13
Equation number 14 : 0 : Region 1 Euler equation for the bonds return
Equation number 15 : 0 : Euler equation for regional consumption
Equation number 16 : 0 : Production Function
Equation number 17 : 0 : Y2t
Equation number 18 : 0 : Marginal Cost
Equation number 19 : 0 : lambda2t
Equation number 20 : 0 : Monetary Policy
Equation number 21 : 0 : National Gross Inflation Rate
Equation number 22 : 0 : Market Clearing Condition
Equation number 23 : 0 : Regional Market Clearing Condition
Equation number 24 : 0 : 24
Equation number 25 : 0 : Productivity Shock
Equation number 26 : 0 : ZA2t
Equation number 27 : 0 : Monetary Shock



STEADY-STATE RESULTS:

C1t      		 0
C2t      		 0
L1t      		 0
L2t      		 0
C11t     		 0
C21t     		 0
C12t     		 0
C22t     		 0
Yt       		 0
Y1t      		 0
Y2t      		 0
ZA1t     		 0
ZA2t     		 0
ZMt      		 0
Q1t      		 0
P1t      		 0
P2t      		 0
Rt       		 0
W1t      		 0
W2t      		 0
pit      		 0
pi1t     		 0
pi2t     		 0
lambda1t 		 0
lambda2t 		 0
pix1t    		 0
pix2t    		 0

EIGENVALUES:
         Modulus             Real        Imaginary

          0.7005           0.7005                0
          0.7283           0.7283                0
          0.8074           0.8074                0
             0.9              0.9                0
            0.95             0.95                0
            0.95             0.95                0
               1                1                0
               1                1                0
           1.364            1.364                0
           1.449            1.449                0
       5.582e+16       -5.582e+16                0


There are 3 eigenvalue(s) larger than 1 in modulus 
for 3 forward-looking variable(s)

The rank condition is verified.


MODEL SUMMARY

  Number of variables:         27
  Number of stochastic shocks: 5
  Number of state variables:   8
  Number of jumpers:           3
  Number of static variables:  16


MATRIX OF COVARIANCE OF EXOGENOUS SHOCKS
Variables        e_A1      e_A2       e_M  sunspot1  sunspot2
e_A1         0.000000  0.000000  0.000000  0.000000  0.000000
e_A2         0.000000  0.000000  0.000000  0.000000  0.000000
e_M          0.000000  0.000000  0.000100  0.000000  0.000000
sunspot1     0.000000  0.000000  0.000000  0.000000  0.000000
sunspot2     0.000000  0.000000  0.000000  0.000000  0.000000

POLICY AND TRANSITION FUNCTIONS
                                 ZMt             Y1t             Y2t              Rt             L1t             L2t             Q1t             W1t             W2t              Yt             C1t             C2t            C11t            C21t             P1t            C12t            C22t             P2t
ZA1t(-1)                           0        0.600307       -0.010300        0.010604       -0.349693       -0.010300               0        0.676073       -0.036048        0.315596        0.600307       -0.010300        0.600307       -0.010300               0        0.600307       -0.010300               0
ZA2t(-1)                           0       -0.004676        0.605930        0.009409       -0.004676       -0.344070               0       -0.016366        0.695755        0.280034       -0.004676        0.605930       -0.004676        0.605930               0       -0.004676        0.605930               0
ZMt(-1)                     0.900000       -0.034573       -0.034573        0.898838       -0.034573       -0.034573               0       -0.121004       -0.121004       -0.034573       -0.034573       -0.034573       -0.034573       -0.034573               0       -0.034573       -0.034573               0
P1t(-1)                            0       -0.085792        0.199922        0.001594       -0.085792        0.199922        0.700000        0.999726       -0.000274        0.047429        0.214208       -0.500078       -0.085792       -1.100078        1.000000        0.914208       -0.100078               0
P2t(-1)                            0        0.085792       -0.199922       -0.001594        0.085792       -0.199922        0.300000        0.000274        1.000274       -0.047429       -0.214208        0.500078        0.085792        1.100078               0       -0.914208        0.100078        1.000000
Rt(-1)                             0       -0.010323       -0.010323        0.789653       -0.010323       -0.010323               0       -0.036130       -0.036130       -0.010323       -0.010323       -0.010323       -0.010323       -0.010323               0       -0.010323       -0.010323               0
pix1t(-1)                          0        1.417398        0.032136        0.342576        1.417398        0.032136        0.700000        6.260892       -0.587525        0.771484        1.717398       -0.667864        1.417398       -1.267864        1.000000        2.417398       -0.267864               0
pix2t(-1)                          0        0.012087        1.397349        0.215755        0.012087        1.397349        0.300000       -0.257695        6.590722        0.658001       -0.287913        2.097349        0.012087        2.697349               0       -0.987913        1.697349        1.000000
e_A1                               0        0.631902       -0.010842        0.011162       -0.368098       -0.010842               0        0.711656       -0.037946        0.332206        0.631902       -0.010842        0.631902       -0.010842               0        0.631902       -0.010842               0
e_A2                               0       -0.004922        0.637821        0.009904       -0.004922       -0.362179               0       -0.017227        0.732374        0.294773       -0.004922        0.637821       -0.004922        0.637821               0       -0.004922        0.637821               0
e_M                         1.000000       -0.038414       -0.038414        0.998709       -0.038414       -0.038414               0       -0.134449       -0.134449       -0.038414       -0.038414       -0.038414       -0.038414       -0.038414               0       -0.038414       -0.038414               0
sunspot1                           0        1.417398        0.032136        0.342576        1.417398        0.032136        0.700000        6.260892       -0.587525        0.771484        1.717398       -0.667864        1.417398       -1.267864        1.000000        2.417398       -0.267864               0
sunspot2                           0        0.012087        1.397349        0.215755        0.012087        1.397349        0.300000       -0.257695        6.590722        0.658001       -0.287913        2.097349        0.012087        2.697349               0       -0.987913        1.697349        1.000000


THEORETICAL MOMENTS
VARIABLE         MEAN  STD. DEV.   VARIANCE
ZMt            0.0000     0.0229     0.0005
Y1t               NaN        NaN        NaN
Y2t               NaN        NaN        NaN
Rt                NaN        NaN        NaN
L1t               NaN        NaN        NaN
L2t               NaN        NaN        NaN
Q1t               NaN        NaN        NaN
W1t               NaN        NaN        NaN
W2t               NaN        NaN        NaN
Yt                NaN        NaN        NaN
C1t               NaN        NaN        NaN
C2t               NaN        NaN        NaN
C11t              NaN        NaN        NaN
C21t              NaN        NaN        NaN
P1t               NaN        NaN        NaN
C12t              NaN        NaN        NaN
C22t              NaN        NaN        NaN
P2t               NaN        NaN        NaN



VARIANCE DECOMPOSITION (in percent)
           e_A1      e_A2       e_M  sunspot1  sunspot2
ZMt        0.00      0.00    100.00      0.00      0.00



MATRIX OF CORRELATIONS
Variables       ZMt
ZMt          1.0000



COEFFICIENTS OF AUTOCORRELATION
Order          1       2       3       4       5
ZMt       0.9000  0.8100  0.7290  0.6561  0.5905
Total computing time : 0h00m05s
Note: 2 warning(s) encountered in the preprocessor
