This is LuaHBTeX, Version 1.17.0 (MiKTeX 23.5) (format=lualatex 2023.8.25)  13 SEP 2023 10:12
 restricted system commands enabled.
**project.tex
(./project.tex
LaTeX2e <2023-06-01> patch level 1
L3 programming layer <2023-06-30>
Lua module: luaotfload 2022-10-03 3.23 Lua based OpenType font support
Lua module: lualibs 2022-10-04 2.75 ConTeXt Lua standard libraries.
Lua module: lualibs-extended 2022-10-04 2.75 ConTeXt Lua libraries -- extended c
ollection.
luaotfload | conf : Root cache directory is "C:/Users/andre/AppData/Local/MiKTeX
/luatex-cache/generic/names".
luaotfload | init : Loading fontloader "fontloader-2022-10-03.lua" from kpse-res
olved path "C:/Users/andre/AppData/Local/Programs/MiKTeX/tex/luatex/luaotfload/f
ontloader-2022-10-03.lua".
Lua-only attribute luaotfload@noligature = 1
luaotfload | init : Context OpenType loader version 3.120
Inserting `luaotfload.node_processor' in `pre_linebreak_filter'.
Inserting `luaotfload.node_processor' in `hpack_filter'.
Inserting `luaotfload.glyph_stream' in `glyph_stream_provider'.
Inserting `luaotfload.define_font' in `define_font'.
Lua-only attribute luaotfload_color_attribute = 2
luaotfload | conf : Root cache directory is "C:/Users/andre/AppData/Local/MiKTeX
/luatex-cache/generic/names".
Inserting `luaotfload.harf.strip_prefix' in `find_opentype_file'.
Inserting `luaotfload.harf.strip_prefix' in `find_truetype_file'.
Removing  `luaotfload.glyph_stream' from `glyph_stream_provider'.
Inserting `luaotfload.harf.glyphstream' in `glyph_stream_provider'.
Inserting `luaotfload.harf.finalize_vlist' in `post_linebreak_filter'.
Inserting `luaotfload.harf.finalize_hlist' in `hpack_filter'.
Inserting `luaotfload.cleanup_files' in `wrapup_run'.
Inserting `luaotfload.harf.finalize_unicode' in `finish_pdffile'.
Inserting `luaotfload.glyphinfo' in `glyph_info'.
Lua-only attribute luaotfload.letterspace_done = 3
Inserting `luaotfload.aux.set_sscale_dimens' in `luaotfload.patch_font'.
Inserting `luaotfload.aux.set_font_index' in `luaotfload.patch_font'.
Inserting `luaotfload.aux.patch_cambria_domh' in `luaotfload.patch_font'.
Inserting `luaotfload.aux.fixup_fontdata' in `luaotfload.patch_font_unsafe'.
Inserting `luaotfload.aux.set_capheight' in `luaotfload.patch_font'.
Inserting `luaotfload.aux.set_xheight' in `luaotfload.patch_font'.
Inserting `luaotfload.rewrite_fontname' in `luaotfload.patch_font'.
Inserting `tracingstacklevels' in `input_level_string'. (C:/Users/andre/AppData
/Local/Programs/MiKTeX/tex/latex/base/article.cls
Document Class: article 2023/05/17 v1.4n Standard LaTeX document class
(C:/Users/andre/AppData/Local/Programs/MiKTeX/tex/latex/base/size12.clo
File: size12.clo 2023/05/17 v1.4n Standard LaTeX file (size option)
luaotfload | db : Font names database loaded from C:/Users/andre/AppData/Local/M
iKTeX/luatex-cache/generic/names/luaotfload-names.luc.gz)
\c@part=\count183
\c@section=\count184
\c@subsection=\count185
\c@subsubsection=\count186
\c@paragraph=\count187
\c@subparagraph=\count188
\c@figure=\count189
\c@table=\count190
\abovecaptionskip=\skip48
\belowcaptionskip=\skip49
\bibindent=\dimen139
)
(C:/Users/andre/AppData/Local/Programs/MiKTeX/tex/latex/geometry/geometry.sty
Package: geometry 2020/01/02 v5.9 Page Geometry

(C:/Users/andre/AppData/Local/Programs/MiKTeX/tex/latex/graphics/keyval.sty
Package: keyval 2022/05/29 v1.15 key=value parser (DPC)
\KV@toks@=\toks17
)
(C:/Users/andre/AppData/Local/Programs/MiKTeX/tex/generic/iftex/ifvtex.sty
Package: ifvtex 2019/10/25 v1.7 ifvtex legacy package. Use iftex instead.

(C:/Users/andre/AppData/Local/Programs/MiKTeX/tex/generic/iftex/iftex.sty
Package: iftex 2022/02/03 v1.0f TeX engine tests
))
\Gm@cnth=\count191
\Gm@cntv=\count192
\c@Gm@tempcnt=\count193
\Gm@bindingoffset=\dimen140
\Gm@wd@mp=\dimen141
\Gm@odd@mp=\dimen142
\Gm@even@mp=\dimen143
\Gm@layoutwidth=\dimen144
\Gm@layoutheight=\dimen145
\Gm@layouthoffset=\dimen146
\Gm@layoutvoffset=\dimen147
\Gm@dimlist=\toks18

(C:/Users/andre/AppData/Local/Programs/MiKTeX/tex/latex/geometry/geometry.cfg)) (C:/Users/andre/AppData/Local/Programs/MiKTeX/tex/latex/base/inputenc.sty
Package: inputenc 2021/02/14 v1.3d Input encoding file
\inpenc@prehook=\toks19
\inpenc@posthook=\toks20


Package inputenc Warning: inputenc package ignored with utf8 based engines.

) (C:/Users/andre/AppData/Local/Programs/MiKTeX/tex/latex/base/fontenc.sty
Package: fontenc 2021/04/29 v2.0v Standard LaTeX package
LaTeX Font Info:    Trying to load font information for T1+lmr on input line 11
2.

(C:/Users/andre/AppData/Local/Programs/MiKTeX/tex/latex/lm/t1lmr.fd
File: t1lmr.fd 2015/05/01 v1.6.1 Font defs for Latin Modern
))
(C:/Users/andre/AppData/Local/Programs/MiKTeX/tex/generic/babel/babel.sty
Package: babel 2023/06/26 v3.90 The Babel package

(C:/Users/andre/AppData/Local/Programs/MiKTeX/tex/generic/babel/luababel.def
\bbl@readstream=\read2
\l@afrikaans=\language2
Package babel Info: Non-standard hyphenation setup on input line 118.
\l@ancientgreek=\language3
\l@armenian=\language4
\l@assamese=\language5
\l@basque=\language6
\l@belarusian=\language7
\l@bengali=\language8
\l@bokmal=\language9
\l@bulgarian=\language10
\l@catalan=\language11
\l@churchslavonic=\language12
\l@classiclatin=\language13
\l@coptic=\language14
\l@croatian=\language15
\l@czech=\language16
\l@danish=\language17
\l@dutch=\language18
\l@esperanto=\language19
\l@estonian=\language20
\l@ethiopic=\language21
\l@finnish=\language22
\l@french=\language23
\l@friulan=\language24
\l@galician=\language25
\l@georgian=\language26
\l@german=\language27
\l@greek=\language28
\l@gujarati=\language29
\l@hindi=\language30
\l@hungarian=\language31
\l@icelandic=\language32
\l@indonesian=\language33
\l@interlingua=\language34
\l@irish=\language35
\l@italian=\language36
\l@kannada=\language37
\l@kurmanji=\language38
\l@latin=\language39
\l@latvian=\language40
\l@lithuanian=\language41
\l@liturgicallatin=\language42
\l@macedonian=\language43
\l@malayalam=\language44
\l@marathi=\language45
\l@mongolian=\language46
\l@mongolianlmc=\language47
\l@monogreek=\language48
\l@ngerman=\language49
\l@nynorsk=\language50
\l@occitan=\language51
\l@oriya=\language52
\l@pali=\language53
\l@panjabi=\language54
\l@piedmontese=\language55
\l@polish=\language56
\l@portuguese=\language57
\l@romanian=\language58
\l@romansh=\language59
\l@russian=\language60
\l@sanskrit=\language61
\l@serbian=\language62
\l@serbianc=\language63
\l@slovak=\language64
\l@slovenian=\language65
\l@spanish=\language66
\l@swedish=\language67
\l@swissgerman=\language68
\l@tamil=\language69
\l@telugu=\language70
\l@thai=\language71
\l@turkish=\language72
\l@turkmen=\language73
\l@ukenglish=\language74
\l@ukrainian=\language75
\l@uppersorbian=\language76
\l@usenglishmax=\language77
\l@welsh=\language78
\babelcatcodetablenum=\catcodetable14
\bbl@pattcodes=\catcodetable15
)
\babel@savecnt=\count194
\U@D=\dimen148
\l@unhyphenated=\language79

(C:/Users/andre/AppData/Local/Programs/MiKTeX/tex/generic/babel/luababel.def
\bbl@attr@locale=\attribute4
)
*************************************
* Local config file bblopts.cfg used
*
(C:/Users/andre/AppData/Local/Programs/MiKTeX/tex/latex/arabi/bblopts.cfg
File: bblopts.cfg 2005/09/08 v0.1 add Arabic and Farsi to "declared" options of
 babel
)
(C:/Users/andre/AppData/Local/Programs/MiKTeX/tex/latex/babel-english/english.l
df
Language: english 2017/06/06 v3.3r English support from the babel system
Package babel Info: Hyphen rules for 'canadian' set to \l@english
(babel)             (\language0). Reported on input line 102.
Package babel Info: Hyphen rules for 'australian' set to \l@ukenglish
(babel)             (\language74). Reported on input line 105.
Package babel Info: Hyphen rules for 'newzealand' set to \l@ukenglish
(babel)             (\language74). Reported on input line 108.
)
(C:/Users/andre/AppData/Local/Programs/MiKTeX/tex/latex/babel-portuges/brazilia
n.ldf
Language: portuges 2021/07/09 v1.2t Portuguese support from the babel system
Package babel Info: Hyphen rules for 'brazilian' set to \l@portuguese
(babel)             (\language57). Reported on input line 111.
Package babel Info: Making " an active character on input line 143.

(C:/Users/andre/AppData/Local/Programs/MiKTeX/tex/generic/hyph-utf8/loadhyph/lo
adhyph-pt.tex UTF-8 Portuguese hyphenation patterns
(C:/Users/andre/AppData/Local/Programs/MiKTeX/tex/generic/hyph-utf8/patterns/te
x/hyph-pt.tex))))
(C:/Users/andre/AppData/Local/Programs/MiKTeX/tex/generic/babel/locale/pt/babel
-brazilian.tex
Package babel Info: Importing font and identification data for brazilian
(babel)             from babel-pt-BR.ini. Reported on input line 11.
)
(C:/Users/andre/AppData/Local/Programs/MiKTeX/tex/generic/babel/locale/en/babel
-english.tex
Package babel Info: Importing font and identification data for english
(babel)             from babel-en.ini. Reported on input line 11.
)
(C:/Users/andre/AppData/Local/Programs/MiKTeX/tex/latex/xcolor/xcolor.sty
Package: xcolor 2022/06/12 v2.14 LaTeX color extensions (UK)

(C:/Users/andre/AppData/Local/Programs/MiKTeX/tex/latex/graphics-cfg/color.cfg
File: color.cfg 2016/01/02 v1.6 sample color configuration
)
Package xcolor Info: Driver file: luatex.def on input line 227.

(C:/Users/andre/AppData/Local/Programs/MiKTeX/tex/latex/graphics-def/luatex.def
File: luatex.def 2022/09/22 v1.2d Graphics/color driver for luatex
)
(C:/Users/andre/AppData/Local/Programs/MiKTeX/tex/latex/graphics/mathcolor.ltx)
Package xcolor Info: Model `cmy' substituted by `cmy0' on input line 1353.
Package xcolor Info: Model `hsb' substituted by `rgb' on input line 1357.
Package xcolor Info: Model `RGB' extended on input line 1369.
Package xcolor Info: Model `HTML' substituted by `rgb' on input line 1371.
Package xcolor Info: Model `Hsb' substituted by `hsb' on input line 1372.
Package xcolor Info: Model `tHsb' substituted by `hsb' on input line 1373.
Package xcolor Info: Model `HSB' substituted by `hsb' on input line 1374.
Package xcolor Info: Model `Gray' substituted by `gray' on input line 1375.
Package xcolor Info: Model `wave' substituted by `hsb' on input line 1376.
(C:/Users/andre/AppData/Local/Programs/MiKTeX/tex/latex/graphics/dvipsnam.def
File: dvipsnam.def 2016/06/17 v3.0m Driver-dependent file (DPC,SPQR)
)) (C:/Users/andre/AppData/Local/Programs/MiKTeX/tex/latex/setspace/setspace.st
y
Package: setspace 2022/12/04 v6.7b set line spacing
) (C:/Users/andre/AppData/Local/Programs/MiKTeX/tex/latex/tools/indentfirst.sty
Package: indentfirst 1995/11/23 v1.03 Indent first paragraph (DPC)
) (C:/Users/andre/AppData/Local/Programs/MiKTeX/tex/latex/psnfss/palatino.sty
Package: palatino 2020/03/25 PSNFSS-v9.3 (SPQR) 
)
(C:/Users/andre/AppData/Local/Programs/MiKTeX/tex/latex/footmisc/footmisc.sty
Package: footmisc 2023/05/26 v6.0e a miscellany of footnote facilities
\FN@temptoken=\toks21
\footnotemargin=\dimen149
\@outputbox@depth=\dimen150
Package footmisc Info: Declaring symbol style bringhurst on input line 695.
Package footmisc Info: Declaring symbol style chicago on input line 703.
Package footmisc Info: Declaring symbol style wiley on input line 712.
Package footmisc Info: Declaring symbol style lamport-robust on input line 723.

Package footmisc Info: Declaring symbol style lamport* on input line 743.
Package footmisc Info: Declaring symbol style lamport*-robust on input line 764
.
)
(C:/Users/andre/AppData/Local/Programs/MiKTeX/tex/latex/biblatex/biblatex.sty
Package: biblatex 2023/03/05 v3.19 programmable bibliographies (PK/MW)

(C:/Users/andre/AppData/Local/Programs/MiKTeX/tex/generic/pdftexcmds/pdftexcmds
.sty
Package: pdftexcmds 2020-06-27 v0.33 Utility functions of pdfTeX for LuaTeX (HO
)

(C:/Users/andre/AppData/Local/Programs/MiKTeX/tex/generic/infwarerr/infwarerr.s
ty
Package: infwarerr 2019/12/03 v1.5 Providing info/warning/error messages (HO)
)
(C:/Users/andre/AppData/Local/Programs/MiKTeX/tex/generic/ltxcmds/ltxcmds.sty
Package: ltxcmds 2020-05-10 v1.25 LaTeX kernel commands for general use (HO)
)
Package pdftexcmds Info: \pdf@primitive is available.
Package pdftexcmds Info: \pdf@ifprimitive is available.
Package pdftexcmds Info: \pdfdraftmode found.
\pdftexcmds@toks=\toks22
) (C:/Users/andre/AppData/Local/Programs/MiKTeX/tex/latex/etoolbox/etoolbox.sty
Package: etoolbox 2020/10/05 v2.5k e-TeX tools for LaTeX (JAW)
\etb@tempcnta=\count195
)
(C:/Users/andre/AppData/Local/Programs/MiKTeX/tex/latex/kvoptions/kvoptions.sty
Package: kvoptions 2022-06-15 v3.15 Key value format for package options (HO)

(C:/Users/andre/AppData/Local/Programs/MiKTeX/tex/latex/kvsetkeys/kvsetkeys.sty
Package: kvsetkeys 2022-10-05 v1.19 Key value parser (HO)
)) (C:/Users/andre/AppData/Local/Programs/MiKTeX/tex/latex/logreq/logreq.sty
Package: logreq 2010/08/04 v1.0 xml request logger
\lrq@indent=\count196

(C:/Users/andre/AppData/Local/Programs/MiKTeX/tex/latex/logreq/logreq.def
File: logreq.def 2010/08/04 v1.0 logreq spec v1.0
))
(C:/Users/andre/AppData/Local/Programs/MiKTeX/tex/latex/base/ifthen.sty
Package: ifthen 2022/04/13 v1.1d Standard LaTeX ifthen package (DPC)
)
(C:/Users/andre/AppData/Local/Programs/MiKTeX/tex/latex/url/url.sty
\Urlmuskip=\muskip16
Package: url 2013/09/16  ver 3.4  Verb mode for urls, etc.
)
\c@tabx@nest=\count197
\c@listtotal=\count198
\c@listcount=\count199
\c@liststart=\count266
\c@liststop=\count267
\c@citecount=\count268
\c@citetotal=\count269
\c@multicitecount=\count270
\c@multicitetotal=\count271
\c@instcount=\count272
\c@maxnames=\count273
\c@minnames=\count274
\c@maxitems=\count275
\c@minitems=\count276
\c@citecounter=\count277
\c@maxcitecounter=\count278
\c@savedcitecounter=\count279
\c@uniquelist=\count280
\c@uniquename=\count281
\c@refsection=\count282
\c@refsegment=\count283
\c@maxextratitle=\count284
\c@maxextratitleyear=\count285
\c@maxextraname=\count286
\c@maxextradate=\count287
\c@maxextraalpha=\count288
\c@abbrvpenalty=\count289
\c@highnamepenalty=\count290
\c@lownamepenalty=\count291
\c@maxparens=\count292
\c@parenlevel=\count293
\blx@tempcnta=\count294
\blx@tempcntb=\count295
\blx@tempcntc=\count296
\c@blx@maxsection=\count297
\blx@maxsegment@0=\count298
\blx@notetype=\count299
\blx@parenlevel@text=\count300
\blx@parenlevel@foot=\count301
\blx@sectionciteorder@0=\count302
\blx@sectionciteorderinternal@0=\count303
\blx@entrysetcounter=\count304
\blx@biblioinstance=\count305
\labelnumberwidth=\skip50
\labelalphawidth=\skip51
\biblabelsep=\skip52
\bibitemsep=\skip53
\bibnamesep=\skip54
\bibinitsep=\skip55
\bibparsep=\skip56
\bibhang=\skip57
\blx@bcfin=\read3
\blx@bcfout=\write3
\blx@langwohyphens=\language80
\c@mincomprange=\count306
\c@maxcomprange=\count307
\c@mincompwidth=\count308
Package biblatex Info: Trying to load biblatex default data model...
Package biblatex Info: ... file 'blx-dm.def' found.

(C:/Users/andre/AppData/Local/Programs/MiKTeX/tex/latex/biblatex/blx-dm.def
File: blx-dm.def 2023/03/05 v3.19 biblatex localization (PK/MW)
)
Package biblatex Info: Trying to load biblatex style data model...
Package biblatex Info: ... file 'abnt.dbx' not found.
Package biblatex Info: Trying to load biblatex custom data model...
Package biblatex Info: ... file 'biblatex-dm.cfg' not found.
\c@afterword=\count309
\c@savedafterword=\count310
\c@annotator=\count311
\c@savedannotator=\count312
\c@author=\count313
\c@savedauthor=\count314
\c@bookauthor=\count315
\c@savedbookauthor=\count316
\c@commentator=\count317
\c@savedcommentator=\count318
\c@editor=\count319
\c@savededitor=\count320
\c@editora=\count321
\c@savededitora=\count322
\c@editorb=\count323
\c@savededitorb=\count324
\c@editorc=\count325
\c@savededitorc=\count326
\c@foreword=\count327
\c@savedforeword=\count328
\c@holder=\count329
\c@savedholder=\count330
\c@introduction=\count331
\c@savedintroduction=\count332
\c@namea=\count333
\c@savednamea=\count334
\c@nameb=\count335
\c@savednameb=\count336
\c@namec=\count337
\c@savednamec=\count338
\c@translator=\count339
\c@savedtranslator=\count340
\c@shortauthor=\count341
\c@savedshortauthor=\count342
\c@shorteditor=\count343
\c@savedshorteditor=\count344
\c@labelname=\count345
\c@savedlabelname=\count346
\c@institution=\count347
\c@savedinstitution=\count348
\c@lista=\count349
\c@savedlista=\count350
\c@listb=\count351
\c@savedlistb=\count352
\c@listc=\count353
\c@savedlistc=\count354
\c@listd=\count355
\c@savedlistd=\count356
\c@liste=\count357
\c@savedliste=\count358
\c@listf=\count359
\c@savedlistf=\count360
\c@location=\count361
\c@savedlocation=\count362
\c@organization=\count363
\c@savedorganization=\count364
\c@origlocation=\count365
\c@savedoriglocation=\count366
\c@origpublisher=\count367
\c@savedorigpublisher=\count368
\c@publisher=\count369
\c@savedpublisher=\count370
\c@language=\count371
\c@savedlanguage=\count372
\c@origlanguage=\count373
\c@savedoriglanguage=\count374
\c@pageref=\count375
\c@savedpageref=\count376
\shorthandwidth=\skip58
\shortjournalwidth=\skip59
\shortserieswidth=\skip60
\shorttitlewidth=\skip61
\shortauthorwidth=\skip62
\shorteditorwidth=\skip63
\locallabelnumberwidth=\skip64
\locallabelalphawidth=\skip65
\localshorthandwidth=\skip66
\localshortjournalwidth=\skip67
\localshortserieswidth=\skip68
\localshorttitlewidth=\skip69
\localshortauthorwidth=\skip70
\localshorteditorwidth=\skip71
Package biblatex Info: Trying to load enhanced support for Unicode engines...
Package biblatex Info: ... file 'blx-unicode.def' found.

(C:/Users/andre/AppData/Local/Programs/MiKTeX/tex/latex/biblatex/blx-unicode.de
f)
Package biblatex Info: Trying to load compatibility code...
Package biblatex Info: ... file 'blx-compat.def' found.

(C:/Users/andre/AppData/Local/Programs/MiKTeX/tex/latex/biblatex/blx-compat.def
File: blx-compat.def 2023/03/05 v3.19 biblatex compatibility (PK/MW)
)
Package biblatex Info: Trying to load generic definitions...
Package biblatex Info: ... file 'biblatex.def' found.
 (C:/Users/andre/AppData/Local/Programs/MiKTeX/tex/latex/biblatex/biblatex.def
File: biblatex.def 2023/03/05 v3.19 biblatex compatibility (PK/MW)
\c@textcitecount=\count377
\c@textcitetotal=\count378
\c@textcitemaxnames=\count379
\c@biburlbigbreakpenalty=\count380
\c@biburlbreakpenalty=\count381
\c@biburlnumpenalty=\count382
\c@biburlucpenalty=\count383
\c@biburllcpenalty=\count384
\biburlbigskip=\muskip17
\biburlnumskip=\muskip18
\biburlucskip=\muskip19
\biburllcskip=\muskip20
\c@smartand=\count385
)
Package biblatex Info: Trying to load bibliography style 'abnt'...
Package biblatex Info: ... file 'abnt.bbx' found.

(C:/Users/andre/AppData/Local/Programs/MiKTeX/tex/latex/biblatex-abnt/bbx/abnt.
bbx
File: abnt.bbx 2018-11-17 v3.4 ABNT BibLaTeX citation style

(C:/Users/andre/AppData/Local/Programs/MiKTeX/tex/latex/l3packages/xparse/xpars
e.sty
(C:/Users/andre/AppData/Local/Programs/MiKTeX/tex/latex/l3kernel/expl3.sty
Package: expl3 2023-06-30 L3 programming layer (loader) 

(C:/Users/andre/AppData/Local/Programs/MiKTeX/tex/latex/l3backend/l3backend-lua
tex.def
File: l3backend-luatex.def 2023-04-19 L3 backend support: PDF output (LuaTeX)
\l__color_backend_stack_int=\count386
Inserting `l3color' in `luaotfload.parse_color'.
\l__pdf_internal_box=\box51
))
Package: xparse 2023-02-02 L3 Experimental document command parser
)
(C:/Users/andre/AppData/Local/Programs/MiKTeX/tex/latex/xpatch/xpatch.sty
Package: xpatch 2020/03/25 v0.3a Extending etoolbox patching commands
)
Package biblatex Info: Trying to load bibliography style 'standard'...
Package biblatex Info: ... file 'standard.bbx' found.

(C:/Users/andre/AppData/Local/Programs/MiKTeX/tex/latex/biblatex/bbx/standard.b
bx
File: standard.bbx 2023/03/05 v3.19 biblatex bibliography style (PK/MW)
\c@bbx:relatedcount=\count387
\c@bbx:relatedtotal=\count388
))
Package biblatex Info: Trying to load citation style 'abnt'...
Package biblatex Info: ... file 'abnt.cbx' found.

(C:/Users/andre/AppData/Local/Programs/MiKTeX/tex/latex/biblatex-abnt/cbx/abnt.
cbx
File: abnt.cbx 2018-11-17 v3.4 ABNT BibLaTeX citation style
Package biblatex Info: Trying to load citation style 'authoryear-comp'...
Package biblatex Info: ... file 'authoryear-comp.cbx' found.

(C:/Users/andre/AppData/Local/Programs/MiKTeX/tex/latex/biblatex/cbx/authoryear
-comp.cbx
File: authoryear-comp.cbx 2023/03/05 v3.19 biblatex citation style (PK/MW)
Package biblatex Info: Redefining '\cite'.
Package biblatex Info: Redefining '\parencite'.
Package biblatex Info: Redefining '\footcite'.
Package biblatex Info: Redefining '\footcitetext'.
Package biblatex Info: Redefining '\smartcite'.
Package biblatex Info: Redefining '\textcite'.
Package biblatex Info: Redefining '\textcites'.
Package biblatex Info: Redefining '\cites'.
Package biblatex Info: Redefining '\parencites'.
Package biblatex Info: Redefining '\footcites'.
Package biblatex Info: Redefining '\footcitetexts'.
Package biblatex Info: Redefining '\smartcites'.
)
Package biblatex Info: Redefining '\cite'.
Package biblatex Info: Redefining '\cites'.
Package biblatex Info: Redefining '\footcite'.
Package biblatex Info: Redefining '\footcites'.
Package biblatex Info: Redefining '\citetitle'.
Package biblatex Info: Redefining '\smartcite'.
Package biblatex Info: Redefining '\citeauthor'.
Package biblatex Info: Redefining '\citeyear'.
)
Package biblatex Info: Trying to load configuration file...
Package biblatex Info: ... file 'biblatex.cfg' found.

(C:/Users/andre/AppData/Local/Programs/MiKTeX/tex/latex/biblatex/biblatex.cfg
File: biblatex.cfg 
)
Package biblatex Info: LuaTeX detected.
(biblatex)             Assuming input encoding 'utf8'.
Package biblatex Info: Document encoding is UTF8 ....
Package biblatex Info: ... and expl3
(biblatex)             2023-06-30 L3 programming layer (loader) 
(biblatex)             is new enough (at least 2020/04/06),
(biblatex)             setting 'casechanger=expl3'.

(C:/Users/andre/AppData/Local/Programs/MiKTeX/tex/latex/biblatex/blx-case-expl3
.sty
Package: blx-case-expl3 2023/03/05 v3.19 expl3 case changing code for biblatex
))
(C:/Users/andre/AppData/Local/Programs/MiKTeX/tex/latex/csquotes/csquotes.sty
Package: csquotes 2022-09-14 v5.2n context-sensitive quotations (JAW)
\csq@reset=\count389
\csq@gtype=\count390
\csq@glevel=\count391
\csq@qlevel=\count392
\csq@maxlvl=\count393
\csq@tshold=\count394
\csq@ltx@everypar=\toks23

(C:/Users/andre/AppData/Local/Programs/MiKTeX/tex/latex/csquotes/csquotes.def
File: csquotes.def 2022-09-14 v5.2n csquotes generic definitions (JAW)
)
Package csquotes Info: Trying to load configuration file 'csquotes.cfg'...
Package csquotes Info: ... configuration file loaded successfully.

(C:/Users/andre/AppData/Local/Programs/MiKTeX/tex/latex/csquotes/csquotes.cfg
File: csquotes.cfg 
))
(C:/Users/andre/AppData/Local/Programs/MiKTeX/tex/latex/tabularray/tabularray.s
ty
Package: tabularray 2023-03-01 v2023A Typeset tabulars and arrays with LaTeX3
\l__tblr_a_int=\count395
\l__tblr_c_int=\count396
\l__tblr_r_int=\count397
\l__tblr_d_dim=\dimen151
\l__tblr_h_dim=\dimen152
\l__tblr_o_dim=\dimen153
\l__tblr_p_dim=\dimen154
\l__tblr_q_dim=\dimen155
\l__tblr_r_dim=\dimen156
\l__tblr_s_dim=\dimen157
\l__tblr_t_dim=\dimen158
\l__tblr_v_dim=\dimen159
\l__tblr_w_dim=\dimen160
\l__tblr_a_box=\box52
\l__tblr_b_box=\box53
\l__tblr_c_box=\box54
\l__tblr_d_box=\box55
\g__tblr_table_count_int=\count398
\c@rownum=\count399
\c@colnum=\count400
\c@rowcount=\count401
\c@colcount=\count402
\abovesep=\dimen161
\belowsep=\dimen162
\leftsep=\dimen163
\rightsep=\dimen164
\g_tblr_level_int=\count403
\g__tblr_data_row_key_count_int=\count404
\g__tblr_data_column_key_count_int=\count405
\g__tblr_data_cell_key_count_int=\count406
\g__tblr_array_int=\count407
\l__tblr_key_count_int=\count408
\l__tblr_key_quotient_int=\count409
\l__tblr_key_quotient_two_int=\count410
\l__tblr_key_remainder_int=\count411
\g__tblr_data_str_value_count_int=\count412
\rulewidth=\dimen165
\l__tblr_strut_dp_dim=\dimen166
\l__tblr_strut_ht_dim=\dimen167
\g__tblr_cell_wd_dim=\dimen168
\g__tblr_cell_ht_dim=\dimen169
\g__tblr_cell_head_dim=\dimen170
\g__tblr_cell_foot_dim=\dimen171
\l__column_target_dim=\dimen172
\l__tblr_caption_box=\box56
\l__tblr_caption_left_box=\box57
\l__tblr_row_head_box=\box58
\l__tblr_row_foot_box=\box59
\l__tblr_row_head_foot_dim=\dimen173
\tablewidth=\dimen174
\l__tblr_table_firsthead_box=\box60
\l__tblr_table_middlehead_box=\box61
\l__tblr_table_lasthead_box=\box62
\l__tblr_table_firstfoot_box=\box63
\l__tblr_table_middlefoot_box=\box64
\l__tblr_table_lastfoot_box=\box65
\l__tblr_remain_height_dim=\dimen175
\l__tblr_long_from_int=\count413
\l__tblr_long_to_int=\count414
\l__tblr_curr_i_int=\count415
\l__tblr_prev_i_int=\count416
\l__tblr_table_page_int=\count417
\l__tblr_table_head_box=\box66
\l__tblr_table_foot_box=\box67
\l__tblr_table_head_foot_dim=\dimen176
\l__tblr_table_head_body_foot_dim=\dimen177
\l__tblr_table_box=\box68
\l__tblr_table_hlines_box=\box69
\l__tblr_hline_box=\box70
\l__tblr_row_box=\box71
\l__tblr_col_o_wd_dim=\dimen178
\l__tblr_col_b_wd_dim=\dimen179
\l__tblr_hline_leftskip_dim=\dimen180
\l__tblr_hline_rightskip_dim=\dimen181
\l__tblr_row_ht_dim=\dimen182
\l__tblr_row_dp_dim=\dimen183
\l__tblr_row_abovesep_dim=\dimen184
\l__tblr_row_belowsep_dim=\dimen185
\l__tblr_row_vlines_box=\box72
\l__tblr_vline_box=\box73
\l__tblr_cell_box=\box74
\l__row_upper_dim=\dimen186
\l__row_lower_dim=\dimen187
\l__row_vpace_dim=\dimen188
\l__tblr_vline_aboveskip_dim=\dimen189
\l__tblr_vline_belowskip_dim=\dimen190
\l__tblr_cell_wd_dim=\dimen191
\l__tblr_cell_ht_dim=\dimen192
\l__tblr_diag_box=\box75
)
(C:/Users/andre/AppData/Local/Programs/MiKTeX/tex/latex/makecell/makecell.sty
Package: makecell 2009/08/03 V0.1e Managing of Tab Column Heads and Cells

(C:/Users/andre/AppData/Local/Programs/MiKTeX/tex/latex/tools/array.sty
Package: array 2022/09/04 v2.5g Tabular extension package (FMi)
\col@sep=\dimen193
\ar@mcellbox=\box76
\extrarowheight=\dimen194
\NC@list=\toks24
\extratabsurround=\skip72
\backup@length=\skip73
\ar@cellbox=\box77
)
\rotheadsize=\dimen195
\c@nlinenum=\count418
\TeXr@lab=\toks25
)
(C:/Users/andre/AppData/Local/Programs/MiKTeX/tex/latex/multirow/multirow.sty
Package: multirow 2021/03/15 v2.8 Span multiple rows of a table
\multirow@colwidth=\skip74
\multirow@cntb=\count419
\multirow@dima=\skip75
\bigstrutjot=\dimen196
)
(C:/Users/andre/AppData/Local/Programs/MiKTeX/tex/latex/tools/longtable.sty
Package: longtable 2021-09-01 v4.17 Multi-page Table package (DPC)
\LTleft=\skip76
\LTright=\skip77
\LTpre=\skip78
\LTpost=\skip79
\LTchunksize=\count420
\LTcapwidth=\dimen197
\LT@head=\box78
\LT@firsthead=\box79
\LT@foot=\box80
\LT@lastfoot=\box81
\LT@gbox=\box82
\LT@cols=\count421
\LT@rows=\count422
\c@LT@tables=\count423
\c@LT@chunks=\count424
\LT@p@ftn=\toks26
)
(C:/Users/andre/AppData/Local/Programs/MiKTeX/tex/latex/lipsum/lipsum.sty
(C:/Users/andre/AppData/Local/Programs/MiKTeX/tex/latex/l3packages/l3keys2e/l3k
eys2e.sty
Package: l3keys2e 2023-02-02 LaTeX2e option processing using LaTeX3 keys
)
Package: lipsum 2021-09-20 v2.7 150 paragraphs of Lorem Ipsum dummy text
\g__lipsum_par_int=\count425
\l__lipsum_a_int=\count426
\l__lipsum_b_int=\count427

(C:/Users/andre/AppData/Local/Programs/MiKTeX/tex/latex/lipsum/lipsum.ltd.tex)) (C:/Users/andre/AppData/Local/Programs/MiKTeX/tex/latex/amsmath/amsmath.sty
Package: amsmath 2023/05/13 v2.17o AMS math features
\@mathmargin=\skip80

For additional information on amsmath, use the `?' option.
(C:/Users/andre/AppData/Local/Programs/MiKTeX/tex/latex/amsmath/amstext.sty
Package: amstext 2021/08/26 v2.01 AMS text

(C:/Users/andre/AppData/Local/Programs/MiKTeX/tex/latex/amsmath/amsgen.sty
File: amsgen.sty 1999/11/30 v2.0 generic functions
\@emptytoks=\toks27
\ex@=\dimen198
))
(C:/Users/andre/AppData/Local/Programs/MiKTeX/tex/latex/amsmath/amsbsy.sty
Package: amsbsy 1999/11/29 v1.2d Bold Symbols
\pmbraise@=\dimen199
)
(C:/Users/andre/AppData/Local/Programs/MiKTeX/tex/latex/amsmath/amsopn.sty
Package: amsopn 2022/04/08 v2.04 operator names
)
\inf@bad=\count428
LaTeX Info: Redefining \frac on input line 236.
\uproot@=\count429
\leftroot@=\count430
LaTeX Info: Redefining \overline on input line 399.
LaTeX Info: Redefining \colon on input line 410.
\classnum@=\count431
\DOTSCASE@=\count432
LaTeX Info: Redefining \ldots on input line 496.
LaTeX Info: Redefining \dots on input line 499.
LaTeX Info: Redefining \cdots on input line 620.
\Mathstrutbox@=\box83
\strutbox@=\box84
LaTeX Info: Redefining \big on input line 722.
LaTeX Info: Redefining \Big on input line 723.
LaTeX Info: Redefining \bigg on input line 724.
LaTeX Info: Redefining \Bigg on input line 725.
\big@size=\dimen256
LaTeX Font Info:    Redeclaring font encoding OML on input line 743.
LaTeX Font Info:    Redeclaring font encoding OMS on input line 744.
\macc@depth=\count433
LaTeX Info: Redefining \bmod on input line 905.
LaTeX Info: Redefining \pmod on input line 910.
LaTeX Info: Redefining \smash on input line 940.
LaTeX Info: Redefining \relbar on input line 970.
LaTeX Info: Redefining \Relbar on input line 971.
\c@MaxMatrixCols=\count434
\dotsspace@=\muskip21
\c@parentequation=\count435
\dspbrk@lvl=\count436
\tag@help=\toks28
\row@=\count437
\column@=\count438
\maxfields@=\count439
\andhelp@=\toks29
\eqnshift@=\dimen257
\alignsep@=\dimen258
\tagshift@=\dimen259
\tagwidth@=\dimen260
\totwidth@=\dimen261
\lineht@=\dimen262
\@envbody=\toks30
\multlinegap=\skip81
\multlinetaggap=\skip82
\mathdisplay@stack=\toks31
LaTeX Info: Redefining \[ on input line 2953.
LaTeX Info: Redefining \] on input line 2954.
)
(C:/Users/andre/AppData/Local/Programs/MiKTeX/tex/latex/amsfonts/amsfonts.sty
Package: amsfonts 2013/01/14 v3.01 Basic AMSFonts support
\symAMSa=\mathgroup4
\symAMSb=\mathgroup5
LaTeX Font Info:    Redeclaring math symbol \hbar on input line 98.
LaTeX Font Info:    Overwriting math alphabet `\mathfrak' in version `bold'
(Font)                  U/euf/m/n --> U/euf/b/n on input line 106.
)
(C:/Users/andre/AppData/Local/Programs/MiKTeX/tex/latex/amsfonts/amssymb.sty
Package: amssymb 2013/01/14 v3.01 AMS font symbols
)
(C:/Users/andre/AppData/Local/Programs/MiKTeX/tex/latex/jknappen/mathrsfs.sty
Package: mathrsfs 1996/01/01 Math RSFS package v1.0 (jk)
\symrsfs=\mathgroup6
)
(C:/Users/andre/AppData/Local/Programs/MiKTeX/tex/latex/imakeidx/imakeidx.sty
Package: imakeidx 2016/10/15 v1.3e Package for typesetting indices in a synchro
nous mode

(C:/Users/andre/AppData/Local/Programs/MiKTeX/tex/latex/xkeyval/xkeyval.sty
Package: xkeyval 2022/06/16 v2.9 package option processing (HA)

(C:/Users/andre/AppData/Local/Programs/MiKTeX/tex/generic/xkeyval/xkeyval.tex
(C:/Users/andre/AppData/Local/Programs/MiKTeX/tex/generic/xkeyval/xkvutils.tex
\XKV@toks=\toks32
\XKV@tempa@toks=\toks33
)
\XKV@depth=\count440
File: xkeyval.tex 2014/12/03 v2.7a key=value parser (HA)
)) (C:/Users/andre/AppData/Local/Programs/MiKTeX/tex/generic/iftex/ifxetex.sty
Package: ifxetex 2019/10/25 v0.7 ifxetex legacy package. Use iftex instead.
) (C:/Users/andre/AppData/Local/Programs/MiKTeX/tex/generic/iftex/ifluatex.sty
Package: ifluatex 2019/10/25 v1.5 ifluatex legacy package. Use iftex instead.
)
(C:/Users/andre/AppData/Local/Programs/MiKTeX/tex/latex/tools/multicol.sty
Package: multicol 2023/03/30 v1.9f multicolumn formatting (FMi)
\c@tracingmulticols=\count441
\mult@box=\box85
\multicol@leftmargin=\dimen263
\c@unbalance=\count442
\c@collectmore=\count443
\doublecol@number=\count444
\multicoltolerance=\count445
\multicolpretolerance=\count446
\full@width=\dimen264
\page@free=\dimen265
\premulticols=\dimen266
\postmulticols=\dimen267
\multicolsep=\skip83
\multicolbaselineskip=\skip84
\partial@page=\box86
\last@line=\box87
\mc@boxedresult=\box88
\maxbalancingoverflow=\dimen268
\mult@rightbox=\box89
\mult@grightbox=\box90
\mult@firstbox=\box91
\mult@gfirstbox=\box92
\@tempa=\box93
\@tempa=\box94
\@tempa=\box95
\@tempa=\box96
\@tempa=\box97
\@tempa=\box98
\@tempa=\box99
\@tempa=\box100
\@tempa=\box101
\@tempa=\box102
\@tempa=\box103
\@tempa=\box104
\@tempa=\box105
\@tempa=\box106
\@tempa=\box107
\@tempa=\box108
\@tempa=\box109
\@tempa=\box110
\@tempa=\box111
\@tempa=\box112
\@tempa=\box113
\@tempa=\box114
\@tempa=\box115
\@tempa=\box116
\@tempa=\box117
\@tempa=\box118
\@tempa=\box119
\@tempa=\box120
\@tempa=\box121
\@tempa=\box122
\@tempa=\box123
\@tempa=\box124
\@tempa=\box125
\@tempa=\box126
\@tempa=\box127
\@tempa=\box128
\c@minrows=\count447
\c@columnbadness=\count448
\c@finalcolumnbadness=\count449
\last@try=\dimen269
\multicolovershoot=\dimen270
\multicolundershoot=\dimen271
\mult@nat@firstbox=\box129
\colbreak@box=\box130
\mc@col@check@num=\count450
))
\project@idxfile=\write4

\openout4 = project.idx

Writing index file project.idx
(C:/Users/andre/AppData/Local/Programs/MiKTeX/tex/latex/hyperref/hyperref.sty
Package: hyperref 2023-06-25 v7.01a Hypertext links for LaTeX

(C:/Users/andre/AppData/Local/Programs/MiKTeX/tex/generic/kvdefinekeys/kvdefine
keys.sty
Package: kvdefinekeys 2019-12-19 v1.6 Define keys (HO)
)
(C:/Users/andre/AppData/Local/Programs/MiKTeX/tex/generic/pdfescape/pdfescape.s
ty
Package: pdfescape 2019/12/09 v1.15 Implements pdfTeX's escape features (HO)
) (C:/Users/andre/AppData/Local/Programs/MiKTeX/tex/latex/hycolor/hycolor.sty
Package: hycolor 2020-01-27 v1.10 Color options for hyperref/bookmark (HO)
)
(C:/Users/andre/AppData/Local/Programs/MiKTeX/tex/latex/letltxmacro/letltxmacro
.sty
Package: letltxmacro 2019/12/03 v1.6 Let assignment for LaTeX macros (HO)
)
(C:/Users/andre/AppData/Local/Programs/MiKTeX/tex/latex/auxhook/auxhook.sty
Package: auxhook 2019-12-17 v1.6 Hooks for auxiliary files (HO)
)
(C:/Users/andre/AppData/Local/Programs/MiKTeX/tex/latex/hyperref/nameref.sty
Package: nameref 2023-06-18 v2.52 Cross-referencing by name of section

(C:/Users/andre/AppData/Local/Programs/MiKTeX/tex/latex/refcount/refcount.sty
Package: refcount 2019/12/15 v3.6 Data extraction from label references (HO)
)
(C:/Users/andre/AppData/Local/Programs/MiKTeX/tex/generic/gettitlestring/gettit
lestring.sty
Package: gettitlestring 2019/12/15 v1.6 Cleanup title references (HO)
)
\c@section@level=\count451
)
\@linkdim=\dimen272
\Hy@linkcounter=\count452
\Hy@pagecounter=\count453

(C:/Users/andre/AppData/Local/Programs/MiKTeX/tex/latex/hyperref/pd1enc.def
File: pd1enc.def 2023-06-25 v7.01a Hyperref: PDFDocEncoding definition (HO)
)
(C:/Users/andre/AppData/Local/Programs/MiKTeX/tex/generic/intcalc/intcalc.sty
Package: intcalc 2019/12/15 v1.3 Expandable calculations with integers (HO)
)
\Hy@SavedSpaceFactor=\count454

(C:/Users/andre/AppData/Local/Programs/MiKTeX/tex/latex/hyperref/puenc.def
File: puenc.def 2023-06-25 v7.01a Hyperref: PDF Unicode definition (HO)
)
Package hyperref Info: Option `colorlinks' set `true' on input line 4050.
Package hyperref Info: Hyper figures OFF on input line 4167.
Package hyperref Info: Link nesting OFF on input line 4172.
Package hyperref Info: Hyper index ON on input line 4175.
Package hyperref Info: Plain pages OFF on input line 4182.
Package hyperref Info: Backreferencing OFF on input line 4187.
Package hyperref Info: Implicit mode ON; LaTeX internals redefined.
Package hyperref Info: Bookmarks ON on input line 4434.
\c@Hy@tempcnt=\count455
LaTeX Info: Redefining \url on input line 4772.
\XeTeXLinkMargin=\dimen273

(C:/Users/andre/AppData/Local/Programs/MiKTeX/tex/generic/bitset/bitset.sty
Package: bitset 2019/12/09 v1.3 Handle bit-vector datatype (HO)

(C:/Users/andre/AppData/Local/Programs/MiKTeX/tex/generic/bigintcalc/bigintcalc
.sty
Package: bigintcalc 2019/12/15 v1.5 Expandable calculations on big integers (HO
)
))
\Fld@menulength=\count456
\Field@Width=\dimen274
\Fld@charsize=\dimen275
Package hyperref Info: Hyper figures OFF on input line 6051.
Package hyperref Info: Link nesting OFF on input line 6056.
Package hyperref Info: Hyper index ON on input line 6059.
Package hyperref Info: backreferencing OFF on input line 6066.
Package hyperref Info: Link coloring ON on input line 6069.
Package hyperref Info: Link coloring with OCG OFF on input line 6076.
Package hyperref Info: PDF/A mode OFF on input line 6081.

(C:/Users/andre/AppData/Local/Programs/MiKTeX/tex/latex/base/atbegshi-ltx.sty
Package: atbegshi-ltx 2021/01/10 v1.0c Emulation of the original atbegshi
package with kernel methods
)
\Hy@abspage=\count457
\c@Item=\count458
\c@Hfootnote=\count459
)
Package hyperref Info: Driver (autodetected): hluatex.
(C:/Users/andre/AppData/Local/Programs/MiKTeX/tex/latex/hyperref/hluatex.def
File: hluatex.def 2023-06-25 v7.01a Hyperref driver for luaTeX

(C:/Users/andre/AppData/Local/Programs/MiKTeX/tex/generic/stringenc/stringenc.s
ty
Package: stringenc 2019/11/29 v1.12 Convert strings between diff. encodings (HO
)
)
(C:/Users/andre/AppData/Local/Programs/MiKTeX/tex/latex/base/atveryend-ltx.sty
Package: atveryend-ltx 2020/08/19 v1.0a Emulation of the original atveryend pac
kage
with kernel methods
)
\Fld@listcount=\count460
\c@bookmark@seq@number=\count461

(C:/Users/andre/AppData/Local/Programs/MiKTeX/tex/latex/rerunfilecheck/rerunfil
echeck.sty
Package: rerunfilecheck 2022-07-10 v1.10 Rerun checks for auxiliary files (HO)

(C:/Users/andre/AppData/Local/Programs/MiKTeX/tex/generic/uniquecounter/uniquec
ounter.sty
Package: uniquecounter 2019/12/15 v1.4 Provide unlimited unique counter (HO)
)
Package uniquecounter Info: New unique counter `rerunfilecheck' on input line 2
85.
)
\Hy@SectionHShift=\skip85
)
(C:/Users/andre/AppData/Local/Programs/MiKTeX/tex/latex/amscls/amsthm.sty
Package: amsthm 2020/05/29 v2.20.6
\thm@style=\toks34
\thm@bodyfont=\toks35
\thm@headfont=\toks36
\thm@notefont=\toks37
\thm@headpunct=\toks38
\thm@preskip=\skip86
\thm@postskip=\skip87
\thm@headsep=\skip88
\dth@everypar=\toks39
)
\c@definition=\count462
Package csquotes Info: Checking for multilingual support...
Package csquotes Info: ... found 'babel' package.
Package csquotes Info: Adjusting default style.
Package csquotes Info: Redefining alias 'default' -> 'brazilian'.
LaTeX Font Info:    Trying to load font information for T1+ppl on input line 18
1.

(C:/Users/andre/AppData/Local/Programs/MiKTeX/tex/latex/psnfss/t1ppl.fd
File: t1ppl.fd 2001/06/04 font definitions for T1/ppl.
)
(./project.aux)
\openout1 = project.aux

LaTeX Font Info:    Checking defaults for OML/cmm/m/it on input line 181.
LaTeX Font Info:    ... okay on input line 181.
LaTeX Font Info:    Checking defaults for OMS/cmsy/m/n on input line 181.
LaTeX Font Info:    ... okay on input line 181.
LaTeX Font Info:    Checking defaults for OT1/cmr/m/n on input line 181.
LaTeX Font Info:    ... okay on input line 181.
LaTeX Font Info:    Checking defaults for T1/cmr/m/n on input line 181.
LaTeX Font Info:    ... okay on input line 181.
LaTeX Font Info:    Checking defaults for TS1/cmr/m/n on input line 181.
LaTeX Font Info:    Trying to load font information for TS1+cmr on input line 1
81.

(C:/Users/andre/AppData/Local/Programs/MiKTeX/tex/latex/base/ts1cmr.fd
File: ts1cmr.fd 2023/04/13 v2.5m Standard LaTeX font definitions
)
LaTeX Font Info:    ... okay on input line 181.
LaTeX Font Info:    Checking defaults for TU/lmr/m/n on input line 181.
LaTeX Font Info:    ... okay on input line 181.
LaTeX Font Info:    Checking defaults for OMX/cmex/m/n on input line 181.
LaTeX Font Info:    ... okay on input line 181.
LaTeX Font Info:    Checking defaults for U/cmr/m/n on input line 181.
LaTeX Font Info:    ... okay on input line 181.
LaTeX Font Info:    Checking defaults for PD1/pdf/m/n on input line 181.
LaTeX Font Info:    ... okay on input line 181.
LaTeX Font Info:    Checking defaults for PU/pdf/m/n on input line 181.
LaTeX Font Info:    ... okay on input line 181.

*geometry* driver: auto-detecting
*geometry* detected driver: luatex
*geometry* verbose mode - [ preamble ] result:
* driver: luatex
* paper: a4paper
* layout: <same size as paper>
* layoutoffset:(h,v)=(0.0pt,0.0pt)
* modes: 
* h-part:(L,W,R)=(85.35826pt, 426.79135pt, 85.35826pt)
* v-part:(T,H,B)=(85.35826pt, 674.33032pt, 85.35826pt)
* \paperwidth=597.50787pt
* \paperheight=845.04684pt
* \textwidth=426.79135pt
* \textheight=674.33032pt
* \oddsidemargin=13.08827pt
* \evensidemargin=13.08827pt
* \topmargin=-23.91173pt
* \headheight=12.0pt
* \headsep=25.0pt
* \topskip=12.0pt
* \footskip=30.0pt
* \marginparwidth=44.0pt
* \marginparsep=10.0pt
* \columnsep=10.0pt
* \skip\footins=28.45274pt
* \hoffset=0.0pt
* \voffset=0.0pt
* \mag=1000
* \@twocolumnfalse
* \@twosidefalse
* \@mparswitchfalse
* \@reversemarginfalse
* (1in=72.27pt=25.4mm, 1cm=28.453pt)


(C:/Users/andre/AppData/Local/Programs/MiKTeX/tex/context/base/mkii/supp-pdf.mk
ii
[Loading MPS to PDF converter (version 2006.09.02).]
\scratchcounter=\count463
\scratchdimen=\dimen276
\scratchbox=\box131
\nofMPsegments=\count464
\nofMParguments=\count465
\everyMPshowfont=\toks40
\MPscratchCnt=\count466
\MPscratchDim=\dimen277
\MPnumerator=\count467
\makeMPintoPDFobject=\count468
\everyMPtoPDFconversion=\toks41
)
Package biblatex Info: Trying to load language 'brazilian' -> 'brazilian-abnt'.
..
Package biblatex Info: ... file 'brazilian-abnt.lbx' found.

(C:/Users/andre/AppData/Local/Programs/MiKTeX/tex/latex/biblatex-abnt/lbx/brazi
lian-abnt.lbx
File: brazilian-abnt.lbx 2018-11-17 v3.4 ABNT BibLaTeX citation style
Package biblatex Info: Trying to load language 'brazilian'...
Package biblatex Info: ... file 'brazilian.lbx' found.

(C:/Users/andre/AppData/Local/Programs/MiKTeX/tex/latex/biblatex/lbx/brazilian.
lbx
File: brazilian.lbx 2023/03/05 v3.19 biblatex localization (PK/MW)
)
Package biblatex Info: Trying to load language 'brazilian'...
Package biblatex Info: ... file 'brazilian.lbx' found.

(C:/Users/andre/AppData/Local/Programs/MiKTeX/tex/latex/biblatex/lbx/brazilian.
lbx
File: brazilian.lbx 2023/03/05 v3.19 biblatex localization (PK/MW)
)
Package biblatex Info: Trying to load language 'brazil' -> 'brazil-abnt'...
Package biblatex Info: ... file 'brazil-abnt.lbx' found.

(C:/Users/andre/AppData/Local/Programs/MiKTeX/tex/latex/biblatex-abnt/lbx/brazi
l-abnt.lbx
File: brazil-abnt.lbx 2018-11-17 v3.4 ABNT BibLaTeX citation style


Package biblatex Warning: File 'brazilian-abnt-abnt.lbx' not found!
(biblatex)                Ignoring mapping 'brazilian-abnt' -> 'brazilian-abnt-
abnt'.

Package biblatex Info: Trying to load language 'brazilian-abnt'...
Package biblatex Info: ... file 'brazilian-abnt.lbx' found.

(C:/Users/andre/AppData/Local/Programs/MiKTeX/tex/latex/biblatex-abnt/lbx/brazi
lian-abnt.lbx
File: brazilian-abnt.lbx 2018-11-17 v3.4 ABNT BibLaTeX citation style
Package biblatex Info: Trying to load language 'brazilian'...
Package biblatex Info: ... file 'brazilian.lbx' found.

(C:/Users/andre/AppData/Local/Programs/MiKTeX/tex/latex/biblatex/lbx/brazilian.
lbx
File: brazilian.lbx 2023/03/05 v3.19 biblatex localization (PK/MW)
)
Package biblatex Info: Trying to load language 'brazil'...
Package biblatex Info: ... file 'brazil.lbx' found.

(C:/Users/andre/AppData/Local/Programs/MiKTeX/tex/latex/biblatex/lbx/brazil.lbx
File: brazil.lbx 2023/03/05 v3.19 biblatex localization (PK/MW)
Package biblatex Info: Trying to load language 'brazilian'...
Package biblatex Info: ... file 'brazilian.lbx' found.

(C:/Users/andre/AppData/Local/Programs/MiKTeX/tex/latex/biblatex/lbx/brazilian.
lbx
File: brazilian.lbx 2023/03/05 v3.19 biblatex localization (PK/MW)
)))))
Package biblatex Info: Trying to load language 'english' -> 'english-abnt'...
Package biblatex Info: ... file 'english-abnt.lbx' found.

(C:/Users/andre/AppData/Local/Programs/MiKTeX/tex/latex/biblatex-abnt/lbx/engli
sh-abnt.lbx
File: english-abnt.lbx 2018-11-17 v3.4 ABNT BibLaTeX citation style
Package biblatex Info: Trying to load language 'english'...
Package biblatex Info: ... file 'english.lbx' found.

(C:/Users/andre/AppData/Local/Programs/MiKTeX/tex/latex/biblatex/lbx/english.lb
x
File: english.lbx 2023/03/05 v3.19 biblatex localization (PK/MW)
)
Package biblatex Info: Trying to load language 'english'...
Package biblatex Info: ... file 'english.lbx' found.

(C:/Users/andre/AppData/Local/Programs/MiKTeX/tex/latex/biblatex/lbx/english.lb
x
File: english.lbx 2023/03/05 v3.19 biblatex localization (PK/MW)
)
Package biblatex Info: Trying to load language 'english'...
Package biblatex Info: ... file 'english.lbx' found.

(C:/Users/andre/AppData/Local/Programs/MiKTeX/tex/latex/biblatex/lbx/english.lb
x
File: english.lbx 2023/03/05 v3.19 biblatex localization (PK/MW)
))
Package biblatex Info: LuaTeX detected.
(biblatex)             Assuming input encoding 'utf8'.
Package biblatex Info: Automatic encoding selection.
(biblatex)             Assuming data encoding 'utf8'.

\openout3 = project.bcf
Package biblatex Info: Trying to load bibliographic data...
Package biblatex Info: ... file 'project.bbl' found.
 (./project.bbl)
Package biblatex Info: Reference section=0 on input line 181.
Package biblatex Info: Reference segment=0 on input line 181.

(C:/Users/andre/AppData/Local/Programs/MiKTeX/tex/latex/ninecolors/ninecolors.s
ty
Package: ninecolors 2022-02-13 vv2022D Select colors with proper color contrast

)
Package hyperref Info: Link coloring ON on input line 181.
 (./project.out) (./project.out)
\@outlinefile=\write5

\openout5 = project.out
LaTeX Font Info:    Trying to load font information for U+msa on input line 185
.

(C:/Users/andre/AppData/Local/Programs/MiKTeX/tex/latex/amsfonts/umsa.fd
File: umsa.fd 2013/01/14 v3.01 AMS symbols A
)
LaTeX Font Info:    Trying to load font information for U+msb on input line 185
.

(C:/Users/andre/AppData/Local/Programs/MiKTeX/tex/latex/amsfonts/umsb.fd
File: umsb.fd 2013/01/14 v3.01 AMS symbols B
)
LaTeX Font Info:    Trying to load font information for U+rsfs on input line 18
5.

(C:/Users/andre/AppData/Local/Programs/MiKTeX/tex/latex/jknappen/ursfs.fd
File: ursfs.fd 1998/03/24 rsfs font definition file (jk)
)
LaTeX Font Info:    Trying to load font information for TS1+ppl on input line 1
85.

(C:/Users/andre/AppData/Local/Programs/MiKTeX/tex/latex/psnfss/ts1ppl.fd
File: ts1ppl.fd 2001/06/04 font definitions for TS1/ppl.
)
[1

{C:/Users/andre/AppData/Local/MiKTeX/fonts/map/pdftex/pdftex.map}] [2]
[3] (./project.toc)
\tf@toc=\write6

\openout6 = project.toc
 [4] [5] [6] [7] [8] [9]
LaTeX Font Info:    Trying to load font information for T1+pcr on input line 29
2.

(C:/Users/andre/AppData/Local/Programs/MiKTeX/tex/latex/psnfss/t1pcr.fd
File: t1pcr.fd 2001/06/04 font definitions for T1/pcr.
)
[10] [11] [12] [13] [14] [15] [16] [17]
> Step: init table outer spec.
> Step: parse table options.
> Step: split table.
> Step: init table inner spec.
> Step: parse table inner spec.
> Step: execute table commands.
> Step: calculate cell and line sizes.
> Step: build the whole table.
 [18] [19] [20] [21] [22] (./project.aux)
 ***********
LaTeX2e <2023-06-01> patch level 1
L3 programming layer <2020/03/25>
 ***********


LaTeX Warning: There were undefined references.

Package rerunfilecheck Info: File `project.out' has not changed.
(rerunfilecheck)             Checksum: DECD2372DB80895FAEB949B0B9ABA9BB;2495.

Package biblatex Warning: Please (re)run Biber on the file:
(biblatex)                project
(biblatex)                and rerun LaTeX afterwards.

Package logreq Info: Writing requests to 'project.run.xml'.

\openout1 = project.run.xml
)

Here is how much of LuaTeX's memory you used:
 25795 strings out of 477545
 195582,1977958 words of node,token memory allocated
 831 words of node memory still in use:
   7 hlist, 2 vlist, 2 rule, 14 glue, 4 kern, 1 glyph, 43 attribute, 74 glue_spe
c, 23 attribute_list, 1 write, 6 pdf_action nodes
   avail lists: 1:5,2:11682,3:977,4:150,5:241,6:360,7:8610,8:103,9:6928,10:59,11
:607
 46122 multiletter control sequences out of 65536+600000
 130 fonts using 8325615 bytes
 84i,11n,112p,1117b,4099s stack positions out of 10000i,1000n,20000p,200000b,200000s
{C:/Users/andre/AppData/Local/Programs/MiKTeX/fonts/enc/dvips/base/8r.enc}<C:/Us
ers/andre/AppData/Local/Programs/MiKTeX/fonts/type1/public/amsfonts/cm/cmbx10.pf
b><C:/Users/andre/AppData/Local/Programs/MiKTeX/fonts/type1/public/amsfonts/cm/c
mbx12.pfb><C:/Users/andre/AppData/Local/Programs/MiKTeX/fonts/type1/public/amsfo
nts/cm/cmmi12.pfb><C:/Users/andre/AppData/Local/Programs/MiKTeX/fonts/type1/publ
ic/amsfonts/cm/cmmi7.pfb><C:/Users/andre/AppData/Local/Programs/MiKTeX/fonts/typ
e1/public/amsfonts/cm/cmmi8.pfb><C:/Users/andre/AppData/Local/Programs/MiKTeX/fo
nts/type1/public/amsfonts/cm/cmmib10.pfb><C:/Users/andre/AppData/Local/Programs/
MiKTeX/fonts/type1/public/amsfonts/cmextra/cmmib7.pfb><C:/Users/andre/AppData/Lo
cal/Programs/MiKTeX/fonts/type1/public/amsfonts/cm/cmr10.pfb><C:/Users/andre/App
Data/Local/Programs/MiKTeX/fonts/type1/public/amsfonts/cm/cmr12.pfb><C:/Users/an
dre/AppData/Local/Programs/MiKTeX/fonts/type1/public/amsfonts/cm/cmr8.pfb><C:/Us
ers/andre/AppData/Local/Programs/MiKTeX/fonts/type1/public/amsfonts/cm/cmsy10.pf
b><C:/Users/andre/AppData/Local/Programs/MiKTeX/fonts/type1/urw/courier/ucrr8a.p
fb><C:/Users/andre/AppData/Local/Programs/MiKTeX/fonts/type1/urw/palatino/uplb8a
.pfb><C:/Users/andre/AppData/Local/Programs/MiKTeX/fonts/type1/urw/palatino/uplr
8a.pfb><C:/Users/andre/AppData/Local/Programs/MiKTeX/fonts/type1/urw/palatino/up
lri8a.pfb>
Output written on project.pdf (22 pages, 261594 bytes).

PDF statistics: 452 PDF objects out of 1000 (max. 8388607)
 79 named destinations out of 1000 (max. 131072)
 137 words of extra memory for PDF output out of 10000 (max. 100000000)

